Copyright 1986-2017 Xilinx, Inc. All Rights Reserved.
-------------------------------------------------------------------------------------------------------------------------------
| Tool Version     : Vivado v.2017.4 (win64) Build 2086221 Fri Dec 15 20:55:39 MST 2017
| Date             : Thu May 25 00:07:38 2023
| Host             : LAPTOP-7GOEKSIJ running 64-bit major release  (build 9200)
| Command          : report_power -file Top_power_routed.rpt -pb Top_power_summary_routed.pb -rpx Top_power_routed.rpx
| Design           : Top
| Device           : xc7a35tcsg324-1
| Design State     : routed
| Grade            : commercial
| Process          : typical
| Characterization : Production
-------------------------------------------------------------------------------------------------------------------------------

Power Report

Table of Contents
-----------------
1. Summary
1.1 On-Chip Components
1.2 Power Supply Summary
1.3 Confidence Level
2. Settings
2.1 Environment
2.2 Clock Constraints
3. Detailed Reports
3.1 By Hierarchy

1. Summary
----------

+--------------------------+----------------------------------+
| Total On-Chip Power (W)  | 46.854 (Junction temp exceeded!) |
| Design Power Budget (W)  | Unspecified*                     |
| Power Budget Margin (W)  | NA                               |
| Dynamic (W)              | 46.350                           |
| Device Static (W)        | 0.504                            |
| Effective TJA (C/W)      | 4.8                              |
| Max Ambient (C)          | 0.0                              |
| Junction Temperature (C) | 125.0                            |
| Confidence Level         | Low                              |
| Setting File             | ---                              |
| Simulation Activity File | ---                              |
| Design Nets Matched      | NA                               |
+--------------------------+----------------------------------+
* Specify Design Power Budget using, set_operating_conditions -design_power_budget <value in Watts>


1.1 On-Chip Components
----------------------

+-------------------------+-----------+----------+-----------+-----------------+
| On-Chip                 | Power (W) | Used     | Available | Utilization (%) |
+-------------------------+-----------+----------+-----------+-----------------+
| Slice Logic             |    17.388 |     4345 |       --- |             --- |
|   LUT as Logic          |    16.832 |     1966 |     20800 |            9.45 |
|   CARRY4                |     0.195 |       48 |      8150 |            0.59 |
|   F7/F8 Muxes           |     0.178 |      354 |     32600 |            1.09 |
|   Register              |     0.155 |     1524 |     41600 |            3.66 |
|   BUFG                  |     0.028 |        5 |        32 |           15.63 |
|   LUT as Shift Register |    <0.001 |       10 |      9600 |            0.10 |
|   Others                |     0.000 |      128 |       --- |             --- |
| Signals                 |    20.196 |     3604 |       --- |             --- |
| Block RAM               |     1.922 |       29 |        50 |           58.00 |
| PLL                     |     3.334 |        1 |         5 |           20.00 |
| I/O                     |     3.509 |       52 |       210 |           24.76 |
| Static Power            |     0.504 |          |           |                 |
| Total                   |    46.854 |          |           |                 |
+-------------------------+-----------+----------+-----------+-----------------+


1.2 Power Supply Summary
------------------------

+-----------+-------------+-----------+-------------+------------+
| Source    | Voltage (V) | Total (A) | Dynamic (A) | Static (A) |
+-----------+-------------+-----------+-------------+------------+
| Vccint    |       1.000 |    40.219 |      39.869 |      0.350 |
| Vccaux    |       1.800 |     1.772 |       1.719 |      0.053 |
| Vcco33    |       3.300 |     0.977 |       0.976 |      0.001 |
| Vcco25    |       2.500 |     0.000 |       0.000 |      0.000 |
| Vcco18    |       1.800 |     0.000 |       0.000 |      0.000 |
| Vcco15    |       1.500 |     0.000 |       0.000 |      0.000 |
| Vcco135   |       1.350 |     0.000 |       0.000 |      0.000 |
| Vcco12    |       1.200 |     0.000 |       0.000 |      0.000 |
| Vccaux_io |       1.800 |     0.000 |       0.000 |      0.000 |
| Vccbram   |       1.000 |     0.184 |       0.165 |      0.019 |
| MGTAVcc   |       1.000 |     0.000 |       0.000 |      0.000 |
| MGTAVtt   |       1.200 |     0.000 |       0.000 |      0.000 |
| Vccadc    |       1.800 |     0.020 |       0.000 |      0.020 |
+-----------+-------------+-----------+-------------+------------+


1.3 Confidence Level
--------------------

+-----------------------------+------------+--------------------------------------------------------+--------------------------------------------------------------------------------------------------------------------+
| User Input Data             | Confidence | Details                                                | Action                                                                                                             |
+-----------------------------+------------+--------------------------------------------------------+--------------------------------------------------------------------------------------------------------------------+
| Design implementation state | High       | Design is routed                                       |                                                                                                                    |
| Clock nodes activity        | Low        | User specified less than 75% of clocks                 | Provide missing clock activity with a constraint file, simulation results or by editing the "By Clock Domain" view |
| I/O nodes activity          | Low        | More than 75% of inputs are missing user specification | Provide missing input activity with simulation results or by editing the "By Resource Type -> I/Os" view           |
| Internal nodes activity     | Medium     | User specified less than 25% of internal nodes         | Provide missing internal nodes activity with simulation results or by editing the "By Resource Type" views         |
| Device models               | High       | Device models are Production                           |                                                                                                                    |
|                             |            |                                                        |                                                                                                                    |
| Overall confidence level    | Low        |                                                        |                                                                                                                    |
+-----------------------------+------------+--------------------------------------------------------+--------------------------------------------------------------------------------------------------------------------+


2. Settings
-----------

2.1 Environment
---------------

+-----------------------+--------------------------+
| Ambient Temp (C)      | 25.0                     |
| ThetaJA (C/W)         | 4.8                      |
| Airflow (LFM)         | 250                      |
| Heat Sink             | medium (Medium Profile)  |
| ThetaSA (C/W)         | 4.6                      |
| Board Selection       | medium (10"x10")         |
| # of Board Layers     | 12to15 (12 to 15 Layers) |
| Board Temperature (C) | 25.0                     |
+-----------------------+--------------------------+


2.2 Clock Constraints
---------------------

+-------+--------+-----------------+
| Clock | Domain | Constraint (ns) |
+-------+--------+-----------------+


3. Detailed Reports
-------------------

3.1 By Hierarchy
----------------

+---------------------------------------------------------------------------------+-----------+
| Name                                                                            | Power (W) |
+---------------------------------------------------------------------------------+-----------+
| Top                                                                             |    46.350 |
|   cclk                                                                          |     3.435 |
|     inst                                                                        |     3.435 |
|   dm                                                                            |     2.758 |
|     ram                                                                         |     2.025 |
|       U0                                                                        |     2.025 |
|         inst_blk_mem_gen                                                        |     2.025 |
|           gnbram.gnativebmg.native_blk_mem_gen                                  |     2.025 |
|             valid.cstr                                                          |     2.025 |
|               bindec_a.bindec_inst_a                                            |     0.065 |
|               has_mux_a.A                                                       |     0.570 |
|               ramloop[0].ram.r                                                  |     0.098 |
|                 prim_init.ram                                                   |     0.098 |
|               ramloop[10].ram.r                                                 |     0.049 |
|                 prim_init.ram                                                   |     0.049 |
|               ramloop[11].ram.r                                                 |     0.081 |
|                 prim_init.ram                                                   |     0.081 |
|               ramloop[12].ram.r                                                 |     0.063 |
|                 prim_init.ram                                                   |     0.063 |
|               ramloop[13].ram.r                                                 |     0.068 |
|                 prim_init.ram                                                   |     0.068 |
|               ramloop[14].ram.r                                                 |     0.045 |
|                 prim_init.ram                                                   |     0.045 |
|               ramloop[1].ram.r                                                  |     0.205 |
|                 prim_init.ram                                                   |     0.205 |
|               ramloop[2].ram.r                                                  |     0.204 |
|                 prim_init.ram                                                   |     0.204 |
|               ramloop[3].ram.r                                                  |     0.082 |
|                 prim_init.ram                                                   |     0.082 |
|               ramloop[4].ram.r                                                  |     0.105 |
|                 prim_init.ram                                                   |     0.105 |
|               ramloop[5].ram.r                                                  |     0.094 |
|                 prim_init.ram                                                   |     0.094 |
|               ramloop[6].ram.r                                                  |     0.046 |
|                 prim_init.ram                                                   |     0.046 |
|               ramloop[7].ram.r                                                  |     0.105 |
|                 prim_init.ram                                                   |     0.105 |
|               ramloop[8].ram.r                                                  |     0.080 |
|                 prim_init.ram                                                   |     0.080 |
|               ramloop[9].ram.r                                                  |     0.065 |
|                 prim_init.ram                                                   |     0.065 |
|   iff                                                                           |     1.498 |
|   l                                                                             |     0.000 |
|   pgr                                                                           |    22.316 |
|     instmem                                                                     |     4.779 |
|       U0                                                                        |     4.779 |
|         inst_blk_mem_gen                                                        |     4.779 |
|           gnbram.gnativebmg.native_blk_mem_gen                                  |     4.779 |
|             valid.cstr                                                          |     4.779 |
|               bindec_a.bindec_inst_a                                            |     0.027 |
|               has_mux_a.A                                                       |     2.975 |
|               ramloop[0].ram.r                                                  |     0.299 |
|                 prim_init.ram                                                   |     0.299 |
|               ramloop[10].ram.r                                                 |     0.020 |
|                 prim_init.ram                                                   |     0.020 |
|               ramloop[11].ram.r                                                 |     0.090 |
|                 prim_init.ram                                                   |     0.090 |
|               ramloop[12].ram.r                                                 |     0.043 |
|                 prim_init.ram                                                   |     0.043 |
|               ramloop[13].ram.r                                                 |     0.043 |
|                 prim_init.ram                                                   |     0.043 |
|               ramloop[14].ram.r                                                 |     0.019 |
|                 prim_init.ram                                                   |     0.019 |
|               ramloop[1].ram.r                                                  |     0.613 |
|                 prim_init.ram                                                   |     0.613 |
|               ramloop[2].ram.r                                                  |     0.255 |
|                 prim_init.ram                                                   |     0.255 |
|               ramloop[3].ram.r                                                  |     0.101 |
|                 prim_init.ram                                                   |     0.101 |
|               ramloop[4].ram.r                                                  |     0.049 |
|                 prim_init.ram                                                   |     0.049 |
|               ramloop[5].ram.r                                                  |     0.054 |
|                 prim_init.ram                                                   |     0.054 |
|               ramloop[6].ram.r                                                  |     0.023 |
|                 prim_init.ram                                                   |     0.023 |
|               ramloop[7].ram.r                                                  |     0.099 |
|                 prim_init.ram                                                   |     0.099 |
|               ramloop[8].ram.r                                                  |     0.037 |
|                 prim_init.ram                                                   |     0.037 |
|               ramloop[9].ram.r                                                  |     0.033 |
|                 prim_init.ram                                                   |     0.033 |
|   st                                                                            |     0.248 |
|   uart                                                                          |     1.547 |
|     inst                                                                        |     1.547 |
|       upg_inst                                                                  |     1.547 |
|         axi_uart_inst                                                           |     0.290 |
|           U0                                                                    |     0.290 |
|             AXI_LITE_IPIF_I                                                     |     0.093 |
|               I_SLAVE_ATTACHMENT                                                |     0.093 |
|                 I_DECODER                                                       |     0.038 |
|                   MEM_DECODE_GEN[0].PER_CE_GEN[0].MULTIPLE_CES_THIS_CS_GEN.CE_I |    <0.001 |
|                   MEM_DECODE_GEN[0].PER_CE_GEN[2].MULTIPLE_CES_THIS_CS_GEN.CE_I |    <0.001 |
|             UARTLITE_CORE_I                                                     |     0.197 |
|               BAUD_RATE_I                                                       |     0.049 |
|               UARTLITE_RX_I                                                     |     0.064 |
|                 DELAY_16_I                                                      |     0.012 |
|                 INPUT_DOUBLE_REGS3                                              |     0.009 |
|                 SRL_FIFO_I                                                      |     0.028 |
|                   I_SRL_FIFO_RBU_F                                              |     0.028 |
|                     CNTR_INCR_DECR_ADDN_F_I                                     |     0.028 |
|                     DYNSHREG_F_I                                                |    <0.001 |
|               UARTLITE_TX_I                                                     |     0.081 |
|                 MID_START_BIT_SRL16_I                                           |     0.001 |
|                 SRL_FIFO_I                                                      |     0.048 |
|                   I_SRL_FIFO_RBU_F                                              |     0.048 |
|                     CNTR_INCR_DECR_ADDN_F_I                                     |     0.038 |
|                     DYNSHREG_F_I                                                |     0.010 |
|   ude                                                                           |    11.276 |
|   ur                                                                            |     0.116 |
+---------------------------------------------------------------------------------+-----------+


