#-----------------------------------------------------------
# Vivado v2017.4 (64-bit)
# SW Build 2086221 on Fri Dec 15 20:55:39 MST 2017
# IP Build 2085800 on Fri Dec 15 22:25:07 MST 2017
# Start of session at: Wed May 24 23:23:42 2023
# Process ID: 8176
# Current directory: C:/Users/gmcc/Desktop/cpu1/CPU_1
# Command line: vivado.exe -gui_launcher_event rodinguilauncherevent6788 C:\Users\gmcc\Desktop\cpu1\CPU_1\CPU_1.xpr
# Log file: C:/Users/gmcc/Desktop/cpu1/CPU_1/vivado.log
# Journal file: C:/Users/gmcc/Desktop/cpu1/CPU_1\vivado.jou
#-----------------------------------------------------------
start_gui
open_project C:/Users/gmcc/Desktop/cpu1/CPU_1/CPU_1.xpr
INFO: [Project 1-313] Project file moved from 'C:/Users/gmcc/Desktop/CPU_1' since last save.
Scanning sources...
Finished scanning sources
INFO: [IP_Flow 19-234] Refreshing IP repositories
INFO: [IP_Flow 19-1700] Loaded user IP repository 'c:/Users/gmcc/Desktop/cpu1/CPU_1/CPU_1.srcs/sources_1/ip/SEU_CSE_507_user_uart_bmpg_1.3'.
INFO: [IP_Flow 19-2313] Loaded Vivado IP repository 'D:/Vivado/2017.4/data/ip'.
open_project: Time (s): cpu = 00:00:26 ; elapsed = 00:00:15 . Memory (MB): peak = 781.063 ; gain = 44.469
update_compile_order -fileset sources_1
reset_run synth_2
launch_runs impl_2 -to_step write_bitstream -jobs 4
[Wed May 24 23:32:26 2023] Launched synth_2...
Run output will be captured here: C:/Users/gmcc/Desktop/cpu1/CPU_1/CPU_1.runs/synth_2/runme.log
[Wed May 24 23:32:26 2023] Launched impl_2...
Run output will be captured here: C:/Users/gmcc/Desktop/cpu1/CPU_1/CPU_1.runs/impl_2/runme.log
reset_run synth_2
launch_runs impl_2 -to_step write_bitstream -jobs 4
[Wed May 24 23:38:05 2023] Launched synth_2...
Run output will be captured here: C:/Users/gmcc/Desktop/cpu1/CPU_1/CPU_1.runs/synth_2/runme.log
[Wed May 24 23:38:05 2023] Launched impl_2...
Run output will be captured here: C:/Users/gmcc/Desktop/cpu1/CPU_1/CPU_1.runs/impl_2/runme.log
reset_run impl_2 -prev_step 
launch_runs impl_2 -to_step write_bitstream -jobs 4
[Wed May 24 23:43:38 2023] Launched impl_2...
Run output will be captured here: C:/Users/gmcc/Desktop/cpu1/CPU_1/CPU_1.runs/impl_2/runme.log
set_property -dict [list CONFIG.PRIM_SOURCE {Global_buffer}] [get_ips cpuclk]
generate_target all [get_files  C:/Users/gmcc/Desktop/cpu1/CPU_1/CPU_1.srcs/sources_1/ip/cpuclk_2/cpuclk.xci]
INFO: [IP_Flow 19-1686] Generating 'Instantiation Template' target for IP 'cpuclk'...
INFO: [IP_Flow 19-1686] Generating 'Synthesis' target for IP 'cpuclk'...
INFO: [IP_Flow 19-1686] Generating 'Simulation' target for IP 'cpuclk'...
INFO: [IP_Flow 19-1686] Generating 'Implementation' target for IP 'cpuclk'...
INFO: [IP_Flow 19-1686] Generating 'Change Log' target for IP 'cpuclk'...
catch { config_ip_cache -export [get_ips -all cpuclk] }
export_ip_user_files -of_objects [get_files C:/Users/gmcc/Desktop/cpu1/CPU_1/CPU_1.srcs/sources_1/ip/cpuclk_2/cpuclk.xci] -no_script -sync -force -quiet
reset_run cpuclk_synth_1
launch_runs -jobs 4 cpuclk_synth_1
[Wed May 24 23:55:55 2023] Launched cpuclk_synth_1...
Run output will be captured here: C:/Users/gmcc/Desktop/cpu1/CPU_1/CPU_1.runs/cpuclk_synth_1/runme.log
export_simulation -of_objects [get_files C:/Users/gmcc/Desktop/cpu1/CPU_1/CPU_1.srcs/sources_1/ip/cpuclk_2/cpuclk.xci] -directory C:/Users/gmcc/Desktop/cpu1/CPU_1/CPU_1.ip_user_files/sim_scripts -ip_user_files_dir C:/Users/gmcc/Desktop/cpu1/CPU_1/CPU_1.ip_user_files -ipstatic_source_dir C:/Users/gmcc/Desktop/cpu1/CPU_1/CPU_1.ip_user_files/ipstatic -lib_map_path [list {modelsim=C:/Users/gmcc/Desktop/cpu1/CPU_1/CPU_1.cache/compile_simlib/modelsim} {questa=C:/Users/gmcc/Desktop/cpu1/CPU_1/CPU_1.cache/compile_simlib/questa} {riviera=C:/Users/gmcc/Desktop/cpu1/CPU_1/CPU_1.cache/compile_simlib/riviera} {activehdl=C:/Users/gmcc/Desktop/cpu1/CPU_1/CPU_1.cache/compile_simlib/activehdl}] -use_ip_compiled_libs -force -quiet
reset_run synth_2
launch_runs impl_2 -to_step write_bitstream -jobs 4
[Thu May 25 00:00:05 2023] Launched synth_2...
Run output will be captured here: C:/Users/gmcc/Desktop/cpu1/CPU_1/CPU_1.runs/synth_2/runme.log
[Thu May 25 00:00:05 2023] Launched impl_2...
Run output will be captured here: C:/Users/gmcc/Desktop/cpu1/CPU_1/CPU_1.runs/impl_2/runme.log
reset_run synth_2
launch_runs impl_2 -to_step write_bitstream -jobs 4
[Thu May 25 00:00:48 2023] Launched synth_2...
Run output will be captured here: C:/Users/gmcc/Desktop/cpu1/CPU_1/CPU_1.runs/synth_2/runme.log
[Thu May 25 00:00:48 2023] Launched impl_2...
Run output will be captured here: C:/Users/gmcc/Desktop/cpu1/CPU_1/CPU_1.runs/impl_2/runme.log
reset_run synth_2
INFO: [Common 17-41] Interrupt caught. Command should exit soon.
INFO: [Common 17-344] 'reset_run' was cancelled
launch_runs impl_2 -to_step write_bitstream -jobs 4
[Thu May 25 00:04:16 2023] Launched synth_2...
Run output will be captured here: C:/Users/gmcc/Desktop/cpu1/CPU_1/CPU_1.runs/synth_2/runme.log
[Thu May 25 00:04:16 2023] Launched impl_2...
Run output will be captured here: C:/Users/gmcc/Desktop/cpu1/CPU_1/CPU_1.runs/impl_2/runme.log
reset_run synth_2
WARNING: [Vivado 12-1017] Problems encountered:
1. PID not specified

launch_runs impl_2 -to_step write_bitstream -jobs 4
[Thu May 25 00:04:28 2023] Launched synth_2...
Run output will be captured here: C:/Users/gmcc/Desktop/cpu1/CPU_1/CPU_1.runs/synth_2/runme.log
[Thu May 25 00:04:28 2023] Launched impl_2...
Run output will be captured here: C:/Users/gmcc/Desktop/cpu1/CPU_1/CPU_1.runs/impl_2/runme.log
open_run impl_2
INFO: [Netlist 29-17] Analyzing 448 Unisim elements for replacement
INFO: [Netlist 29-28] Unisim Transformation completed in 0 CPU seconds
INFO: [Project 1-479] Netlist was created with Vivado 2017.4
INFO: [Device 21-403] Loading part xc7a35tcsg324-1
INFO: [Project 1-570] Preparing netlist for logic optimization
Parsing XDC File [C:/Users/gmcc/Desktop/cpu1/CPU_1/.Xil/Vivado-8176-LAPTOP-7GOEKSIJ/dcp24/Top_board.xdc]
Finished Parsing XDC File [C:/Users/gmcc/Desktop/cpu1/CPU_1/.Xil/Vivado-8176-LAPTOP-7GOEKSIJ/dcp24/Top_board.xdc]
Parsing XDC File [C:/Users/gmcc/Desktop/cpu1/CPU_1/.Xil/Vivado-8176-LAPTOP-7GOEKSIJ/dcp24/Top_early.xdc]
Finished Parsing XDC File [C:/Users/gmcc/Desktop/cpu1/CPU_1/.Xil/Vivado-8176-LAPTOP-7GOEKSIJ/dcp24/Top_early.xdc]
Parsing XDC File [C:/Users/gmcc/Desktop/cpu1/CPU_1/.Xil/Vivado-8176-LAPTOP-7GOEKSIJ/dcp24/Top.xdc]
Finished Parsing XDC File [C:/Users/gmcc/Desktop/cpu1/CPU_1/.Xil/Vivado-8176-LAPTOP-7GOEKSIJ/dcp24/Top.xdc]
Reading XDEF placement.
Reading placer database...
Reading XDEF routing.
Read XDEF File: Time (s): cpu = 00:00:00 ; elapsed = 00:00:00.442 . Memory (MB): peak = 1200.246 ; gain = 5.547
Restored from archive | CPU: 0.000000 secs | Memory: 0.000000 MB |
Finished XDEF File Restore: Time (s): cpu = 00:00:00 ; elapsed = 00:00:00.442 . Memory (MB): peak = 1200.246 ; gain = 5.547
INFO: [Project 1-111] Unisim Transformation Summary:
No Unisim elements were transformed.

open_run: Time (s): cpu = 00:00:23 ; elapsed = 00:00:13 . Memory (MB): peak = 1295.895 ; gain = 281.676
WARNING: [Timing 38-313] There are no user specified timing constraints. Timing constraints are needed for proper timing analysis.
exit
INFO: [Common 17-206] Exiting Vivado at Thu May 25 00:11:10 2023...
