#-----------------------------------------------------------
# Vivado v2017.4 (64-bit)
# SW Build 2086221 on Fri Dec 15 20:55:39 MST 2017
# IP Build 2085800 on Fri Dec 15 22:25:07 MST 2017
# Start of session at: Tue May 16 21:41:06 2023
# Process ID: 4416
# Current directory: C:/Users/Administrator/Desktop/CPU_1
# Command line: vivado.exe -gui_launcher_event rodinguilauncherevent3384 C:\Users\Administrator\Desktop\CPU_1\CPU_1.xpr
# Log file: C:/Users/Administrator/Desktop/CPU_1/vivado.log
# Journal file: C:/Users/Administrator/Desktop/CPU_1\vivado.jou
#-----------------------------------------------------------
start_gui
open_project C:/Users/Administrator/Desktop/CPU_1/CPU_1.xpr
INFO: [Project 1-313] Project file moved from 'D:/ProProject/CS202/Project/OK/CS202_2023S' since last save.
Scanning sources...
Finished scanning sources
INFO: [IP_Flow 19-234] Refreshing IP repositories
INFO: [IP_Flow 19-1704] No user IP repositories specified
INFO: [IP_Flow 19-2313] Loaded Vivado IP repository 'C:/Xilinx/Vivado/2017.4/data/ip'.
update_compile_order -fileset sources_1
update_compile_order -fileset sources_1
close [ open C:/Users/Administrator/Desktop/CPU_1/CPU_1.srcs/sources_1/new/cache.v w ]
add_files C:/Users/Administrator/Desktop/CPU_1/CPU_1.srcs/sources_1/new/cache.v
update_compile_order -fileset sources_1
set_property  ip_repo_paths  C:/Users/Administrator/Desktop/SEU_CSE_507_user_uart_bmpg_1.3 [current_project]
update_ip_catalog
INFO: [IP_Flow 19-234] Refreshing IP repositories
INFO: [IP_Flow 19-1700] Loaded user IP repository 'c:/Users/Administrator/Desktop/SEU_CSE_507_user_uart_bmpg_1.3'.
set_property  ip_repo_paths  {} [current_project]
update_ip_catalog
INFO: [IP_Flow 19-234] Refreshing IP repositories
INFO: [IP_Flow 19-1704] No user IP repositories specified
exit
INFO: [Common 17-206] Exiting Vivado at Tue May 16 22:43:29 2023...
