#-----------------------------------------------------------
# Vivado v2017.4 (64-bit)
# SW Build 2086221 on Fri Dec 15 20:55:39 MST 2017
# IP Build 2085800 on Fri Dec 15 22:25:07 MST 2017
# Start of session at: Fri May 26 23:07:11 2023
# Process ID: 1200
# Current directory: C:/Users/gmcc/Desktop/cpu1/CPU_1
# Command line: vivado.exe -gui_launcher_event rodinguilauncherevent8332 C:\Users\gmcc\Desktop\cpu1\CPU_1\CPU_1.xpr
# Log file: C:/Users/gmcc/Desktop/cpu1/CPU_1/vivado.log
# Journal file: C:/Users/gmcc/Desktop/cpu1/CPU_1\vivado.jou
#-----------------------------------------------------------
start_gui
open_project C:/Users/gmcc/Desktop/cpu1/CPU_1/CPU_1.xpr
Scanning sources...
Finished scanning sources
INFO: [IP_Flow 19-234] Refreshing IP repositories
INFO: [IP_Flow 19-1700] Loaded user IP repository 'c:/Users/gmcc/Desktop/cpu1/CPU_1/CPU_1.srcs/sources_1/ip/SEU_CSE_507_user_uart_bmpg_1.3'.
INFO: [IP_Flow 19-2313] Loaded Vivado IP repository 'D:/Vivado/2017.4/data/ip'.
open_project: Time (s): cpu = 00:00:16 ; elapsed = 00:00:08 . Memory (MB): peak = 794.250 ; gain = 64.133
update_compile_order -fileset sources_1
exit
INFO: [Common 17-206] Exiting Vivado at Fri May 26 23:08:27 2023...
