#-----------------------------------------------------------
# Vivado v2017.4 (64-bit)
# SW Build 2086221 on Fri Dec 15 20:55:39 MST 2017
# IP Build 2085800 on Fri Dec 15 22:25:07 MST 2017
# Start of session at: Tue May 23 18:47:47 2023
# Process ID: 10796
# Current directory: C:/Users/Administrator/Desktop/CPU_1
# Command line: vivado.exe -gui_launcher_event rodinguilauncherevent8140 C:\Users\Administrator\Desktop\CPU_1\CPU_1.xpr
# Log file: C:/Users/Administrator/Desktop/CPU_1/vivado.log
# Journal file: C:/Users/Administrator/Desktop/CPU_1\vivado.jou
#-----------------------------------------------------------
start_gui
open_project C:/Users/Administrator/Desktop/CPU_1/CPU_1.xpr
Scanning sources...
Finished scanning sources
INFO: [IP_Flow 19-234] Refreshing IP repositories
INFO: [IP_Flow 19-1700] Loaded user IP repository 'c:/Users/Administrator/Desktop/CPU_1/CPU_1.srcs/sources_1/ip/SEU_CSE_507_user_uart_bmpg_1.3'.
INFO: [IP_Flow 19-2313] Loaded Vivado IP repository 'C:/Xilinx/Vivado/2017.4/data/ip'.oopen_project: Time (s): cpu = 00:00:11 ; elapsed = 00:00:05 . Memory (MB): peak = 819.957 ; gain = 115.992
update_compile_order -fileset sources_reset_run impl_2
reset_run synth_2
WARNING: [Vivado 12-1017] Problems encountered:
1. Process appears to be on host '510-14' and cannot be killed from host '509-22'

exit
INFO: [Common 17-206] Exiting Vivado at Tue May 23 18:53:50 2023...
y 23 18:53:09 2023] Launched synth_2...
Run output will be captured here: C:/Users/Administrator/Desktop/CPU_1/CPU_1.runs/synth_2/runme.log
[Tue May 23 18:53:09 2023] Launched impl_2...
Run output will be captured here: C:/Users/Administrator/Desktop/CPU_1/CPU_1.runs/impl_2/runme.log
reset_run synth_2
WARNING: [Vivado 12-1017] Problems encountered:
1. Failed to delete one or more files in run directory C:/Users/Administrator/Desktop/CPU_1/CPU_1.runs/synth_2

launch_runs impl_2 -to_step write_bitstream -jobs 6
[Tue May 23 18:54:03 2023] Launched synth_2...
Run output will be captured here: C:/Users/Administrator/Desktop/CPU_1/CPU_1.runs/synth_2/runme.log
[Tue May 23 18:54:03 2023] Launched impl_2...
Run output will be captured here: C:/Users/Administrator/Desktop/CPU_1/CPU_1.runs/impl_2/runme.log
reset_run impl_2
reset_run synth_2
launch_runs impl_2 -to_step write_bitstream -jobs 6
[Tue May 23 18:55:13 2023] Launched synth_2...
Run output will be captured here: C:/Users/Administrator/Desktop/CPU_1/CPU_1.runs/synth_2/runme.log
[Tue May 23 18:55:13 2023] Launched impl_2...
Run output will be captured here: C:/Users/Administrator/Desktop/CPU_1/CPU_1.runs/impl_2/runme.log
reset_run impl_2
launch_runs impl_2 -to_step write_bitstream -jobs 6 -scripts_only
reset_run impl_2
reset_run synth_2
launch_runs impl_2 -to_step write_bitstream -jobs 6 -scripts_only
reset_run synth_2
launch_runs impl_2 -to_step write_bitstream -jobs 6
[Tue May 23 18:58:37 2023] Launched synth_2...
Run output will be captured here: C:/Users/Administrator/Desktop/CPU_1/CPU_1.runs/synth_2/runme.log
[Tue May 23 18:58:37 2023] Launched impl_2...
Run output will be captured here: C:/Users/Administrator/Desktop/CPU_1/CPU_1.runs/impl_2/runme.log
export_ip_user_files -of_objects  [get_files C:/Users/Administrator/Desktop/CPU_1/CPU_1.srcs/sources_1/ip/cpuclk_1/cpuclk.xci] -no_script -reset -force -quiet
remove_files  -fileset cpuclk C:/Users/Administrator/Desktop/CPU_1/CPU_1.srcs/sources_1/ip/cpuclk_1/cpuclk.xci
INFO: [Project 1-386] Moving file 'C:/Users/Administrator/Desktop/CPU_1/CPU_1.srcs/sources_1/ip/cpuclk_1/cpuclk.xci' from fileset 'cpuclk' to fileset 'sources_1'.
create_ip -name clk_wiz -vendor xilinx.com -library ip -version 5.4 -module_name cpuclk -dir c:/Users/Administrator/Desktop/CPU_1/CPU_1.srcs/sources_1/ip
set_property -dict [list CONFIG.Component_Name {cpuclk} CONFIG.PRIMITIVE {PLL} CONFIG.CLKOUT2_USED {true} CONFIG.CLKOUT1_REQUESTED_OUT_FREQ {20.000} CONFIG.CLKOUT2_REQUESTED_OUT_FREQ {10.000} CONFIG.USE_LOCKED {false} CONFIG.USE_RESET {false} CONFIG.CLKOUT1_DRIVES {BUFG} CONFIG.CLKOUT2_DRIVES {BUFG} CONFIG.CLKOUT3_DRIVES {BUFG} CONFIG.CLKOUT4_DRIVES {BUFG} CONFIG.CLKOUT5_DRIVES {BUFG} CONFIG.CLKOUT6_DRIVES {BUFG} CONFIG.CLKOUT7_DRIVES {BUFG} CONFIG.MMCM_DIVCLK_DIVIDE {5} CONFIG.MMCM_CLKFBOUT_MULT_F {41} CONFIG.MMCM_COMPENSATION {ZHOLD} CONFIG.MMCM_CLKOUT0_DIVIDE_F {41} CONFIG.MMCM_CLKOUT1_DIVIDE {82} CONFIG.NUM_OUT_CLKS {2} CONFIG.CLKOUT1_JITTER {397.791} CONFIG.CLKOUT1_PHASE_ERROR {313.282} CONFIG.CLKOUT2_JITTER {446.763} CONFIG.CLKOUT2_PHASE_ERROR {313.282}] [get_ips cpuclk]
WARNING: [Vivado 12-3523] Attempt to change 'Component_Name' from 'cpuclk' to 'cpuclk' is not allowed and is ignored.
generate_target {instantiation_template} [get_files c:/Users/Administrator/Desktop/CPU_1/CPU_1.srcs/sources_1/ip/cpuclk_2/cpuclk.xci]
INFO: [IP_Flow 19-1686] Generating 'Instantiation Template' target for IP 'cpuclk'...
generate_target all [get_files  c:/Users/Administrator/Desktop/CPU_1/CPU_1.srcs/sources_1/ip/cpuclk_2/cpuclk.xci]
INFO: [IP_Flow 19-1686] Generating 'Synthesis' target for IP 'cpuclk'...
INFO: [IP_Flow 19-1686] Generating 'Simulation' target for IP 'cpuclk'...
INFO: [IP_Flow 19-1686] Generating 'Implementation' target for IP 'cpuclk'...
INFO: [IP_Flow 19-1686] Generating 'Change Log' target for IP 'cpuclk'...
catch { config_ip_cache -export [get_ips -all cpuclk] }
export_ip_user_files -of_objects [get_files c:/Users/Administrator/Desktop/CPU_1/CPU_1.srcs/sources_1/ip/cpuclk_2/cpuclk.xci] -no_script -sync -force -quiet
create_ip_run [get_files -of_objects [get_fileset sources_1] c:/Users/Administrator/Desktop/CPU_1/CPU_1.srcs/sources_1/ip/cpuclk_2/cpuclk.xci]
launch_runs -jobs 6 cpuclk_synth_1
[Tue May 23 19:05:16 2023] Launched cpuclk_synth_1...
Run output will be captured here: C:/Users/Administrator/Desktop/CPU_1/CPU_1.runs/cpuclk_synth_1/runme.log
export_simulation -of_objects [get_files c:/Users/Administrator/Desktop/CPU_1/CPU_1.srcs/sources_1/ip/cpuclk_2/cpuclk.xci] -directory C:/Users/Administrator/Desktop/CPU_1/CPU_1.ip_user_files/sim_scripts -ip_user_files_dir C:/Users/Administrator/Desktop/CPU_1/CPU_1.ip_user_files -ipstatic_source_dir C:/Users/Administrator/Desktop/CPU_1/CPU_1.ip_user_files/ipstatic -lib_map_path [list {modelsim=C:/Users/Administrator/Desktop/CPU_1/CPU_1.cache/compile_simlib/modelsim} {questa=C:/Users/Administrator/Desktop/CPU_1/CPU_1.cache/compile_simlib/questa} {riviera=C:/Users/Administrator/Desktop/CPU_1/CPU_1.cache/compile_simlib/riviera} {activehdl=C:/Users/Administrator/Desktop/CPU_1/CPU_1.cache/compile_simlib/activehdl}] -use_ip_compiled_libs -force -quiet
reset_run synth_2
WARNING: [Vivado 12-1017] Problems encountered:
1. Failed to delete one or more files in run directory C:/Users/Administrator/Desktop/CPU_1/CPU_1.runs/synth_2

launch_runs impl_2 -to_step write_bitstream -jobs 6
[Tue May 23 19:05:28 2023] Launched cpuclk_synth_1, synth_2...
Run output will be captured here:
cpuclk_synth_1: C:/Users/Administrator/Desktop/CPU_1/CPU_1.runs/cpuclk_synth_1/runme.log
synth_2: C:/Users/Administrator/Desktop/CPU_1/CPU_1.runs/synth_2/runme.log
[Tue May 23 19:05:28 2023] Launched impl_2...
Run output will be captured here: C:/Users/Administrator/Desktop/CPU_1/CPU_1.runs/impl_2/runme.log
reset_run impl_2
reset_run synth_2
update_compile_order -fileset sources_1
launch_runs impl_2 -to_step write_bitstream -jobs 6
[Tue May 23 19:24:26 2023] Launched synth_2...
Run output will be captured here: C:/Users/Administrator/Desktop/CPU_1/CPU_1.runs/synth_2/runme.log
[Tue May 23 19:24:26 2023] Launched impl_2...
Run output will be captured here: C:/Users/Administrator/Desktop/CPU_1/CPU_1.runs/impl_2/runme.log
reset_run synth_2
update_compile_order -fileset sources_1
launch_runs impl_2 -to_step write_bitstream -jobs 6
[Tue May 23 19:25:30 2023] Launched synth_2...
Run output will be captured here: C:/Users/Administrator/Desktop/CPU_1/CPU_1.runs/synth_2/runme.log
[Tue May 23 19:25:30 2023] Launched impl_2...
Run output will be captured here: C:/Users/Administrator/Desktop/CPU_1/CPU_1.runs/impl_2/runme.log
reset_run impl_2
reset_run synth_2
launch_runs impl_2 -to_step write_bitstream -jobs 6
[Tue May 23 19:28:41 2023] Launched synth_2...
Run output will be captured here: C:/Users/Administrator/Desktop/CPU_1/CPU_1.runs/synth_2/runme.log
[Tue May 23 19:28:41 2023] Launched impl_2...
Run output will be captured here: C:/Users/Administrator/Desktop/CPU_1/CPU_1.runs/impl_2/runme.log
reset_run impl_2
reset_run synth_2
launch_runs impl_2 -to_step write_bitstream -jobs 6
[Tue May 23 19:30:27 2023] Launched synth_2...
Run output will be captured here: C:/Users/Administrator/Desktop/CPU_1/CPU_1.runs/synth_2/runme.log
[Tue May 23 19:30:27 2023] Launched impl_2...
Run output will be captured here: C:/Users/Administrator/Desktop/CPU_1/CPU_1.runs/impl_2/runme.log
reset_run impl_2 -prev_step 
launch_runs impl_2 -to_step write_bitstream -jobs 6
WARNING: [Vivado 12-872] Run step 'Design Initialization' is out-of-date.
[Tue May 23 19:34:32 2023] Launched impl_2...
Run output will be captured here: C:/Users/Administrator/Desktop/CPU_1/CPU_1.runs/impl_2/runme.log
reset_run synth_2
update_compile_order -fileset sources_1
launch_runs impl_2 -to_step write_bitstream -jobs 6
[Tue May 23 19:35:56 2023] Launched synth_2...
Run output will be captured here: C:/Users/Administrator/Desktop/CPU_1/CPU_1.runs/synth_2/runme.log
[Tue May 23 19:35:56 2023] Launched impl_2...
Run output will be captured here: C:/Users/Administrator/Desktop/CPU_1/CPU_1.runs/impl_2/runme.log
reset_run impl_2
reset_run synth_2
update_compile_order -fileset sources_1
launch_runs impl_2 -to_step write_bitstream -jobs 6
[Tue May 23 19:38:09 2023] Launched synth_2...
Run output will be captured here: C:/Users/Administrator/Desktop/CPU_1/CPU_1.runs/synth_2/runme.log
[Tue May 23 19:38:09 2023] Launched impl_2...
Run output will be captured here: C:/Users/Administrator/Desktop/CPU_1/CPU_1.runs/impl_2/runme.log
reset_run impl_2
reset_run synth_2
launch_runs impl_2 -to_step write_bitstream -jobs 6
[Tue May 23 19:39:46 2023] Launched synth_2...
Run output will be captured here: C:/Users/Administrator/Desktop/CPU_1/CPU_1.runs/synth_2/runme.log
[Tue May 23 19:39:46 2023] Launched impl_2...
Run output will be captured here: C:/Users/Administrator/Desktop/CPU_1/CPU_1.runs/impl_2/runme.log
reset_run impl_2
reset_run synth_2
launch_runs impl_2 -to_step write_bitstream -jobs 6
[Tue May 23 19:42:08 2023] Launched synth_2...
Run output will be captured here: C:/Users/Administrator/Desktop/CPU_1/CPU_1.runs/synth_2/runme.log
[Tue May 23 19:42:08 2023] Launched impl_2...
Run output will be captured here: C:/Users/Administrator/Desktop/CPU_1/CPU_1.runs/impl_2/runme.log
reset_run impl_2
reset_run synth_2
launch_runs impl_2 -to_step write_bitstream -jobs 6
[Tue May 23 19:43:36 2023] Launched synth_2...
Run output will be captured here: C:/Users/Administrator/Desktop/CPU_1/CPU_1.runs/synth_2/runme.log
[Tue May 23 19:43:36 2023] Launched impl_2...
Run output will be captured here: C:/Users/Administrator/Desktop/CPU_1/CPU_1.runs/impl_2/runme.log
reset_run synth_2
launch_runs impl_2 -to_step write_bitstream -jobs 6
[Tue May 23 19:49:49 2023] Launched synth_2...
Run output will be captured here: C:/Users/Administrator/Desktop/CPU_1/CPU_1.runs/synth_2/runme.log
[Tue May 23 19:49:49 2023] Launched impl_2...
Run output will be captured here: C:/Users/Administrator/Desktop/CPU_1/CPU_1.runs/impl_2/runme.log
reset_run synth_2
launch_runs impl_2 -to_step write_bitstream -jobs 6
[Tue May 23 19:52:05 2023] Launched synth_2...
Run output will be captured here: C:/Users/Administrator/Desktop/CPU_1/CPU_1.runs/synth_2/runme.log
[Tue May 23 19:52:05 2023] Launched impl_2...
Run output will be captured here: C:/Users/Administrator/Desktop/CPU_1/CPU_1.runs/impl_2/runme.log
reset_run synth_2
launch_runs impl_2 -to_step write_bitstream -jobs 6
[Tue May 23 19:53:09 2023] Launched synth_2...
Run output will be captured here: C:/Users/Administrator/Desktop/CPU_1/CPU_1.runs/synth_2/runme.log
[Tue May 23 19:53:09 2023] Launched impl_2...
Run output will be captured here: C:/Users/Administrator/Desktop/CPU_1/CPU_1.runs/impl_2/runme.log
reset_run impl_2
reset_run synth_2
launch_runs impl_2 -to_step write_bitstream -jobs 6
[Tue May 23 20:12:39 2023] Launched synth_2...
Run output will be captured here: C:/Users/Administrator/Desktop/CPU_1/CPU_1.runs/synth_2/runme.log
[Tue May 23 20:12:39 2023] Launched impl_2...
Run output will be captured here: C:/Users/Administrator/Desktop/CPU_1/CPU_1.runs/impl_2/runme.log
reset_run impl_2
reset_run synth_2
launch_runs impl_2 -to_step write_bitstream -jobs 6
[Tue May 23 20:14:21 2023] Launched synth_2...
Run output will be captured here: C:/Users/Administrator/Desktop/CPU_1/CPU_1.runs/synth_2/runme.log
[Tue May 23 20:14:21 2023] Launched impl_2...
Run output will be captured here: C:/Users/Administrator/Desktop/CPU_1/CPU_1.runs/impl_2/runme.log
reset_run impl_2
reset_run synth_2
launch_runs impl_2 -to_step write_bitstream -jobs 6
[Tue May 23 20:16:45 2023] Launched synth_2...
Run output will be captured here: C:/Users/Administrator/Desktop/CPU_1/CPU_1.runs/synth_2/runme.log
[Tue May 23 20:16:45 2023] Launched impl_2...
Run output will be captured here: C:/Users/Administrator/Desktop/CPU_1/CPU_1.runs/impl_2/runme.log
update_compile_order -fileset sources_1
reset_run impl_2 -prev_step 
launch_runs impl_2 -to_step write_bitstream -jobs 6
WARNING: [Vivado 12-872] Run step 'Design Initialization' is out-of-date.
[Tue May 23 20:23:42 2023] Launched impl_2...
Run output will be captured here: C:/Users/Administrator/Desktop/CPU_1/CPU_1.runs/impl_2/runme.log
reset_run synth_2
launch_runs impl_2 -to_step write_bitstream -jobs 6
[Tue May 23 20:26:03 2023] Launched synth_2...
Run output will be captured here: C:/Users/Administrator/Desktop/CPU_1/CPU_1.runs/synth_2/runme.log
[Tue May 23 20:26:03 2023] Launched impl_2...
Run output will be captured here: C:/Users/Administrator/Desktop/CPU_1/CPU_1.runs/impl_2/runme.log
reset_run impl_2
reset_run synth_2
launch_runs impl_2 -to_step write_bitstream -jobs 6
[Tue May 23 20:28:35 2023] Launched synth_2...
Run output will be captured here: C:/Users/Administrator/Desktop/CPU_1/CPU_1.runs/synth_2/runme.log
[Tue May 23 20:28:35 2023] Launched impl_2...
Run output will be captured here: C:/Users/Administrator/Desktop/CPU_1/CPU_1.runs/impl_2/runme.log
reset_run impl_2 -prev_step 
launch_runs impl_2 -to_step write_bitstream -jobs 6
[Tue May 23 20:30:43 2023] Launched impl_2...
Run output will be captured here: C:/Users/Administrator/Desktop/CPU_1/CPU_1.runs/impl_2/runme.log
reset_run impl_2 -prev_step 
launch_runs impl_2 -to_step write_bitstream -jobs 6
[Tue May 23 20:33:31 2023] Launched impl_2...
Run output will be captured here: C:/Users/Administrator/Desktop/CPU_1/CPU_1.runs/impl_2/runme.log
exit
INFO: [Common 17-206] Exiting Vivado at Tue May 23 20:36:03 2023...
