#-----------------------------------------------------------
# Vivado v2017.4 (64-bit)
# SW Build 2086221 on Fri Dec 15 20:55:39 MST 2017
# IP Build 2085800 on Fri Dec 15 22:25:07 MST 2017
# Start of session at: Tue May 16 22:43:50 2023
# Process ID: 9380
# Current directory: C:/Users/Administrator/Desktop/CPU_1
# Command line: vivado.exe -gui_launcher_event rodinguilauncherevent4508 C:\Users\Administrator\Desktop\CPU_1\CPU_1.xpr
# Log file: C:/Users/Administrator/Desktop/CPU_1/vivado.log
# Journal file: C:/Users/Administrator/Desktop/CPU_1\vivado.jou
#-----------------------------------------------------------
start_gui
open_project C:/Users/Administrator/Desktop/CPU_1/CPU_1.xpr
Scanning sources...
Finished scanning sources
INFO: [IP_Flow 19-234] Refreshing IP repositories
INFO: [IP_Flow 19-1704] No user IP repositories specified
INFO: [IP_Flow 19-2313] Loaded Vivado IP repository 'C:/Xilinx/Vivado/2017.4/data/ip'.
update_compile_order -fileset sources_1
set_property  ip_repo_paths  C:/Users/Administrator/Desktop/CPU_1/CPU_1.srcs/sources_1/ip/SEU_CSE_507_user_uart_bmpg_1.3 [current_project]
update_ip_catalog
INFO: [IP_Flow 19-234] Refreshing IP repositories
INFO: [IP_Flow 19-1700] Loaded user IP repository 'c:/Users/Administrator/Desktop/CPU_1/CPU_1.srcs/sources_1/ip/SEU_CSE_507_user_uart_bmpg_1.3'.
create_ip -name clk_wiz -vendor xilinx.com -library ip -version 5.4 -module_name cpuclk -dir c:/Users/Administrator/Desktop/CPU_1/CPU_1.srcs/sources_1/ip
set_property -dict [list CONFIG.Component_Name {cpuclk} CONFIG.PRIMITIVE {PLL} CONFIG.CLKOUT1_REQUESTED_OUT_FREQ {23.000} CONFIG.USE_LOCKED {false} CONFIG.USE_RESET {false} CONFIG.CLKOUT1_DRIVES {BUFG} CONFIG.CLKOUT2_DRIVES {BUFG} CONFIG.CLKOUT3_DRIVES {BUFG} CONFIG.CLKOUT4_DRIVES {BUFG} CONFIG.CLKOUT5_DRIVES {BUFG} CONFIG.CLKOUT6_DRIVES {BUFG} CONFIG.CLKOUT7_DRIVES {BUFG} CONFIG.MMCM_DIVCLK_DIVIDE {5} CONFIG.MMCM_CLKFBOUT_MULT_F {46} CONFIG.MMCM_COMPENSATION {ZHOLD} CONFIG.MMCM_CLKOUT0_DIVIDE_F {40} CONFIG.CLKOUT1_JITTER {342.117} CONFIG.CLKOUT1_PHASE_ERROR {303.235}] [get_ips cpuclk]
WARNING: [Vivado 12-3523] Attempt to change 'Component_Name' from 'cpuclk' to 'cpuclk' is not allowed and is ignored.
generate_target {instantiation_template} [get_files c:/Users/Administrator/Desktop/CPU_1/CPU_1.srcs/sources_1/ip/cpuclk/cpuclk.xci]
INFO: [IP_Flow 19-1686] Generating 'Instantiation Template' target for IP 'cpuclk'...
update_compile_order -fileset sources_1
generate_target all [get_files  c:/Users/Administrator/Desktop/CPU_1/CPU_1.srcs/sources_1/ip/cpuclk/cpuclk.xci]
INFO: [IP_Flow 19-1686] Generating 'Synthesis' target for IP 'cpuclk'...
INFO: [IP_Flow 19-1686] Generating 'Simulation' target for IP 'cpuclk'...
INFO: [IP_Flow 19-1686] Generating 'Implementation' target for IP 'cpuclk'...
INFO: [IP_Flow 19-1686] Generating 'Change Log' target for IP 'cpuclk'...
catch { config_ip_cache -export [get_ips -all cpuclk] }
export_ip_user_files -of_objects [get_files c:/Users/Administrator/Desktop/CPU_1/CPU_1.srcs/sources_1/ip/cpuclk/cpuclk.xci] -no_script -sync -force -quiet
create_ip_run [get_files -of_objects [get_fileset sources_1] c:/Users/Administrator/Desktop/CPU_1/CPU_1.srcs/sources_1/ip/cpuclk/cpuclk.xci]
launch_runs -jobs 8 cpuclk_synth_1
[Tue May 16 22:53:32 2023] Launched cpuclk_synth_1...
Run output will be captured here: C:/Users/Administrator/Desktop/CPU_1/CPU_1.runs/cpuclk_synth_1/runme.log
export_simulation -of_objects [get_files c:/Users/Administrator/Desktop/CPU_1/CPU_1.srcs/sources_1/ip/cpuclk/cpuclk.xci] -directory C:/Users/Administrator/Desktop/CPU_1/CPU_1.ip_user_files/sim_scripts -ip_user_files_dir C:/Users/Administrator/Desktop/CPU_1/CPU_1.ip_user_files -ipstatic_source_dir C:/Users/Administrator/Desktop/CPU_1/CPU_1.ip_user_files/ipstatic -lib_map_path [list {modelsim=C:/Users/Administrator/Desktop/CPU_1/CPU_1.cache/compile_simlib/modelsim} {questa=C:/Users/Administrator/Desktop/CPU_1/CPU_1.cache/compile_simlib/questa} {riviera=C:/Users/Administrator/Desktop/CPU_1/CPU_1.cache/compile_simlib/riviera} {activehdl=C:/Users/Administrator/Desktop/CPU_1/CPU_1.cache/compile_simlib/activehdl}] -use_ip_compiled_libs -force -quiet
set_property -dict [list CONFIG.CLKOUT2_USED {true} CONFIG.CLKOUT2_REQUESTED_OUT_FREQ {10.000} CONFIG.MMCM_DIVCLK_DIVIDE {5} CONFIG.MMCM_CLKFBOUT_MULT_F {46} CONFIG.MMCM_CLKOUT0_DIVIDE_F {40} CONFIG.MMCM_CLKOUT1_DIVIDE {92} CONFIG.NUM_OUT_CLKS {2} CONFIG.CLKOUT1_JITTER {342.117} CONFIG.CLKOUT1_PHASE_ERROR {303.235} CONFIG.CLKOUT2_JITTER {391.228} CONFIG.CLKOUT2_PHASE_ERROR {303.235}] [get_ips cpuclk]
generate_target all [get_files  c:/Users/Administrator/Desktop/CPU_1/CPU_1.srcs/sources_1/ip/cpuclk/cpuclk.xci]
INFO: [IP_Flow 19-1686] Generating 'Instantiation Template' target for IP 'cpuclk'...
INFO: [IP_Flow 19-1686] Generating 'Synthesis' target for IP 'cpuclk'...
INFO: [IP_Flow 19-1686] Generating 'Simulation' target for IP 'cpuclk'...
INFO: [IP_Flow 19-1686] Generating 'Implementation' target for IP 'cpuclk'...
INFO: [IP_Flow 19-1686] Generating 'Change Log' target for IP 'cpuclk'...
catch { config_ip_cache -export [get_ips -all cpuclk] }
export_ip_user_files -of_objects [get_files c:/Users/Administrator/Desktop/CPU_1/CPU_1.srcs/sources_1/ip/cpuclk/cpuclk.xci] -no_script -sync -force -quiet
reset_run cpuclk_synth_1
launch_runs -jobs 8 cpuclk_synth_1
[Tue May 16 22:55:27 2023] Launched cpuclk_synth_1...
Run output will be captured here: C:/Users/Administrator/Desktop/CPU_1/CPU_1.runs/cpuclk_synth_1/runme.log
export_simulation -of_objects [get_files c:/Users/Administrator/Desktop/CPU_1/CPU_1.srcs/sources_1/ip/cpuclk/cpuclk.xci] -directory C:/Users/Administrator/Desktop/CPU_1/CPU_1.ip_user_files/sim_scripts -ip_user_files_dir C:/Users/Administrator/Desktop/CPU_1/CPU_1.ip_user_files -ipstatic_source_dir C:/Users/Administrator/Desktop/CPU_1/CPU_1.ip_user_files/ipstatic -lib_map_path [list {modelsim=C:/Users/Administrator/Desktop/CPU_1/CPU_1.cache/compile_simlib/modelsim} {questa=C:/Users/Administrator/Desktop/CPU_1/CPU_1.cache/compile_simlib/questa} {riviera=C:/Users/Administrator/Desktop/CPU_1/CPU_1.cache/compile_simlib/riviera} {activehdl=C:/Users/Administrator/Desktop/CPU_1/CPU_1.cache/compile_simlib/activehdl}] -use_ip_compiled_libs -force -quiet
file mkdir C:/Users/Administrator/Desktop/CPU_1/CPU_1.srcs/constrs_1
file mkdir C:/Users/Administrator/Desktop/CPU_1/CPU_1.srcs/constrs_1/new
close [ open C:/Users/Administrator/Desktop/CPU_1/CPU_1.srcs/constrs_1/new/c.xdc w ]
add_files -fileset constrs_1 C:/Users/Administrator/Desktop/CPU_1/CPU_1.srcs/constrs_1/new/c.xdc
update_compile_order -fileset sources_1
update_compile_order -fileset sources_1
save_project_as cpu_dmemuart C:/Users/Administrator/Desktop/cpu_dmemuart -force
exit
INFO: [Common 17-206] Exiting Vivado at Tue May 16 23:28:35 2023...
