#-----------------------------------------------------------
# Vivado v2017.4 (64-bit)
# SW Build 2086221 on Fri Dec 15 20:55:39 MST 2017
# IP Build 2085800 on Fri Dec 15 22:25:07 MST 2017
# Start of session at: Sat May 27 01:35:41 2023
# Process ID: 2340
# Current directory: C:/Users/gmcc/Desktop/CPU_1_sssw/CPU_1
# Command line: vivado.exe -gui_launcher_event rodinguilauncherevent8548 C:\Users\gmcc\Desktop\CPU_1_sssw\CPU_1\CPU_1.xpr
# Log file: C:/Users/gmcc/Desktop/CPU_1_sssw/CPU_1/vivado.log
# Journal file: C:/Users/gmcc/Desktop/CPU_1_sssw/CPU_1\vivado.jou
#-----------------------------------------------------------
start_gui
open_project C:/Users/gmcc/Desktop/CPU_1_sssw/CPU_1/CPU_1.xpr
Scanning sources...
Finished scanning sources
INFO: [IP_Flow 19-234] Refreshing IP repositories
INFO: [IP_Flow 19-1700] Loaded user IP repository 'c:/Users/gmcc/Desktop/CPU_1_sssw/CPU_1/CPU_1.srcs/sources_1/ip/SEU_CSE_507_user_uart_bmpg_1.3'.
INFO: [IP_Flow 19-2313] Loaded Vivado IP repository 'D:/Vivado/2017.4/data/ip'.
open_project: Time (s): cpu = 00:00:21 ; elapsed = 00:00:13 . Memory (MB): peak = 782.957 ; gain = 66.715
update_compile_order -fileset sources_1
eINFO: [Device 21-403] Loading part xc7a35tcsg324-1
WARNING: [IP_Flow 19-4067] Ignoring invalid widget type specified checkbox.Providing a default widget
WARNING: [IP_Flow 19-4067] Ignoring invalid widget type specified checkbox.Providing a default widget
set_property -dict [list CONFIG.Coe_File {C:/Users/gmcc/Desktop/CPU_1_sssw/CPU_1/CPU_1.srcs/sources_1/ip/prgrom/prgmip32.coe}] [get_ips prgrom]
INFO: [IP_Flow 19-3484] Absolute path of file 'c:/Users/gmcc/Desktop/CPU_1_sssw/CPU_1/CPU_1.srcs/sources_1/ip/prgrom/prgmip32.coe' provided. It will be converted relative to IP Instance files '../prgrom/prgmip32.coe'
generate_target all [get_files  C:/Users/gmcc/Desktop/CPU_1_sssw/CPU_1/CPU_1.srcs/sources_1/ip/prgrom_1/prgrom.xci]
INFO: [IP_Flow 19-1686] Generating 'Instantiation Template' target for IP 'prgrom'...
INFO: [IP_Flow 19-1686] Generating 'Synthesis' target for IP 'prgrom'...
INFO: [IP_Flow 19-1686] Generating 'Simulation' target for IP 'prgrom'...
INFO: [IP_Flow 19-1686] Generating 'Miscellaneous' target for IP 'prgrom'...
INFO: [IP_Flow 19-1686] Generating 'Change Log' target for IP 'prgrom'...
catch { config_ip_cache -export [get_ips -all prgrom] }
export_ip_user_files -of_objects [get_files C:/Users/gmcc/Desktop/CPU_1_sssw/CPU_1/CPU_1.srcs/sources_1/ip/prgrom_1/prgrom.xci] -no_script -sync -force -quiet
reset_run prgrom_synth_1
launch_runs -jobs 4 prgrom_synth_1
[Sat May 27 01:45:32 2023] Launched prgrom_synth_1...
Run output will be captured here: C:/Users/gmcc/Desktop/CPU_1_sssw/CPU_1/CPU_1.runs/prgrom_synth_1/runme.log
export_simulation -of_objects [get_files C:/Users/gmcc/Desktop/CPU_1_sssw/CPU_1/CPU_1.srcs/sources_1/ip/prgrom_1/prgrom.xci] -directory C:/Users/gmcc/Desktop/CPU_1_sssw/CPU_1/CPU_1.ip_user_files/sim_scripts -ip_user_files_dir C:/Users/gmcc/Desktop/CPU_1_sssw/CPU_1/CPU_1.ip_user_files -ipstatic_source_dir C:/Users/gmcc/Desktop/CPU_1_sssw/CPU_1/CPU_1.ip_user_files/ipstatic -lib_map_path [list {modelsim=C:/Users/gmcc/Desktop/CPU_1_sssw/CPU_1/CPU_1.cache/compile_simlib/modelsim} {questa=C:/Users/gmcc/Desktop/CPU_1_sssw/CPU_1/CPU_1.cache/compile_simlib/questa} {riviera=C:/Users/gmcc/Desktop/CPU_1_sssw/CPU_1/CPU_1.cache/compile_simlib/riviera} {activehdl=C:/Users/gmcc/Desktop/CPU_1_sssw/CPU_1/CPU_1.cache/compile_simlib/activehdl}] -use_ip_compiled_libs -force -quiet
launch_simulation
INFO: [Vivado 12-5698] Checking validity of IPs in the design for the 'XSim' simulator...
INFO: [Vivado 12-5682] Launching behavioral simulation in 'C:/Users/gmcc/Desktop/CPU_1_sssw/CPU_1/CPU_1.sim/sim_1/behav/xsim'
INFO: [Vivado 12-4795] Using compiled simulation libraries for IPs
INFO: [SIM-utils-51] Simulation object is 'sim_1'
INFO: [USF-XSim-7] Finding pre-compiled libraries...
INFO: [USF-XSim-11] File 'D:/Vivado/2017.4/data/xsim/ip/xsim_ip.ini' copied to run dir:'C:/Users/gmcc/Desktop/CPU_1_sssw/CPU_1/CPU_1.sim/sim_1/behav/xsim'
INFO: [SIM-utils-54] Inspecting design source files for 'testTop' in fileset 'sim_1'...
INFO: [SIM-utils-43] Exported 'C:/Users/gmcc/Desktop/CPU_1_sssw/CPU_1/CPU_1.sim/sim_1/behav/xsim/RAM.mif'
INFO: [SIM-utils-43] Exported 'C:/Users/gmcc/Desktop/CPU_1_sssw/CPU_1/CPU_1.sim/sim_1/behav/xsim/dmem32.coe'
INFO: [SIM-utils-43] Exported 'C:/Users/gmcc/Desktop/CPU_1_sssw/CPU_1/CPU_1.sim/sim_1/behav/xsim/prgrom.mif'
INFO: [SIM-utils-43] Exported 'C:/Users/gmcc/Desktop/CPU_1_sssw/CPU_1/CPU_1.sim/sim_1/behav/xsim/prgmip32.coe'
INFO: [USF-XSim-97] Finding global include files...
INFO: [USF-XSim-98] Fetching design files from 'sim_1'...
INFO: [USF-XSim-2] XSim::Compile design
INFO: [USF-XSim-61] Executing 'COMPILE and ANALYZE' step in 'C:/Users/gmcc/Desktop/CPU_1_sssw/CPU_1/CPU_1.sim/sim_1/behav/xsim'
"xvlog --incr --relax -prj testTop_vlog.prj"
INFO: [VRFC 10-2263] Analyzing Verilog file "C:/Users/gmcc/Desktop/CPU_1_sssw/CPU_1/CPU_1.srcs/sources_1/ip/RAM_1/sim/RAM.v" into library xil_defaultlib
INFO: [VRFC 10-311] analyzing module RAM
INFO: [VRFC 10-2263] Analyzing Verilog file "C:/Users/gmcc/Desktop/CPU_1_sssw/CPU_1/CPU_1.srcs/sources_1/ip/prgrom_1/sim/prgrom.v" into library xil_defaultlib
INFO: [VRFC 10-311] analyzing module prgrom
INFO: [VRFC 10-2263] Analyzing Verilog file "C:/Users/gmcc/Desktop/CPU_1_sssw/CPU_1/CPU_1.srcs/sources_1/ip/uart_bmpg_0_1/uart_bmpg.v" into library xil_defaultlib
INFO: [VRFC 10-311] analyzing module uart_bmpg
INFO: [VRFC 10-2263] Analyzing Verilog file "C:/Users/gmcc/Desktop/CPU_1_sssw/CPU_1/CPU_1.srcs/sources_1/ip/uart_bmpg_0_1/upg.v" into library xil_defaultlib
INFO: [VRFC 10-311] analyzing module upg
INFO: [VRFC 10-2263] Analyzing Verilog file "C:/Users/gmcc/Desktop/CPU_1_sssw/CPU_1/CPU_1.srcs/sources_1/ip/uart_bmpg_0_1/sim/uart_bmpg_0.v" into library xil_defaultlib
INFO: [VRFC 10-311] analyzing module uart_bmpg_0
INFO: [VRFC 10-2263] Analyzing Verilog file "C:/Users/gmcc/Desktop/CPU_1_sssw/CPU_1/CPU_1.srcs/sources_1/ip/cpuclk_2/cpuclk_clk_wiz.v" into library xil_defaultlib
INFO: [VRFC 10-311] analyzing module cpuclk_clk_wiz
INFO: [VRFC 10-2263] Analyzing Verilog file "C:/Users/gmcc/Desktop/CPU_1_sssw/CPU_1/CPU_1.srcs/sources_1/ip/cpuclk_2/cpuclk.v" into library xil_defaultlib
INFO: [VRFC 10-311] analyzing module cpuclk
INFO: [VRFC 10-2263] Analyzing Verilog file "C:/Users/gmcc/Desktop/CPU_1_sssw/CPU_1/CPU_1.srcs/sources_1/new/ALU.v" into library xil_defaultlib
INFO: [VRFC 10-311] analyzing module ALU
INFO: [VRFC 10-2263] Analyzing Verilog file "C:/Users/gmcc/Desktop/CPU_1_sssw/CPU_1/CPU_1.srcs/sources_1/new/Controller.v" into library xil_defaultlib
INFO: [VRFC 10-311] analyzing module Controller
INFO: [VRFC 10-2263] Analyzing Verilog file "C:/Users/gmcc/Desktop/CPU_1_sssw/CPU_1/CPU_1.srcs/sources_1/new/Decoder.v" into library xil_defaultlib
INFO: [VRFC 10-311] analyzing module Decoder
INFO: [VRFC 10-2263] Analyzing Verilog file "C:/Users/gmcc/Desktop/CPU_1_sssw/CPU_1/CPU_1.srcs/sources_1/new/IFetc32.v" into library xil_defaultlib
INFO: [VRFC 10-311] analyzing module IFetc32
INFO: [VRFC 10-2263] Analyzing Verilog file "C:/Users/gmcc/Desktop/CPU_1_sssw/CPU_1/CPU_1.srcs/sources_1/new/MemOrIO.v" into library xil_defaultlib
INFO: [VRFC 10-311] analyzing module MemOrIO
INFO: [VRFC 10-2263] Analyzing Verilog file "C:/Users/gmcc/Desktop/CPU_1_sssw/CPU_1/CPU_1.srcs/sources_1/new/Top.v" into library xil_defaultlib
INFO: [VRFC 10-311] analyzing module Top
INFO: [VRFC 10-2263] Analyzing Verilog file "C:/Users/gmcc/Desktop/CPU_1_sssw/CPU_1/CPU_1.srcs/sources_1/new/dmemory32.v" into library xil_defaultlib
INFO: [VRFC 10-311] analyzing module dmemory32
INFO: [VRFC 10-2263] Analyzing Verilog file "C:/Users/gmcc/Desktop/CPU_1_sssw/CPU_1/CPU_1.srcs/sources_1/new/ioread.v" into library xil_defaultlib
INFO: [VRFC 10-311] analyzing module ioread
INFO: [VRFC 10-2263] Analyzing Verilog file "C:/Users/gmcc/Desktop/CPU_1_sssw/CPU_1/CPU_1.srcs/sources_1/new/leds.v" into library xil_defaultlib
INFO: [VRFC 10-311] analyzing module leds
INFO: [VRFC 10-2263] Analyzing Verilog file "C:/Users/gmcc/Desktop/CPU_1_sssw/CPU_1/CPU_1.srcs/sources_1/new/programrom.v" into library xil_defaultlib
INFO: [VRFC 10-311] analyzing module programrom
INFO: [VRFC 10-2263] Analyzing Verilog file "C:/Users/gmcc/Desktop/CPU_1_sssw/CPU_1/CPU_1.srcs/sources_1/new/segtube.v" into library xil_defaultlib
INFO: [VRFC 10-311] analyzing module segtube
INFO: [VRFC 10-2263] Analyzing Verilog file "C:/Users/gmcc/Desktop/CPU_1_sssw/CPU_1/CPU_1.srcs/sim_1/new/testTop.v" into library xil_defaultlib
INFO: [VRFC 10-311] analyzing module testTop
WARNING: [VRFC 10-2096] empty statement in sequential block [C:/Users/gmcc/Desktop/CPU_1_sssw/CPU_1/CPU_1.srcs/sim_1/new/testTop.v:65]
INFO: [VRFC 10-2263] Analyzing Verilog file "C:/Users/gmcc/Desktop/CPU_1_sssw/CPU_1/CPU_1.sim/sim_1/behav/xsim/glbl.v" into library xil_defaultlib
INFO: [VRFC 10-311] analyzing module glbl
INFO: [USF-XSim-69] 'compile' step finished in '4' seconds
INFO: [USF-XSim-3] XSim::Elaborate design
INFO: [USF-XSim-61] Executing 'ELABORATE' step in 'C:/Users/gmcc/Desktop/CPU_1_sssw/CPU_1/CPU_1.sim/sim_1/behav/xsim'
Vivado Simulator 2017.4
Copyright 1986-1999, 2001-2016 Xilinx, Inc. All Rights Reserved.
Running: D:/Vivado/2017.4/bin/unwrapped/win64.o/xelab.exe -wto 88ed1ee7fb4d40ec8810edab0fb988a6 --incr --debug typical --relax --mt 2 -L blk_mem_gen_v8_4_1 -L xil_defaultlib -L unisims_ver -L unimacro_ver -L secureip -L xpm --snapshot testTop_behav xil_defaultlib.testTop xil_defaultlib.glbl -log elaborate.log 
Using 2 slave threads.
Starting static elaboration
WARNING: [VRFC 10-278] actual bit length 1 differs from formal bit length 32 for port value2 [C:/Users/gmcc/Desktop/CPU_1_sssw/CPU_1/CPU_1.srcs/sim_1/new/testTop.v:55]
WARNING: [VRFC 10-1783] select index 62 into current_contents is out of bounds [/wrk/2017.4/nightly/2017_12_15_2086221/packages/customer/vivado/data/ip/xilinx/blk_mem_gen_v8_4/simulation/blk_mem_gen_v8_4.v:2420]
Completed static elaboration
Starting simulation data flow analysis
Completed simulation data flow analysis
Time Resolution for simulation is 1ps
Compiling module unisims_ver.BUFG
Compiling module unisims_ver.PLLE2_ADV(CLKFBOUT_MULT=41,CLKIN...
Compiling module xil_defaultlib.cpuclk_clk_wiz
Compiling module xil_defaultlib.cpuclk
Compiling module xil_defaultlib.uart_bmpg
Compiling module xil_defaultlib.upg
Compiling module xil_defaultlib.uart_bmpg_0
Compiling module blk_mem_gen_v8_4_1.blk_mem_gen_v8_4_1_output_stage(...
Compiling module blk_mem_gen_v8_4_1.blk_mem_gen_v8_4_1_softecc_outpu...
Compiling module blk_mem_gen_v8_4_1.blk_mem_gen_v8_4_1_mem_module(C_...
Compiling module blk_mem_gen_v8_4_1.blk_mem_gen_v8_4_1(C_FAMILY="art...
Compiling module xil_defaultlib.prgrom
Compiling module xil_defaultlib.programrom
Compiling module xil_defaultlib.IFetc32
Compiling module xil_defaultlib.Controller
Compiling module xil_defaultlib.ALU
Compiling module xil_defaultlib.MemOrIO
Compiling module xil_defaultlib.leds
Compiling module xil_defaultlib.ioread
Compiling module blk_mem_gen_v8_4_1.blk_mem_gen_v8_4_1_mem_module(C_...
Compiling module blk_mem_gen_v8_4_1.blk_mem_gen_v8_4_1(C_FAMILY="art...
Compiling module xil_defaultlib.RAM
Compiling module xil_defaultlib.dmemory32
Compiling module xil_defaultlib.Decoder
Compiling module xil_defaultlib.segtube
Compiling module xil_defaultlib.Top
Compiling module xil_defaultlib.testTop
Compiling module xil_defaultlib.glbl
Built simulation snapshot testTop_behav
run_program: Time (s): cpu = 00:00:00 ; elapsed = 00:00:06 . Memory (MB): peak = 993.676 ; gain = 0.000
INFO: [USF-XSim-69] 'elaborate' step finished in '6' seconds
INFO: [USF-XSim-4] XSim::Simulate design
INFO: [USF-XSim-61] Executing 'SIMULATE' step in 'C:/Users/gmcc/Desktop/CPU_1_sssw/CPU_1/CPU_1.sim/sim_1/behav/xsim'
INFO: [USF-XSim-98] *** Running xsim
   with args "testTop_behav -key {Behavioral:sim_1:Functional:testTop} -tclbatch {testTop.tcl} -log {simulate.log}"
INFO: [USF-XSim-8] Loading simulator feature
Vivado Simulator 2017.4
Time resolution is 1 ps
source testTop.tcl
# set curr_wave [current_wave_config]
# if { [string length $curr_wave] == 0 } {
#   if { [llength [get_objects]] > 0} {
#     add_wave /
#     set_property needs_save false [current_wave_config]
#   } else {
#      send_msg_id Add_Wave-1 WARNING "No top level signals found. Simulator will start without a wave window. If you want to open a wave window go to 'File->New Waveform Configuration' or type 'create_wave_config' in the TCL console."
#   }
# }
# run 100000000ns
 Block Memory Generator module loading initial data...
 Block Memory Generator data initialization complete.
Block Memory Generator module testTop.tt.pgr.instmem.inst.native_mem_module.blk_mem_gen_v8_4_1_inst is using a behavioral model for simulation which will not precisely model memory collision behavior.
 Block Memory Generator module loading initial data...
 Block Memory Generator data initialization complete.
Block Memory Generator module testTop.tt.dm.ram.inst.native_mem_module.blk_mem_gen_v8_4_1_inst is using a behavioral model for simulation which will not precisely model memory collision behavior.
$finish called at time : 23600 ns : File "C:/Users/gmcc/Desktop/CPU_1_sssw/CPU_1/CPU_1.srcs/sim_1/new/testTop.v" Line 125
xsim: Time (s): cpu = 00:00:08 ; elapsed = 00:00:05 . Memory (MB): peak = 1010.953 ; gain = 17.277
INFO: [USF-XSim-96] XSim completed. Design snapshot 'testTop_behav' loaded.
INFO: [USF-XSim-97] XSim simulation ran for 100000000ns
launch_simulation: Time (s): cpu = 00:00:10 ; elapsed = 00:00:18 . Memory (MB): peak = 1010.953 ; gain = 17.277
close_sim
INFO: [Simtcl 6-16] Simulation closed
launch_simulation
INFO: [Vivado 12-5698] Checking validity of IPs in the design for the 'XSim' simulator...
INFO: [Vivado 12-5682] Launching behavioral simulation in 'C:/Users/gmcc/Desktop/CPU_1_sssw/CPU_1/CPU_1.sim/sim_1/behav/xsim'
INFO: [Vivado 12-4795] Using compiled simulation libraries for IPs
INFO: [SIM-utils-51] Simulation object is 'sim_1'
INFO: [USF-XSim-7] Finding pre-compiled libraries...
INFO: [USF-XSim-11] File 'D:/Vivado/2017.4/data/xsim/ip/xsim_ip.ini' copied to run dir:'C:/Users/gmcc/Desktop/CPU_1_sssw/CPU_1/CPU_1.sim/sim_1/behav/xsim'
INFO: [SIM-utils-54] Inspecting design source files for 'testTop' in fileset 'sim_1'...
INFO: [SIM-utils-43] Exported 'C:/Users/gmcc/Desktop/CPU_1_sssw/CPU_1/CPU_1.sim/sim_1/behav/xsim/RAM.mif'
INFO: [SIM-utils-43] Exported 'C:/Users/gmcc/Desktop/CPU_1_sssw/CPU_1/CPU_1.sim/sim_1/behav/xsim/dmem32.coe'
INFO: [SIM-utils-43] Exported 'C:/Users/gmcc/Desktop/CPU_1_sssw/CPU_1/CPU_1.sim/sim_1/behav/xsim/prgrom.mif'
INFO: [SIM-utils-43] Exported 'C:/Users/gmcc/Desktop/CPU_1_sssw/CPU_1/CPU_1.sim/sim_1/behav/xsim/prgmip32.coe'
INFO: [USF-XSim-97] Finding global include files...
INFO: [USF-XSim-98] Fetching design files from 'sim_1'...
INFO: [USF-XSim-2] XSim::Compile design
INFO: [USF-XSim-61] Executing 'COMPILE and ANALYZE' step in 'C:/Users/gmcc/Desktop/CPU_1_sssw/CPU_1/CPU_1.sim/sim_1/behav/xsim'
"xvlog --incr --relax -prj testTop_vlog.prj"
INFO: [VRFC 10-2263] Analyzing Verilog file "C:/Users/gmcc/Desktop/CPU_1_sssw/CPU_1/CPU_1.srcs/sources_1/ip/RAM_1/sim/RAM.v" into library xil_defaultlib
INFO: [VRFC 10-311] analyzing module RAM
INFO: [VRFC 10-2263] Analyzing Verilog file "C:/Users/gmcc/Desktop/CPU_1_sssw/CPU_1/CPU_1.srcs/sources_1/ip/prgrom_1/sim/prgrom.v" into library xil_defaultlib
INFO: [VRFC 10-311] analyzing module prgrom
INFO: [VRFC 10-2263] Analyzing Verilog file "C:/Users/gmcc/Desktop/CPU_1_sssw/CPU_1/CPU_1.srcs/sources_1/ip/uart_bmpg_0_1/uart_bmpg.v" into library xil_defaultlib
INFO: [VRFC 10-311] analyzing module uart_bmpg
INFO: [VRFC 10-2263] Analyzing Verilog file "C:/Users/gmcc/Desktop/CPU_1_sssw/CPU_1/CPU_1.srcs/sources_1/ip/uart_bmpg_0_1/upg.v" into library xil_defaultlib
INFO: [VRFC 10-311] analyzing module upg
INFO: [VRFC 10-2263] Analyzing Verilog file "C:/Users/gmcc/Desktop/CPU_1_sssw/CPU_1/CPU_1.srcs/sources_1/ip/uart_bmpg_0_1/sim/uart_bmpg_0.v" into library xil_defaultlib
INFO: [VRFC 10-311] analyzing module uart_bmpg_0
INFO: [VRFC 10-2263] Analyzing Verilog file "C:/Users/gmcc/Desktop/CPU_1_sssw/CPU_1/CPU_1.srcs/sources_1/ip/cpuclk_2/cpuclk_clk_wiz.v" into library xil_defaultlib
INFO: [VRFC 10-311] analyzing module cpuclk_clk_wiz
INFO: [VRFC 10-2263] Analyzing Verilog file "C:/Users/gmcc/Desktop/CPU_1_sssw/CPU_1/CPU_1.srcs/sources_1/ip/cpuclk_2/cpuclk.v" into library xil_defaultlib
INFO: [VRFC 10-311] analyzing module cpuclk
INFO: [VRFC 10-2263] Analyzing Verilog file "C:/Users/gmcc/Desktop/CPU_1_sssw/CPU_1/CPU_1.srcs/sources_1/new/ALU.v" into library xil_defaultlib
INFO: [VRFC 10-311] analyzing module ALU
INFO: [VRFC 10-2263] Analyzing Verilog file "C:/Users/gmcc/Desktop/CPU_1_sssw/CPU_1/CPU_1.srcs/sources_1/new/Controller.v" into library xil_defaultlib
INFO: [VRFC 10-311] analyzing module Controller
INFO: [VRFC 10-2263] Analyzing Verilog file "C:/Users/gmcc/Desktop/CPU_1_sssw/CPU_1/CPU_1.srcs/sources_1/new/Decoder.v" into library xil_defaultlib
INFO: [VRFC 10-311] analyzing module Decoder
INFO: [VRFC 10-2263] Analyzing Verilog file "C:/Users/gmcc/Desktop/CPU_1_sssw/CPU_1/CPU_1.srcs/sources_1/new/IFetc32.v" into library xil_defaultlib
INFO: [VRFC 10-311] analyzing module IFetc32
INFO: [VRFC 10-2263] Analyzing Verilog file "C:/Users/gmcc/Desktop/CPU_1_sssw/CPU_1/CPU_1.srcs/sources_1/new/MemOrIO.v" into library xil_defaultlib
INFO: [VRFC 10-311] analyzing module MemOrIO
INFO: [VRFC 10-2263] Analyzing Verilog file "C:/Users/gmcc/Desktop/CPU_1_sssw/CPU_1/CPU_1.srcs/sources_1/new/Top.v" into library xil_defaultlib
INFO: [VRFC 10-311] analyzing module Top
INFO: [VRFC 10-2263] Analyzing Verilog file "C:/Users/gmcc/Desktop/CPU_1_sssw/CPU_1/CPU_1.srcs/sources_1/new/dmemory32.v" into library xil_defaultlib
INFO: [VRFC 10-311] analyzing module dmemory32
INFO: [VRFC 10-2263] Analyzing Verilog file "C:/Users/gmcc/Desktop/CPU_1_sssw/CPU_1/CPU_1.srcs/sources_1/new/ioread.v" into library xil_defaultlib
INFO: [VRFC 10-311] analyzing module ioread
INFO: [VRFC 10-2263] Analyzing Verilog file "C:/Users/gmcc/Desktop/CPU_1_sssw/CPU_1/CPU_1.srcs/sources_1/new/leds.v" into library xil_defaultlib
INFO: [VRFC 10-311] analyzing module leds
INFO: [VRFC 10-2263] Analyzing Verilog file "C:/Users/gmcc/Desktop/CPU_1_sssw/CPU_1/CPU_1.srcs/sources_1/new/programrom.v" into library xil_defaultlib
INFO: [VRFC 10-311] analyzing module programrom
INFO: [VRFC 10-2263] Analyzing Verilog file "C:/Users/gmcc/Desktop/CPU_1_sssw/CPU_1/CPU_1.srcs/sources_1/new/segtube.v" into library xil_defaultlib
INFO: [VRFC 10-311] analyzing module segtube
INFO: [VRFC 10-2263] Analyzing Verilog file "C:/Users/gmcc/Desktop/CPU_1_sssw/CPU_1/CPU_1.srcs/sim_1/new/testTop.v" into library xil_defaultlib
INFO: [VRFC 10-311] analyzing module testTop
INFO: [USF-XSim-69] 'compile' step finished in '2' seconds
INFO: [USF-XSim-3] XSim::Elaborate design
INFO: [USF-XSim-61] Executing 'ELABORATE' step in 'C:/Users/gmcc/Desktop/CPU_1_sssw/CPU_1/CPU_1.sim/sim_1/behav/xsim'
Vivado Simulator 2017.4
Copyright 1986-1999, 2001-2016 Xilinx, Inc. All Rights Reserved.
Running: D:/Vivado/2017.4/bin/unwrapped/win64.o/xelab.exe -wto 88ed1ee7fb4d40ec8810edab0fb988a6 --incr --debug typical --relax --mt 2 -L blk_mem_gen_v8_4_1 -L xil_defaultlib -L unisims_ver -L unimacro_ver -L secureip -L xpm --snapshot testTop_behav xil_defaultlib.testTop xil_defaultlib.glbl -log elaborate.log 
Using 2 slave threads.
Starting static elaboration
WARNING: [VRFC 10-1783] select index 62 into current_contents is out of bounds [/wrk/2017.4/nightly/2017_12_15_2086221/packages/customer/vivado/data/ip/xilinx/blk_mem_gen_v8_4/simulation/blk_mem_gen_v8_4.v:2420]
Completed static elaboration
Starting simulation data flow analysis
Completed simulation data flow analysis
Time Resolution for simulation is 1ps
Compiling module unisims_ver.BUFG
Compiling module unisims_ver.PLLE2_ADV(CLKFBOUT_MULT=41,CLKIN...
Compiling module xil_defaultlib.cpuclk_clk_wiz
Compiling module xil_defaultlib.cpuclk
Compiling module xil_defaultlib.uart_bmpg
Compiling module xil_defaultlib.upg
Compiling module xil_defaultlib.uart_bmpg_0
Compiling module blk_mem_gen_v8_4_1.blk_mem_gen_v8_4_1_output_stage(...
Compiling module blk_mem_gen_v8_4_1.blk_mem_gen_v8_4_1_softecc_outpu...
Compiling module blk_mem_gen_v8_4_1.blk_mem_gen_v8_4_1_mem_module(C_...
Compiling module blk_mem_gen_v8_4_1.blk_mem_gen_v8_4_1(C_FAMILY="art...
Compiling module xil_defaultlib.prgrom
Compiling module xil_defaultlib.programrom
Compiling module xil_defaultlib.IFetc32
Compiling module xil_defaultlib.Controller
Compiling module xil_defaultlib.ALU
Compiling module xil_defaultlib.MemOrIO
Compiling module xil_defaultlib.leds
Compiling module xil_defaultlib.ioread
Compiling module blk_mem_gen_v8_4_1.blk_mem_gen_v8_4_1_mem_module(C_...
Compiling module blk_mem_gen_v8_4_1.blk_mem_gen_v8_4_1(C_FAMILY="art...
Compiling module xil_defaultlib.RAM
Compiling module xil_defaultlib.dmemory32
Compiling module xil_defaultlib.Decoder
Compiling module xil_defaultlib.segtube
Compiling module xil_defaultlib.Top
Compiling module xil_defaultlib.testTop
Compiling module xil_defaultlib.glbl
Built simulation snapshot testTop_behav
INFO: [USF-XSim-69] 'elaborate' step finished in '4' seconds
INFO: [USF-XSim-4] XSim::Simulate design
INFO: [USF-XSim-61] Executing 'SIMULATE' step in 'C:/Users/gmcc/Desktop/CPU_1_sssw/CPU_1/CPU_1.sim/sim_1/behav/xsim'
INFO: [USF-XSim-98] *** Running xsim
   with args "testTop_behav -key {Behavioral:sim_1:Functional:testTop} -tclbatch {testTop.tcl} -log {simulate.log}"
INFO: [USF-XSim-8] Loading simulator feature
Vivado Simulator 2017.4
Time resolution is 1 ps
source testTop.tcl
# set curr_wave [current_wave_config]
# if { [string length $curr_wave] == 0 } {
#   if { [llength [get_objects]] > 0} {
#     add_wave /
#     set_property needs_save false [current_wave_config]
#   } else {
#      send_msg_id Add_Wave-1 WARNING "No top level signals found. Simulator will start without a wave window. If you want to open a wave window go to 'File->New Waveform Configuration' or type 'create_wave_config' in the TCL console."
#   }
# }
# run 100000000ns
 Block Memory Generator module loading initial data...
 Block Memory Generator data initialization complete.
Block Memory Generator module testTop.tt.pgr.instmem.inst.native_mem_module.blk_mem_gen_v8_4_1_inst is using a behavioral model for simulation which will not precisely model memory collision behavior.
 Block Memory Generator module loading initial data...
 Block Memory Generator data initialization complete.
Block Memory Generator module testTop.tt.dm.ram.inst.native_mem_module.blk_mem_gen_v8_4_1_inst is using a behavioral model for simulation which will not precisely model memory collision behavior.
$finish called at time : 12320 ns : File "C:/Users/gmcc/Desktop/CPU_1_sssw/CPU_1/CPU_1.srcs/sim_1/new/testTop.v" Line 125
INFO: [USF-XSim-96] XSim completed. Design snapshot 'testTop_behav' loaded.
INFO: [USF-XSim-97] XSim simulation ran for 100000000ns
launch_simulation: Time (s): cpu = 00:00:05 ; elapsed = 00:00:10 . Memory (MB): peak = 1021.082 ; gain = 0.000
open_hw
connect_hw_server
INFO: [Labtools 27-2285] Connecting to hw_server url TCP:localhost:3121
INFO: [Labtools 27-2222] Launching hw_server...
INFO: [Labtools 27-2221] Launch Output:

****** Xilinx hw_server v2017.4
  **** Build date : Dec 15 2017-21:08:27
    ** Copyright 1986-2017 Xilinx, Inc. All Rights Reserved.


disconnect_hw_server localhost:3121
connect_hw_server
INFO: [Labtools 27-2285] Connecting to hw_server url TCP:localhost:3121
disconnect_hw_server localhost:3121
connect_hw_server
INFO: [Labtools 27-2285] Connecting to hw_server url TCP:localhost:3121
open_hw_target
INFO: [Labtoolstcl 44-466] Opening hw_target localhost:3121/xilinx_tcf/Xilinx/1234-tulA
set_property PROGRAM.FILE {C:/Users/gmcc/Desktop/CPU_1_sssw/CPU_1/CPU_1.runs/impl_2/Top.bit} [get_hw_devices xc7a35t_0]
current_hw_device [get_hw_devices xc7a35t_0]
refresh_hw_device -update_hw_probes false [lindex [get_hw_devices xc7a35t_0] 0]
INFO: [Labtools 27-1434] Device xc7a35t (JTAG device index = 0) is programmed with a design that has no supported debug core(s) in it.
WARNING: [Labtools 27-3361] The debug hub core was not detected.
Resolution: 
1. Make sure the clock connected to the debug hub (dbg_hub) core is a free running clock and is active.
2. Make sure the BSCAN_SWITCH_USER_MASK device property in Vivado Hardware Manager reflects the user scan chain setting in the design and refresh the device.  To determine the user scan chain setting in the design, open the implemented design and use 'get_property C_USER_SCAN_CHAIN [get_debug_cores dbg_hub]'.
For more details on setting the scan chain property, consult the Vivado Debug and Programming User Guide (UG908).
set_property PROBES.FILE {} [get_hw_devices xc7a35t_0]
set_property FULL_PROBES.FILE {} [get_hw_devices xc7a35t_0]
set_property PROGRAM.FILE {C:/Users/gmcc/Desktop/CPU_1_sssw/CPU_1/CPU_1.runs/impl_2/Top.bit} [get_hw_devices xc7a35t_0]
program_hw_devices [get_hw_devices xc7a35t_0]
INFO: [Labtools 27-3164] End of startup status: HIGH
refresh_hw_device [lindex [get_hw_devices xc7a35t_0] 0]
INFO: [Labtools 27-1434] Device xc7a35t (JTAG device index = 0) is programmed with a design that has no supported debug core(s) in it.
WARNING: [Labtools 27-3361] The debug hub core was not detected.
Resolution: 
1. Make sure the clock connected to the debug hub (dbg_hub) core is a free running clock and is active.
2. Make sure the BSCAN_SWITCH_USER_MASK device property in Vivado Hardware Manager reflects the user scan chain setting in the design and refresh the device.  To determine the user scan chain setting in the design, open the implemented design and use 'get_property C_USER_SCAN_CHAIN [get_debug_cores dbg_hub]'.
For more details on setting the scan chain property, consult the Vivado Debug and Programming User Guide (UG908).
close_sim
INFO: [Simtcl 6-16] Simulation closed
launch_simulation
INFO: [Vivado 12-5698] Checking validity of IPs in the design for the 'XSim' simulator...
INFO: [Vivado 12-5682] Launching behavioral simulation in 'C:/Users/gmcc/Desktop/CPU_1_sssw/CPU_1/CPU_1.sim/sim_1/behav/xsim'
INFO: [Vivado 12-4795] Using compiled simulation libraries for IPs
INFO: [SIM-utils-51] Simulation object is 'sim_1'
INFO: [USF-XSim-7] Finding pre-compiled libraries...
INFO: [USF-XSim-11] File 'D:/Vivado/2017.4/data/xsim/ip/xsim_ip.ini' copied to run dir:'C:/Users/gmcc/Desktop/CPU_1_sssw/CPU_1/CPU_1.sim/sim_1/behav/xsim'
INFO: [SIM-utils-54] Inspecting design source files for 'testTop' in fileset 'sim_1'...
INFO: [SIM-utils-43] Exported 'C:/Users/gmcc/Desktop/CPU_1_sssw/CPU_1/CPU_1.sim/sim_1/behav/xsim/RAM.mif'
INFO: [SIM-utils-43] Exported 'C:/Users/gmcc/Desktop/CPU_1_sssw/CPU_1/CPU_1.sim/sim_1/behav/xsim/dmem32.coe'
INFO: [SIM-utils-43] Exported 'C:/Users/gmcc/Desktop/CPU_1_sssw/CPU_1/CPU_1.sim/sim_1/behav/xsim/prgrom.mif'
INFO: [SIM-utils-43] Exported 'C:/Users/gmcc/Desktop/CPU_1_sssw/CPU_1/CPU_1.sim/sim_1/behav/xsim/prgmip32.coe'
INFO: [USF-XSim-97] Finding global include files...
INFO: [USF-XSim-98] Fetching design files from 'sim_1'...
INFO: [USF-XSim-2] XSim::Compile design
INFO: [USF-XSim-61] Executing 'COMPILE and ANALYZE' step in 'C:/Users/gmcc/Desktop/CPU_1_sssw/CPU_1/CPU_1.sim/sim_1/behav/xsim'
"xvlog --incr --relax -prj testTop_vlog.prj"
INFO: [VRFC 10-2263] Analyzing Verilog file "C:/Users/gmcc/Desktop/CPU_1_sssw/CPU_1/CPU_1.srcs/sources_1/ip/RAM_1/sim/RAM.v" into library xil_defaultlib
INFO: [VRFC 10-311] analyzing module RAM
INFO: [VRFC 10-2263] Analyzing Verilog file "C:/Users/gmcc/Desktop/CPU_1_sssw/CPU_1/CPU_1.srcs/sources_1/ip/prgrom_1/sim/prgrom.v" into library xil_defaultlib
INFO: [VRFC 10-311] analyzing module prgrom
INFO: [VRFC 10-2263] Analyzing Verilog file "C:/Users/gmcc/Desktop/CPU_1_sssw/CPU_1/CPU_1.srcs/sources_1/ip/uart_bmpg_0_1/uart_bmpg.v" into library xil_defaultlib
INFO: [VRFC 10-311] analyzing module uart_bmpg
INFO: [VRFC 10-2263] Analyzing Verilog file "C:/Users/gmcc/Desktop/CPU_1_sssw/CPU_1/CPU_1.srcs/sources_1/ip/uart_bmpg_0_1/upg.v" into library xil_defaultlib
INFO: [VRFC 10-311] analyzing module upg
INFO: [VRFC 10-2263] Analyzing Verilog file "C:/Users/gmcc/Desktop/CPU_1_sssw/CPU_1/CPU_1.srcs/sources_1/ip/uart_bmpg_0_1/sim/uart_bmpg_0.v" into library xil_defaultlib
INFO: [VRFC 10-311] analyzing module uart_bmpg_0
INFO: [VRFC 10-2263] Analyzing Verilog file "C:/Users/gmcc/Desktop/CPU_1_sssw/CPU_1/CPU_1.srcs/sources_1/ip/cpuclk_2/cpuclk_clk_wiz.v" into library xil_defaultlib
INFO: [VRFC 10-311] analyzing module cpuclk_clk_wiz
INFO: [VRFC 10-2263] Analyzing Verilog file "C:/Users/gmcc/Desktop/CPU_1_sssw/CPU_1/CPU_1.srcs/sources_1/ip/cpuclk_2/cpuclk.v" into library xil_defaultlib
INFO: [VRFC 10-311] analyzing module cpuclk
INFO: [VRFC 10-2263] Analyzing Verilog file "C:/Users/gmcc/Desktop/CPU_1_sssw/CPU_1/CPU_1.srcs/sources_1/new/ALU.v" into library xil_defaultlib
INFO: [VRFC 10-311] analyzing module ALU
INFO: [VRFC 10-2263] Analyzing Verilog file "C:/Users/gmcc/Desktop/CPU_1_sssw/CPU_1/CPU_1.srcs/sources_1/new/Controller.v" into library xil_defaultlib
INFO: [VRFC 10-311] analyzing module Controller
INFO: [VRFC 10-2263] Analyzing Verilog file "C:/Users/gmcc/Desktop/CPU_1_sssw/CPU_1/CPU_1.srcs/sources_1/new/Decoder.v" into library xil_defaultlib
INFO: [VRFC 10-311] analyzing module Decoder
INFO: [VRFC 10-2263] Analyzing Verilog file "C:/Users/gmcc/Desktop/CPU_1_sssw/CPU_1/CPU_1.srcs/sources_1/new/IFetc32.v" into library xil_defaultlib
INFO: [VRFC 10-311] analyzing module IFetc32
INFO: [VRFC 10-2263] Analyzing Verilog file "C:/Users/gmcc/Desktop/CPU_1_sssw/CPU_1/CPU_1.srcs/sources_1/new/MemOrIO.v" into library xil_defaultlib
INFO: [VRFC 10-311] analyzing module MemOrIO
INFO: [VRFC 10-2263] Analyzing Verilog file "C:/Users/gmcc/Desktop/CPU_1_sssw/CPU_1/CPU_1.srcs/sources_1/new/Top.v" into library xil_defaultlib
INFO: [VRFC 10-311] analyzing module Top
INFO: [VRFC 10-2263] Analyzing Verilog file "C:/Users/gmcc/Desktop/CPU_1_sssw/CPU_1/CPU_1.srcs/sources_1/new/dmemory32.v" into library xil_defaultlib
INFO: [VRFC 10-311] analyzing module dmemory32
INFO: [VRFC 10-2263] Analyzing Verilog file "C:/Users/gmcc/Desktop/CPU_1_sssw/CPU_1/CPU_1.srcs/sources_1/new/ioread.v" into library xil_defaultlib
INFO: [VRFC 10-311] analyzing module ioread
INFO: [VRFC 10-2263] Analyzing Verilog file "C:/Users/gmcc/Desktop/CPU_1_sssw/CPU_1/CPU_1.srcs/sources_1/new/leds.v" into library xil_defaultlib
INFO: [VRFC 10-311] analyzing module leds
INFO: [VRFC 10-2263] Analyzing Verilog file "C:/Users/gmcc/Desktop/CPU_1_sssw/CPU_1/CPU_1.srcs/sources_1/new/programrom.v" into library xil_defaultlib
INFO: [VRFC 10-311] analyzing module programrom
INFO: [VRFC 10-2263] Analyzing Verilog file "C:/Users/gmcc/Desktop/CPU_1_sssw/CPU_1/CPU_1.srcs/sources_1/new/segtube.v" into library xil_defaultlib
INFO: [VRFC 10-311] analyzing module segtube
INFO: [VRFC 10-2263] Analyzing Verilog file "C:/Users/gmcc/Desktop/CPU_1_sssw/CPU_1/CPU_1.srcs/sim_1/new/testTop.v" into library xil_defaultlib
INFO: [VRFC 10-311] analyzing module testTop
INFO: [USF-XSim-69] 'compile' step finished in '2' seconds
INFO: [USF-XSim-3] XSim::Elaborate design
INFO: [USF-XSim-61] Executing 'ELABORATE' step in 'C:/Users/gmcc/Desktop/CPU_1_sssw/CPU_1/CPU_1.sim/sim_1/behav/xsim'
Vivado Simulator 2017.4
Copyright 1986-1999, 2001-2016 Xilinx, Inc. All Rights Reserved.
Running: D:/Vivado/2017.4/bin/unwrapped/win64.o/xelab.exe -wto 88ed1ee7fb4d40ec8810edab0fb988a6 --incr --debug typical --relax --mt 2 -L blk_mem_gen_v8_4_1 -L xil_defaultlib -L unisims_ver -L unimacro_ver -L secureip -L xpm --snapshot testTop_behav xil_defaultlib.testTop xil_defaultlib.glbl -log elaborate.log 
Using 2 slave threads.
Starting static elaboration
WARNING: [VRFC 10-1783] select index 62 into current_contents is out of bounds [/wrk/2017.4/nightly/2017_12_15_2086221/packages/customer/vivado/data/ip/xilinx/blk_mem_gen_v8_4/simulation/blk_mem_gen_v8_4.v:2420]
Completed static elaboration
Starting simulation data flow analysis
Completed simulation data flow analysis
Time Resolution for simulation is 1ps
Compiling module unisims_ver.BUFG
Compiling module unisims_ver.PLLE2_ADV(CLKFBOUT_MULT=41,CLKIN...
Compiling module xil_defaultlib.cpuclk_clk_wiz
Compiling module xil_defaultlib.cpuclk
Compiling module xil_defaultlib.uart_bmpg
Compiling module xil_defaultlib.upg
Compiling module xil_defaultlib.uart_bmpg_0
Compiling module blk_mem_gen_v8_4_1.blk_mem_gen_v8_4_1_output_stage(...
Compiling module blk_mem_gen_v8_4_1.blk_mem_gen_v8_4_1_softecc_outpu...
Compiling module blk_mem_gen_v8_4_1.blk_mem_gen_v8_4_1_mem_module(C_...
Compiling module blk_mem_gen_v8_4_1.blk_mem_gen_v8_4_1(C_FAMILY="art...
Compiling module xil_defaultlib.prgrom
Compiling module xil_defaultlib.programrom
Compiling module xil_defaultlib.IFetc32
Compiling module xil_defaultlib.Controller
Compiling module xil_defaultlib.ALU
Compiling module xil_defaultlib.MemOrIO
Compiling module xil_defaultlib.leds
Compiling module xil_defaultlib.ioread
Compiling module blk_mem_gen_v8_4_1.blk_mem_gen_v8_4_1_mem_module(C_...
Compiling module blk_mem_gen_v8_4_1.blk_mem_gen_v8_4_1(C_FAMILY="art...
Compiling module xil_defaultlib.RAM
Compiling module xil_defaultlib.dmemory32
Compiling module xil_defaultlib.Decoder
Compiling module xil_defaultlib.segtube
Compiling module xil_defaultlib.Top
Compiling module xil_defaultlib.testTop
Compiling module xil_defaultlib.glbl
Built simulation snapshot testTop_behav
run_program: Time (s): cpu = 00:00:00 ; elapsed = 00:00:06 . Memory (MB): peak = 1621.664 ; gain = 0.000
INFO: [USF-XSim-69] 'elaborate' step finished in '7' seconds
INFO: [USF-XSim-4] XSim::Simulate design
INFO: [USF-XSim-61] Executing 'SIMULATE' step in 'C:/Users/gmcc/Desktop/CPU_1_sssw/CPU_1/CPU_1.sim/sim_1/behav/xsim'
INFO: [USF-XSim-98] *** Running xsim
   with args "testTop_behav -key {Behavioral:sim_1:Functional:testTop} -tclbatch {testTop.tcl} -log {simulate.log}"
INFO: [USF-XSim-8] Loading simulator feature
Vivado Simulator 2017.4
Time resolution is 1 ps
source testTop.tcl
# set curr_wave [current_wave_config]
# if { [string length $curr_wave] == 0 } {
#   if { [llength [get_objects]] > 0} {
#     add_wave /
#     set_property needs_save false [current_wave_config]
#   } else {
#      send_msg_id Add_Wave-1 WARNING "No top level signals found. Simulator will start without a wave window. If you want to open a wave window go to 'File->New Waveform Configuration' or type 'create_wave_config' in the TCL console."
#   }
# }
# run 100000000ns
 Block Memory Generator module loading initial data...
 Block Memory Generator data initialization complete.
Block Memory Generator module testTop.tt.pgr.instmem.inst.native_mem_module.blk_mem_gen_v8_4_1_inst is using a behavioral model for simulation which will not precisely model memory collision behavior.
 Block Memory Generator module loading initial data...
 Block Memory Generator data initialization complete.
Block Memory Generator module testTop.tt.dm.ram.inst.native_mem_module.blk_mem_gen_v8_4_1_inst is using a behavioral model for simulation which will not precisely model memory collision behavior.
$finish called at time : 12320 ns : File "C:/Users/gmcc/Desktop/CPU_1_sssw/CPU_1/CPU_1.srcs/sim_1/new/testTop.v" Line 125
INFO: [USF-XSim-96] XSim completed. Design snapshot 'testTop_behav' loaded.
INFO: [USF-XSim-97] XSim simulation ran for 100000000ns
launch_simulation: Time (s): cpu = 00:00:05 ; elapsed = 00:00:17 . Memory (MB): peak = 1625.656 ; gain = 3.992
set_property PROBES.FILE {} [get_hw_devices xc7a35t_0]
set_property FULL_PROBES.FILE {} [get_hw_devices xc7a35t_0]
set_property PROGRAM.FILE {C:/Users/gmcc/Desktop/CPU_1_sssw/CPU_1/CPU_1.runs/impl_2/Top.bit} [get_hw_devices xc7a35t_0]
program_hw_devices [get_hw_devices xc7a35t_0]
INFO: [Labtools 27-3164] End of startup status: HIGH
refresh_hw_device [lindex [get_hw_devices xc7a35t_0] 0]
INFO: [Labtools 27-1434] Device xc7a35t (JTAG device index = 0) is programmed with a design that has no supported debug core(s) in it.
WARNING: [Labtools 27-3361] The debug hub core was not detected.
Resolution: 
1. Make sure the clock connected to the debug hub (dbg_hub) core is a free running clock and is active.
2. Make sure the BSCAN_SWITCH_USER_MASK device property in Vivado Hardware Manager reflects the user scan chain setting in the design and refresh the device.  To determine the user scan chain setting in the design, open the implemented design and use 'get_property C_USER_SCAN_CHAIN [get_debug_cores dbg_hub]'.
For more details on setting the scan chain property, consult the Vivado Debug and Programming User Guide (UG908).
reset_run synth_2
WARNING: [Vivado 12-1017] Problems encountered:
1. Failed to delete one or more files in run directory C:/Users/gmcc/Desktop/CPU_1_sssw/CPU_1/CPU_1.runs/synth_2

launch_runs impl_2 -to_step write_bitstream -jobs 4
[Sat May 27 02:26:41 2023] Launched synth_2...
Run output will be captured here: C:/Users/gmcc/Desktop/CPU_1_sssw/CPU_1/CPU_1.runs/synth_2/runme.log
[Sat May 27 02:26:41 2023] Launched impl_2...
Run output will be captured here: C:/Users/gmcc/Desktop/CPU_1_sssw/CPU_1/CPU_1.runs/impl_2/runme.log
set_property PROBES.FILE {} [get_hw_devices xc7a35t_0]
set_property FULL_PROBES.FILE {} [get_hw_devices xc7a35t_0]
set_property PROGRAM.FILE {C:/Users/gmcc/Desktop/CPU_1_sssw/CPU_1/CPU_1.runs/impl_2/Top.bit} [get_hw_devices xc7a35t_0]
program_hw_devices [get_hw_devices xc7a35t_0]
INFO: [Labtools 27-3164] End of startup status: HIGH
refresh_hw_device [lindex [get_hw_devices xc7a35t_0] 0]
INFO: [Labtools 27-1434] Device xc7a35t (JTAG device index = 0) is programmed with a design that has no supported debug core(s) in it.
WARNING: [Labtools 27-3361] The debug hub core was not detected.
Resolution: 
1. Make sure the clock connected to the debug hub (dbg_hub) core is a free running clock and is active.
2. Make sure the BSCAN_SWITCH_USER_MASK device property in Vivado Hardware Manager reflects the user scan chain setting in the design and refresh the device.  To determine the user scan chain setting in the design, open the implemented design and use 'get_property C_USER_SCAN_CHAIN [get_debug_cores dbg_hub]'.
For more details on setting the scan chain property, consult the Vivado Debug and Programming User Guide (UG908).
set_property PROBES.FILE {} [get_hw_devices xc7a35t_0]
set_property FULL_PROBES.FILE {} [get_hw_devices xc7a35t_0]
set_property PROGRAM.FILE {C:/Users/gmcc/Desktop/CPU_1_sssw/CPU_1/CPU_1.runs/impl_2/Top.bit} [get_hw_devices xc7a35t_0]
program_hw_devices [get_hw_devices xc7a35t_0]
INFO: [Labtools 27-3164] End of startup status: HIGH
refresh_hw_device [lindex [get_hw_devices xc7a35t_0] 0]
INFO: [Labtools 27-1434] Device xc7a35t (JTAG device index = 0) is programmed with a design that has no supported debug core(s) in it.
WARNING: [Labtools 27-3361] The debug hub core was not detected.
Resolution: 
1. Make sure the clock connected to the debug hub (dbg_hub) core is a free running clock and is active.
2. Make sure the BSCAN_SWITCH_USER_MASK device property in Vivado Hardware Manager reflects the user scan chain setting in the design and refresh the device.  To determine the user scan chain setting in the design, open the implemented design and use 'get_property C_USER_SCAN_CHAIN [get_debug_cores dbg_hub]'.
For more details on setting the scan chain property, consult the Vivado Debug and Programming User Guide (UG908).
close_sim
INFO: [Simtcl 6-16] Simulation closed
close_sim: Time (s): cpu = 00:00:04 ; elapsed = 00:00:07 . Memory (MB): peak = 1739.531 ; gain = 0.000
exit
INFO: [Common 17-206] Exiting Vivado at Sat May 27 02:33:58 2023...
