#-----------------------------------------------------------
# Vivado v2017.4 (64-bit)
# SW Build 2086221 on Fri Dec 15 20:55:39 MST 2017
# IP Build 2085800 on Fri Dec 15 22:25:07 MST 2017
# Start of session at: Sat May 27 00:13:53 2023
# Process ID: 13532
# Current directory: C:/Users/gmcc/Desktop/CPU_1_sssw/CPU_1
# Command line: vivado.exe -gui_launcher_event rodinguilauncherevent13784 C:\Users\gmcc\Desktop\CPU_1_sssw\CPU_1\CPU_1.xpr
# Log file: C:/Users/gmcc/Desktop/CPU_1_sssw/CPU_1/vivado.log
# Journal file: C:/Users/gmcc/Desktop/CPU_1_sssw/CPU_1\vivado.jou
#-----------------------------------------------------------
start_gui
open_project C:/Users/gmcc/Desktop/CPU_1_sssw/CPU_1/CPU_1.xpr
INFO: [Project 1-313] Project file moved from 'C:/Users/gmcc/Desktop/cpu1/CPU_1' since last save.
Scanning sources...
Finished scanning sources
INFO: [IP_Flow 19-234] Refreshing IP repositories
INFO: [IP_Flow 19-1700] Loaded user IP repository 'c:/Users/gmcc/Desktop/CPU_1_sssw/CPU_1/CPU_1.srcs/sources_1/ip/SEU_CSE_507_user_uart_bmpg_1.3'.
INFO: [IP_Flow 19-2313] Loaded Vivado IP repository 'D:/Vivado/2017.4/data/ip'.
open_project: Time (s): cpu = 00:00:28 ; elapsed = 00:00:17 . Memory (MB): peak = 726.445 ; gain = 39.164
update_compile_order -fileset sources_1
open_hw
connect_hw_server
INFO: [Labtools 27-2285] Connecting to hw_server url TCP:localhost:3121
INFO: [Labtools 27-2222] Launching hw_server...
INFO: [Labtools 27-2221] Launch Output:

****** Xilinx hw_server v2017.4
  **** Build date : Dec 15 2017-21:08:27
    ** Copyright 1986-2017 Xilinx, Inc. All Rights Reserved.


connect_hw_server: Time (s): cpu = 00:00:02 ; elapsed = 00:00:06 . Memory (MB): peak = 763.988 ; gain = 0.711
open_hw_target
INFO: [Labtoolstcl 44-466] Opening hw_target localhost:3121/xilinx_tcf/Xilinx/1234-tulA
open_hw_target: Time (s): cpu = 00:00:07 ; elapsed = 00:00:06 . Memory (MB): peak = 1346.645 ; gain = 582.656
set_property PROGRAM.FILE {C:/Users/gmcc/Desktop/CPU_1_sssw/CPU_1/CPU_1.runs/impl_2/Top.bit} [get_hw_devices xc7a35t_0]
current_hw_device [get_hw_devices xc7a35t_0]
refresh_hw_device -update_hw_probes false [lindex [get_hw_devices xc7a35t_0] 0]
INFO: [Labtools 27-1434] Device xc7a35t (JTAG device index = 0) is programmed with a design that has no supported debug core(s) in it.
WARNING: [Labtools 27-3361] The debug hub core was not detected.
Resolution: 
1. Make sure the clock connected to the debug hub (dbg_hub) core is a free running clock and is active.
2. Make sure the BSCAN_SWITCH_USER_MASK device property in Vivado Hardware Manager reflects the user scan chain setting in the design and refresh the device.  To determine the user scan chain setting in the design, open the implemented design and use 'get_property C_USER_SCAN_CHAIN [get_debug_cores dbg_hub]'.
For more details on setting the scan chain property, consult the Vivado Debug and Programming User Guide (UG908).
set_property PROBES.FILE {} [get_hw_devices xc7a35t_0]
set_property FULL_PROBES.FILE {} [get_hw_devices xc7a35t_0]
set_property PROGRAM.FILE {C:/Users/gmcc/Desktop/CPU_1_sssw/CPU_1/CPU_1.runs/impl_2/Top.bit} [get_hw_devices xc7a35t_0]
program_hw_devices [get_hw_devices xc7a35t_0]
INFO: [Labtools 27-3164] End of startup status: HIGH
refresh_hw_device [lindex [get_hw_devices xc7a35t_0] 0]
INFO: [Labtools 27-1434] Device xc7a35t (JTAG device index = 0) is programmed with a design that has no supported debug core(s) in it.
WARNING: [Labtools 27-3361] The debug hub core was not detected.
Resolution: 
1. Make sure the clock connected to the debug hub (dbg_hub) core is a free running clock and is active.
2. Make sure the BSCAN_SWITCH_USER_MASK device property in Vivado Hardware Manager reflects the user scan chain setting in the design and refresh the device.  To determine the user scan chain setting in the design, open the implemented design and use 'get_property C_USER_SCAN_CHAIN [get_debug_cores dbg_hub]'.
For more details on setting the scan chain property, consult the Vivado Debug and Programming User Guide (UG908).
reset_run impl_2 -prev_step 
launch_runs impl_2 -to_step write_bitstream -jobs 4
WARNING: [Vivado 12-872] Run step 'Design Initialization' is out-of-date.
[Sat May 27 00:16:31 2023] Launched impl_2...
Run output will be captured here: C:/Users/gmcc/Desktop/CPU_1_sssw/CPU_1/CPU_1.runs/impl_2/runme.log
set_property PROBES.FILE {} [get_hw_devices xc7a35t_0]
set_property FULL_PROBES.FILE {} [get_hw_devices xc7a35t_0]
set_property PROGRAM.FILE {C:/Users/gmcc/Desktop/CPU_1_sssw/CPU_1/CPU_1.runs/impl_2/Top.bit} [get_hw_devices xc7a35t_0]
program_hw_devices [get_hw_devices xc7a35t_0]
INFO: [Labtools 27-3164] End of startup status: HIGH
refresh_hw_device [lindex [get_hw_devices xc7a35t_0] 0]
INFO: [Labtools 27-1434] Device xc7a35t (JTAG device index = 0) is programmed with a design that has no supported debug core(s) in it.
WARNING: [Labtools 27-3361] The debug hub core was not detected.
Resolution: 
1. Make sure the clock connected to the debug hub (dbg_hub) core is a free running clock and is active.
2. Make sure the BSCAN_SWITCH_USER_MASK device property in Vivado Hardware Manager reflects the user scan chain setting in the design and refresh the device.  To determine the user scan chain setting in the design, open the implemented design and use 'get_property C_USER_SCAN_CHAIN [get_debug_cores dbg_hub]'.
For more details on setting the scan chain property, consult the Vivado Debug and Programming User Guide (UG908).
reset_run synth_2
launch_runs impl_2 -to_step write_bitstream -jobs 4
[Sat May 27 00:30:07 2023] Launched synth_2...
Run output will be captured here: C:/Users/gmcc/Desktop/CPU_1_sssw/CPU_1/CPU_1.runs/synth_2/runme.log
[Sat May 27 00:30:08 2023] Launched impl_2...
Run output will be captured here: C:/Users/gmcc/Desktop/CPU_1_sssw/CPU_1/CPU_1.runs/impl_2/runme.log
set_property PROBES.FILE {} [get_hw_devices xc7a35t_0]
set_property FULL_PROBES.FILE {} [get_hw_devices xc7a35t_0]
set_property PROGRAM.FILE {C:/Users/gmcc/Desktop/CPU_1_sssw/CPU_1/CPU_1.runs/impl_2/Top.bit} [get_hw_devices xc7a35t_0]
program_hw_devices [get_hw_devices xc7a35t_0]
INFO: [Labtools 27-3164] End of startup status: HIGH
refresh_hw_device [lindex [get_hw_devices xc7a35t_0] 0]
INFO: [Labtools 27-1434] Device xc7a35t (JTAG device index = 0) is programmed with a design that has no supported debug core(s) in it.
WARNING: [Labtools 27-3361] The debug hub core was not detected.
Resolution: 
1. Make sure the clock connected to the debug hub (dbg_hub) core is a free running clock and is active.
2. Make sure the BSCAN_SWITCH_USER_MASK device property in Vivado Hardware Manager reflects the user scan chain setting in the design and refresh the device.  To determine the user scan chain setting in the design, open the implemented design and use 'get_property C_USER_SCAN_CHAIN [get_debug_cores dbg_hub]'.
For more details on setting the scan chain property, consult the Vivado Debug and Programming User Guide (UG908).
reset_run synth_2
launch_runs impl_2 -to_step write_bitstream -jobs 4
[Sat May 27 00:41:40 2023] Launched synth_2...
Run output will be captured here: C:/Users/gmcc/Desktop/CPU_1_sssw/CPU_1/CPU_1.runs/synth_2/runme.log
[Sat May 27 00:41:40 2023] Launched impl_2...
Run output will be captured here: C:/Users/gmcc/Desktop/CPU_1_sssw/CPU_1/CPU_1.runs/impl_2/runme.log
reset_run synth_2
WARNING: [Vivado 12-1017] Problems encountered:
1. PID not specified

launch_runs impl_2 -to_step write_bitstream -jobs 4
[Sat May 27 00:41:51 2023] Launched synth_2...
Run output will be captured here: C:/Users/gmcc/Desktop/CPU_1_sssw/CPU_1/CPU_1.runs/synth_2/runme.log
[Sat May 27 00:41:51 2023] Launched impl_2...
Run output will be captured here: C:/Users/gmcc/Desktop/CPU_1_sssw/CPU_1/CPU_1.runs/impl_2/runme.log
reset_run synth_2
launch_runs impl_2 -to_step write_bitstream -jobs 4
[Sat May 27 00:42:01 2023] Launched synth_2...
Run output will be captured here: C:/Users/gmcc/Desktop/CPU_1_sssw/CPU_1/CPU_1.runs/synth_2/runme.log
[Sat May 27 00:42:02 2023] Launched impl_2...
Run output will be captured here: C:/Users/gmcc/Desktop/CPU_1_sssw/CPU_1/CPU_1.runs/impl_2/runme.log
set_property PROBES.FILE {} [get_hw_devices xc7a35t_0]
set_property FULL_PROBES.FILE {} [get_hw_devices xc7a35t_0]
set_property PROGRAM.FILE {C:/Users/gmcc/Desktop/CPU_1_sssw/CPU_1/CPU_1.runs/impl_2/Top.bit} [get_hw_devices xc7a35t_0]
program_hw_devices [get_hw_devices xc7a35t_0]
INFO: [Labtools 27-3164] End of startup status: HIGH
refresh_hw_device [lindex [get_hw_devices xc7a35t_0] 0]
INFO: [Labtools 27-1434] Device xc7a35t (JTAG device index = 0) is programmed with a design that has no supported debug core(s) in it.
WARNING: [Labtools 27-3361] The debug hub core was not detected.
Resolution: 
1. Make sure the clock connected to the debug hub (dbg_hub) core is a free running clock and is active.
2. Make sure the BSCAN_SWITCH_USER_MASK device property in Vivado Hardware Manager reflects the user scan chain setting in the design and refresh the device.  To determine the user scan chain setting in the design, open the implemented design and use 'get_property C_USER_SCAN_CHAIN [get_debug_cores dbg_hub]'.
For more details on setting the scan chain property, consult the Vivado Debug and Programming User Guide (UG908).
set_property PROBES.FILE {} [get_hw_devices xc7a35t_0]
set_property FULL_PROBES.FILE {} [get_hw_devices xc7a35t_0]
set_property PROGRAM.FILE {C:/Users/gmcc/Desktop/CPU_1_sssw/CPU_1/CPU_1.runs/impl_2/Top.bit} [get_hw_devices xc7a35t_0]
program_hw_devices [get_hw_devices xc7a35t_0]
INFO: [Labtools 27-3164] End of startup status: HIGH
refresh_hw_device [lindex [get_hw_devices xc7a35t_0] 0]
INFO: [Labtools 27-1434] Device xc7a35t (JTAG device index = 0) is programmed with a design that has no supported debug core(s) in it.
WARNING: [Labtools 27-3361] The debug hub core was not detected.
Resolution: 
1. Make sure the clock connected to the debug hub (dbg_hub) core is a free running clock and is active.
2. Make sure the BSCAN_SWITCH_USER_MASK device property in Vivado Hardware Manager reflects the user scan chain setting in the design and refresh the device.  To determine the user scan chain setting in the design, open the implemented design and use 'get_property C_USER_SCAN_CHAIN [get_debug_cores dbg_hub]'.
For more details on setting the scan chain property, consult the Vivado Debug and Programming User Guide (UG908).
exit
INFO: [Common 17-206] Exiting Vivado at Sat May 27 01:33:50 2023...
