#-----------------------------------------------------------
# Vivado v2017.4 (64-bit)
# SW Build 2086221 on Fri Dec 15 20:55:39 MST 2017
# IP Build 2085800 on Fri Dec 15 22:25:07 MST 2017
# Start of session at: Mon May 22 17:16:48 2023
# Process ID: 7220
# Current directory: C:/Users/Administrator/Desktop/CPU_1
# Command line: vivado.exe -gui_launcher_event rodinguilauncherevent11728 C:\Users\Administrator\Desktop\CPU_1\CPU_1.xpr
# Log file: C:/Users/Administrator/Desktop/CPU_1/vivado.log
# Journal file: C:/Users/Administrator/Desktop/CPU_1\vivado.jou
#-----------------------------------------------------------
start_gui
open_project C:/Users/Administrator/Desktop/CPU_1/CPU_1.xpr
INFO: [Project 1-313] Project file moved from 'D:/360°²È«ä¯ÀÀÆ÷ÏÂÔØ/CPU_1' since last save.
Scanning sources...
Finished scanning sources
INFO: [IP_Flow 19-234] Refreshing IP repositories
INFO: [IP_Flow 19-1700] Loaded user IP repository 'c:/Users/Administrator/Desktop/CPU_1/CPU_1.srcs/sources_1/ip/SEU_CSE_507_user_uart_bmpg_1.3'.
INFO: [IP_Flow 19-2313] Loaded Vivado IP repository 'C:/Xilinx/Vivado/2017.4/data/ip'.
update_compile_order -fileset sources_1
open_hw
connect_hw_server
INFO: [Labtools 27-2285] Connecting to hw_server url TCP:localhost:3121
INFO: [Labtools 27-2222] Launching hw_server...
INFO: [Labtools 27-2221] Launch Output:

****** Xilinx hw_server v2017.4
  **** Build date : Dec 15 2017-21:08:27
    ** Copyright 1986-2017 Xilinx, Inc. All Rights Reserved.


open_hw_target
INFO: [Labtoolstcl 44-466] Opening hw_target localhost:3121/xilinx_tcf/Xilinx/1234-tulA
set_property PROGRAM.FILE {C:/Users/Administrator/Desktop/CPU_1/CPU_1.runs/impl_2/Top.bit} [get_hw_devices xc7a35t_0]
current_hw_device [get_hw_devices xc7a35t_0]
refresh_hw_device -update_hw_probes false [lindex [get_hw_devices xc7a35t_0] 0]
INFO: [Labtools 27-1434] Device xc7a35t (JTAG device index = 0) is programmed with a design that has no supported debug core(s) in it.
WARNING: [Labtools 27-3361] The debug hub core was not detected.
Resolution: 
1. Make sure the clock connected to the debug hub (dbg_hub) core is a free running clock and is active.
2. Make sure the BSCAN_SWITCH_USER_MASK device property in Vivado Hardware Manager reflects the user scan chain setting in the design and refresh the device.  To determine the user scan chain setting in the design, open the implemented design and use 'get_property C_USER_SCAN_CHAIN [get_debug_cores dbg_hub]'.
For more details on setting the scan chain property, consult the Vivado Debug and Programming User Guide (UG908).
set_property PROBES.FILE {} [get_hw_devices xc7a35t_0]
set_property FULL_PROBES.FILE {} [get_hw_devices xc7a35t_0]
set_property PROGRAM.FILE {C:/Users/Administrator/Desktop/minisys_cs202_ego1_lab1.bit} [get_hw_devices xc7a35t_0]
program_hw_devices [get_hw_devices xc7a35t_0]
INFO: [Labtools 27-3164] End of startup status: HIGH
refresh_hw_device [lindex [get_hw_devices xc7a35t_0] 0]
INFO: [Labtools 27-1434] Device xc7a35t (JTAG device index = 0) is programmed with a design that has no supported debug core(s) in it.
WARNING: [Labtools 27-3361] The debug hub core was not detected.
Resolution: 
1. Make sure the clock connected to the debug hub (dbg_hub) core is a free running clock and is active.
2. Make sure the BSCAN_SWITCH_USER_MASK device property in Vivado Hardware Manager reflects the user scan chain setting in the design and refresh the device.  To determine the user scan chain setting in the design, open the implemented design and use 'get_property C_USER_SCAN_CHAIN [get_debug_cores dbg_hub]'.
For more details on setting the scan chain property, consult the Vivado Debug and Programming User Guide (UG908).
set_property PROBES.FILE {} [get_hw_devices xc7a35t_0]
set_property FULL_PROBES.FILE {} [get_hw_devices xc7a35t_0]
set_property PROGRAM.FILE {C:/Users/Administrator/Desktop/CPU_1/CPU_1.runs/impl_2/Top.bit} [get_hw_devices xc7a35t_0]
program_hw_devices [get_hw_devices xc7a35t_0]
INFO: [Labtools 27-3164] End of startup status: HIGH
refresh_hw_device [lindex [get_hw_devices xc7a35t_0] 0]
INFO: [Labtools 27-1434] Device xc7a35t (JTAG device index = 0) is programmed with a design that has no supported debug core(s) in it.
WARNING: [Labtools 27-3361] The debug hub core was not detected.
Resolution: 
1. Make sure the clock connected to the debug hub (dbg_hub) core is a free running clock and is active.
2. Make sure the BSCAN_SWITCH_USER_MASK device property in Vivado Hardware Manager reflects the user scan chain setting in the design and refresh the device.  To determine the user scan chain setting in the design, open the implemented design and use 'get_property C_USER_SCAN_CHAIN [get_debug_cores dbg_hub]'.
For more details on setting the scan chain property, consult the Vivado Debug and Programming User Guide (UG908).
reset_run impl_2 -prev_step 
launch_runs impl_2 -to_step write_bitstream -jobs 4
WARNING: [Vivado 12-872] Run step 'Design Initialization' is out-of-date.
[Mon May 22 17:22:34 2023] Launched impl_2...
Run output will be captured here: C:/Users/Administrator/Desktop/CPU_1/CPU_1.runs/impl_2/runme.log
set_property PROBES.FILE {} [get_hw_devices xc7a35t_0]
set_property FULL_PROBES.FILE {} [get_hw_devices xc7a35t_0]
set_property PROGRAM.FILE {C:/Users/Administrator/Desktop/CPU_1/CPU_1.runs/impl_2/Top.bit} [get_hw_devices xc7a35t_0]
program_hw_devices [get_hw_devices xc7a35t_0]
INFO: [Labtools 27-3164] End of startup status: HIGH
refresh_hw_device [lindex [get_hw_devices xc7a35t_0] 0]
INFO: [Labtools 27-1434] Device xc7a35t (JTAG device index = 0) is programmed with a design that has no supported debug core(s) in it.
WARNING: [Labtools 27-3361] The debug hub core was not detected.
Resolution: 
1. Make sure the clock connected to the debug hub (dbg_hub) core is a free running clock and is active.
2. Make sure the BSCAN_SWITCH_USER_MASK device property in Vivado Hardware Manager reflects the user scan chain setting in the design and refresh the device.  To determine the user scan chain setting in the design, open the implemented design and use 'get_property C_USER_SCAN_CHAIN [get_debug_cores dbg_hub]'.
For more details on setting the scan chain property, consult the Vivado Debug and Programming User Guide (UG908).
set_property PROBES.FILE {} [get_hw_devices xc7a35t_0]
set_property FULL_PROBES.FILE {} [get_hw_devices xc7a35t_0]
set_property PROGRAM.FILE {C:/Users/Administrator/Desktop/temp.bit} [get_hw_devices xc7a35t_0]
program_hw_devices [get_hw_devices xc7a35t_0]
INFO: [Labtools 27-3164] End of startup status: HIGH
refresh_hw_device [lindex [get_hw_devices xc7a35t_0] 0]
INFO: [Labtools 27-1434] Device xc7a35t (JTAG device index = 0) is programmed with a design that has no supported debug core(s) in it.
WARNING: [Labtools 27-3361] The debug hub core was not detected.
Resolution: 
1. Make sure the clock connected to the debug hub (dbg_hub) core is a free running clock and is active.
2. Make sure the BSCAN_SWITCH_USER_MASK device property in Vivado Hardware Manager reflects the user scan chain setting in the design and refresh the device.  To determine the user scan chain setting in the design, open the implemented design and use 'get_property C_USER_SCAN_CHAIN [get_debug_cores dbg_hub]'.
For more details on setting the scan chain property, consult the Vivado Debug and Programming User Guide (UG908).
reset_run synth_2
launch_runs impl_2 -to_step write_bitstream -jobs 4
[Mon May 22 17:33:13 2023] Launched synth_2...
Run output will be captured here: C:/Users/Administrator/Desktop/CPU_1/CPU_1.runs/synth_2/runme.log
[Mon May 22 17:33:13 2023] Launched impl_2...
Run output will be captured here: C:/Users/Administrator/Desktop/CPU_1/CPU_1.runs/impl_2/runme.log
reset_run synth_2
launch_runs impl_2 -to_step write_bitstream -jobs 4
[Mon May 22 17:35:23 2023] Launched synth_2...
Run output will be captured here: C:/Users/Administrator/Desktop/CPU_1/CPU_1.runs/synth_2/runme.log
[Mon May 22 17:35:23 2023] Launched impl_2...
Run output will be captured here: C:/Users/Administrator/Desktop/CPU_1/CPU_1.runs/impl_2/runme.log
reset_run impl_2
reset_run synth_2
launch_runs impl_2 -to_step write_bitstream -jobs 4
[Mon May 22 17:37:28 2023] Launched synth_2...
Run output will be captured here: C:/Users/Administrator/Desktop/CPU_1/CPU_1.runs/synth_2/runme.log
[Mon May 22 17:37:28 2023] Launched impl_2...
Run output will be captured here: C:/Users/Administrator/Desktop/CPU_1/CPU_1.runs/impl_2/runme.log
set_property PROBES.FILE {} [get_hw_devices xc7a35t_0]
set_property FULL_PROBES.FILE {} [get_hw_devices xc7a35t_0]
set_property PROGRAM.FILE {C:/Users/Administrator/Desktop/temp.bit} [get_hw_devices xc7a35t_0]
program_hw_devices [get_hw_devices xc7a35t_0]
INFO: [Labtools 27-3164] End of startup status: HIGH
refresh_hw_device [lindex [get_hw_devices xc7a35t_0] 0]
INFO: [Labtools 27-1434] Device xc7a35t (JTAG device index = 0) is programmed with a design that has no supported debug core(s) in it.
WARNING: [Labtools 27-3361] The debug hub core was not detected.
Resolution: 
1. Make sure the clock connected to the debug hub (dbg_hub) core is a free running clock and is active.
2. Make sure the BSCAN_SWITCH_USER_MASK device property in Vivado Hardware Manager reflects the user scan chain setting in the design and refresh the device.  To determine the user scan chain setting in the design, open the implemented design and use 'get_property C_USER_SCAN_CHAIN [get_debug_cores dbg_hub]'.
For more details on setting the scan chain property, consult the Vivado Debug and Programming User Guide (UG908).
set_property PROBES.FILE {} [get_hw_devices xc7a35t_0]
set_property FULL_PROBES.FILE {} [get_hw_devices xc7a35t_0]
set_property PROGRAM.FILE {C:/Users/Administrator/Desktop/temp.bit} [get_hw_devices xc7a35t_0]
program_hw_devices [get_hw_devices xc7a35t_0]
INFO: [Labtools 27-3164] End of startup status: HIGH
refresh_hw_device [lindex [get_hw_devices xc7a35t_0] 0]
INFO: [Labtools 27-1434] Device xc7a35t (JTAG device index = 0) is programmed with a design that has no supported debug core(s) in it.
WARNING: [Labtools 27-3361] The debug hub core was not detected.
Resolution: 
1. Make sure the clock connected to the debug hub (dbg_hub) core is a free running clock and is active.
2. Make sure the BSCAN_SWITCH_USER_MASK device property in Vivado Hardware Manager reflects the user scan chain setting in the design and refresh the device.  To determine the user scan chain setting in the design, open the implemented design and use 'get_property C_USER_SCAN_CHAIN [get_debug_cores dbg_hub]'.
For more details on setting the scan chain property, consult the Vivado Debug and Programming User Guide (UG908).
set_property PROBES.FILE {} [get_hw_devices xc7a35t_0]
set_property FULL_PROBES.FILE {} [get_hw_devices xc7a35t_0]
set_property PROGRAM.FILE {C:/Users/Administrator/Desktop/CPU_1/CPU_1.runs/impl_2/Top.bit} [get_hw_devices xc7a35t_0]
program_hw_devices [get_hw_devices xc7a35t_0]
INFO: [Labtools 27-3164] End of startup status: HIGH
refresh_hw_device [lindex [get_hw_devices xc7a35t_0] 0]
INFO: [Labtools 27-1434] Device xc7a35t (JTAG device index = 0) is programmed with a design that has no supported debug core(s) in it.
WARNING: [Labtools 27-3361] The debug hub core was not detected.
Resolution: 
1. Make sure the clock connected to the debug hub (dbg_hub) core is a free running clock and is active.
2. Make sure the BSCAN_SWITCH_USER_MASK device property in Vivado Hardware Manager reflects the user scan chain setting in the design and refresh the device.  To determine the user scan chain setting in the design, open the implemented design and use 'get_property C_USER_SCAN_CHAIN [get_debug_cores dbg_hub]'.
For more details on setting the scan chain property, consult the Vivado Debug and Programming User Guide (UG908).
reset_run synth_2
launch_runs impl_2 -to_step write_bitstream -jobs 4
[Mon May 22 17:51:16 2023] Launched synth_2...
Run output will be captured here: C:/Users/Administrator/Desktop/CPU_1/CPU_1.runs/synth_2/runme.log
[Mon May 22 17:51:16 2023] Launched impl_2...
Run output will be captured here: C:/Users/Administrator/Desktop/CPU_1/CPU_1.runs/impl_2/runme.log
reset_run impl_2
reset_run synth_2
launch_runs impl_2 -to_step write_bitstream -jobs 4
[Mon May 22 18:09:54 2023] Launched synth_2...
Run output will be captured here: C:/Users/Administrator/Desktop/CPU_1/CPU_1.runs/synth_2/runme.log
[Mon May 22 18:09:54 2023] Launched impl_2...
Run output will be captured here: C:/Users/Administrator/Desktop/CPU_1/CPU_1.runs/impl_2/runme.log
generate_target all [get_files  C:/Users/Administrator/Desktop/CPU_1/CPU_1.srcs/sources_1/ip/cpuclk_1/cpuclk.xci]
INFO: [IP_Flow 19-1686] Generating 'Instantiation Template' target for IP 'cpuclk'...
INFO: [IP_Flow 19-1686] Generating 'Simulation' target for IP 'cpuclk'...
INFO: [IP_Flow 19-1686] Generating 'Change Log' target for IP 'cpuclk'...
export_ip_user_files -of_objects [get_files C:/Users/Administrator/Desktop/CPU_1/CPU_1.srcs/sources_1/ip/cpuclk_1/cpuclk.xci] -no_script -sync -force -quiet
reset_run cpuclk_synth_1
launch_runs -jobs 4 cpuclk_synth_1
INFO: [Vivado 12-4149] The synthesis checkpoint for IP 'C:/Users/Administrator/Desktop/CPU_1/CPU_1.srcs/sources_1/ip/cpuclk_1/cpuclk.xci' is already up-to-date
[Mon May 22 18:12:09 2023] Launched cpuclk_synth_1...
Run output will be captured here: C:/Users/Administrator/Desktop/CPU_1/CPU_1.runs/cpuclk_synth_1/runme.log
export_simulation -of_objects [get_files C:/Users/Administrator/Desktop/CPU_1/CPU_1.srcs/sources_1/ip/cpuclk_1/cpuclk.xci] -directory C:/Users/Administrator/Desktop/CPU_1/CPU_1.ip_user_files/sim_scripts -ip_user_files_dir C:/Users/Administrator/Desktop/CPU_1/CPU_1.ip_user_files -ipstatic_source_dir C:/Users/Administrator/Desktop/CPU_1/CPU_1.ip_user_files/ipstatic -lib_map_path [list {modelsim=C:/Users/Administrator/Desktop/CPU_1/CPU_1.cache/compile_simlib/modelsim} {questa=C:/Users/Administrator/Desktop/CPU_1/CPU_1.cache/compile_simlib/questa} {riviera=C:/Users/Administrator/Desktop/CPU_1/CPU_1.cache/compile_simlib/riviera} {activehdl=C:/Users/Administrator/Desktop/CPU_1/CPU_1.cache/compile_simlib/activehdl}] -use_ip_compiled_libs -force -quiet
reset_run synth_2
launch_runs impl_2 -to_step write_bitstream -jobs 4
[Mon May 22 18:13:00 2023] Launched synth_2...
Run output will be captured here: C:/Users/Administrator/Desktop/CPU_1/CPU_1.runs/synth_2/runme.log
[Mon May 22 18:13:00 2023] Launched impl_2...
Run output will be captured here: C:/Users/Administrator/Desktop/CPU_1/CPU_1.runs/impl_2/runme.log
reset_run synth_2
launch_runs impl_2 -to_step write_bitstream -jobs 4
[Mon May 22 18:15:33 2023] Launched synth_2...
Run output will be captured here: C:/Users/Administrator/Desktop/CPU_1/CPU_1.runs/synth_2/runme.log
[Mon May 22 18:15:33 2023] Launched impl_2...
Run output will be captured here: C:/Users/Administrator/Desktop/CPU_1/CPU_1.runs/impl_2/runme.log
reset_run impl_2
reset_run synth_2
launch_runs impl_2 -to_step write_bitstream -jobs 4
[Mon May 22 18:25:22 2023] Launched synth_2...
Run output will be captured here: C:/Users/Administrator/Desktop/CPU_1/CPU_1.runs/synth_2/runme.log
[Mon May 22 18:25:22 2023] Launched impl_2...
Run output will be captured here: C:/Users/Administrator/Desktop/CPU_1/CPU_1.runs/impl_2/runme.log
reset_run impl_2
reset_run synth_2
launch_runs impl_2 -to_step write_bitstream -jobs 4
[Mon May 22 18:27:28 2023] Launched synth_2...
Run output will be captured here: C:/Users/Administrator/Desktop/CPU_1/CPU_1.runs/synth_2/runme.log
[Mon May 22 18:27:28 2023] Launched impl_2...
Run output will be captured here: C:/Users/Administrator/Desktop/CPU_1/CPU_1.runs/impl_2/runme.log
reset_run impl_2 -prev_step 
launch_runs impl_2 -to_step write_bitstream -jobs 4
WARNING: [Vivado 12-872] Run step 'Design Initialization' is out-of-date.
[Mon May 22 18:34:09 2023] Launched impl_2...
Run output will be captured here: C:/Users/Administrator/Desktop/CPU_1/CPU_1.runs/impl_2/runme.log
reset_run synth_2
launch_runs impl_2 -to_step write_bitstream -jobs 4
[Mon May 22 18:36:08 2023] Launched synth_2...
Run output will be captured here: C:/Users/Administrator/Desktop/CPU_1/CPU_1.runs/synth_2/runme.log
[Mon May 22 18:36:08 2023] Launched impl_2...
Run output will be captured here: C:/Users/Administrator/Desktop/CPU_1/CPU_1.runs/impl_2/runme.log
exit
INFO: [Common 17-206] Exiting Vivado at Mon May 22 18:43:16 2023...
