#-----------------------------------------------------------
# Vivado v2017.4 (64-bit)
# SW Build 2086221 on Fri Dec 15 20:55:39 MST 2017
# IP Build 2085800 on Fri Dec 15 22:25:07 MST 2017
# Start of session at: Tue May 16 23:28:39 2023
# Process ID: 5092
# Current directory: C:/Users/Administrator/Desktop/CPU_1
# Command line: vivado.exe -gui_launcher_event rodinguilauncherevent5792 C:\Users\Administrator\Desktop\CPU_1\CPU_1.xpr
# Log file: C:/Users/Administrator/Desktop/CPU_1/vivado.log
# Journal file: C:/Users/Administrator/Desktop/CPU_1\vivado.jou
#-----------------------------------------------------------
start_gui
open_project C:/Users/Administrator/Desktop/CPU_1/CPU_1.xpr
Scanning sources...
Finished scanning sources
INFO: [IP_Flow 19-234] Refreshing IP repositories
INFO: [IP_Flow 19-1700] Loaded user IP repository 'c:/Users/Administrator/Desktop/CPU_1/CPU_1.srcs/sources_1/ip/SEU_CSE_507_user_uart_bmpg_1.3'.
INFO: [IP_Flow 19-2313] Loaded Vivado IP repository 'C:/Xilinx/Vivado/2017.4/data/ip'.
update_compile_order -fileset sources_1
create_ip -name uart_bmpg -vendor SEU_CSE_507 -library user -version 1.3 -module_name uart_bmpg_0 -dir c:/Users/Administrator/Desktop/CPU_1/CPU_1.srcs/sources_1/ip
generate_target {instantiation_template} [get_files c:/Users/Administrator/Desktop/CPU_1/CPU_1.srcs/sources_1/ip/uart_bmpg_0/uart_bmpg_0.xci]
INFO: [IP_Flow 19-1686] Generating 'Instantiation Template' target for IP 'uart_bmpg_0'...
generate_target all [get_files  c:/Users/Administrator/Desktop/CPU_1/CPU_1.srcs/sources_1/ip/uart_bmpg_0/uart_bmpg_0.xci]
INFO: [IP_Flow 19-1686] Generating 'Synthesis' target for IP 'uart_bmpg_0'...
INFO: [IP_Flow 19-1686] Generating 'Simulation' target for IP 'uart_bmpg_0'...
INFO: [IP_Flow 19-1686] Generating 'Implementation' target for IP 'uart_bmpg_0'...
catch { config_ip_cache -export [get_ips -all uart_bmpg_0] }
export_ip_user_files -of_objects [get_files c:/Users/Administrator/Desktop/CPU_1/CPU_1.srcs/sources_1/ip/uart_bmpg_0/uart_bmpg_0.xci] -no_script -sync -force -quiet
create_ip_run [get_files -of_objects [get_fileset sources_1] c:/Users/Administrator/Desktop/CPU_1/CPU_1.srcs/sources_1/ip/uart_bmpg_0/uart_bmpg_0.xci]
launch_runs -jobs 8 uart_bmpg_0_synth_1
[Tue May 16 23:31:11 2023] Launched uart_bmpg_0_synth_1...
Run output will be captured here: C:/Users/Administrator/Desktop/CPU_1/CPU_1.runs/uart_bmpg_0_synth_1/runme.log
export_simulation -of_objects [get_files c:/Users/Administrator/Desktop/CPU_1/CPU_1.srcs/sources_1/ip/uart_bmpg_0/uart_bmpg_0.xci] -directory C:/Users/Administrator/Desktop/CPU_1/CPU_1.ip_user_files/sim_scripts -ip_user_files_dir C:/Users/Administrator/Desktop/CPU_1/CPU_1.ip_user_files -ipstatic_source_dir C:/Users/Administrator/Desktop/CPU_1/CPU_1.ip_user_files/ipstatic -lib_map_path [list {modelsim=C:/Users/Administrator/Desktop/CPU_1/CPU_1.cache/compile_simlib/modelsim} {questa=C:/Users/Administrator/Desktop/CPU_1/CPU_1.cache/compile_simlib/questa} {riviera=C:/Users/Administrator/Desktop/CPU_1/CPU_1.cache/compile_simlib/riviera} {activehdl=C:/Users/Administrator/Desktop/CPU_1/CPU_1.cache/compile_simlib/activehdl}] -use_ip_compiled_libs -force -quiet
INFO: [Device 21-403] Loading part xc7a100tfgg484-1
WARNING: [IP_Flow 19-4067] Ignoring invalid widget type specified checkbox.Providing a default widget
WARNING: [IP_Flow 19-4067] Ignoring invalid widget type specified checkbox.Providing a default widget
generate_target all [get_files  C:/Users/Administrator/Desktop/CPU_1/CPU_1.srcs/sources_1/ip/RAM/RAM.xci]
INFO: [IP_Flow 19-1686] Generating 'Instantiation Template' target for IP 'RAM'...
INFO: [IP_Flow 19-1686] Generating 'Synthesis' target for IP 'RAM'...
INFO: [IP_Flow 19-1686] Generating 'Simulation' target for IP 'RAM'...
INFO: [IP_Flow 19-1686] Generating 'Miscellaneous' target for IP 'RAM'...
INFO: [IP_Flow 19-1686] Generating 'Change Log' target for IP 'RAM'...
catch { config_ip_cache -export [get_ips -all RAM] }
INFO: [IP_Flow 19-4993] Using cached IP synthesis design for IP RAM, cache-ID = 8a4ac8521f822e55; cache size = 4.026 MB.
catch { [ delete_ip_run [get_ips -all RAM] ] }
INFO: [Project 1-386] Moving file 'C:/Users/Administrator/Desktop/CPU_1/CPU_1.srcs/sources_1/ip/RAM/RAM.xci' from fileset 'RAM' to fileset 'sources_1'.
export_ip_user_files -of_objects [get_files C:/Users/Administrator/Desktop/CPU_1/CPU_1.srcs/sources_1/ip/RAM/RAM.xci] -no_script -sync -force -quiet
create_ip_run [get_files -of_objects [get_fileset sources_1] C:/Users/Administrator/Desktop/CPU_1/CPU_1.srcs/sources_1/ip/RAM/RAM.xci]
INFO: [Vivado 12-3453] The given sub-design is up-to-date, no action was taken.  If a run is still desired, use the '-force' option for the file:'C:/Users/Administrator/Desktop/CPU_1/CPU_1.srcs/sources_1/ip/RAM/RAM.xci'
export_simulation -of_objects [get_files C:/Users/Administrator/Desktop/CPU_1/CPU_1.srcs/sources_1/ip/RAM/RAM.xci] -directory C:/Users/Administrator/Desktop/CPU_1/CPU_1.ip_user_files/sim_scripts -ip_user_files_dir C:/Users/Administrator/Desktop/CPU_1/CPU_1.ip_user_files -ipstatic_source_dir C:/Users/Administrator/Desktop/CPU_1/CPU_1.ip_user_files/ipstatic -lib_map_path [list {modelsim=C:/Users/Administrator/Desktop/CPU_1/CPU_1.cache/compile_simlib/modelsim} {questa=C:/Users/Administrator/Desktop/CPU_1/CPU_1.cache/compile_simlib/questa} {riviera=C:/Users/Administrator/Desktop/CPU_1/CPU_1.cache/compile_simlib/riviera} {activehdl=C:/Users/Administrator/Desktop/CPU_1/CPU_1.cache/compile_simlib/activehdl}] -use_ip_compiled_libs -force -quiet
update_compile_order -fileset sources_1
WARNING: [IP_Flow 19-4067] Ignoring invalid widget type specified checkbox.Providing a default widget
WARNING: [IP_Flow 19-4067] Ignoring invalid widget type specified checkbox.Providing a default widget
set_property -dict [list CONFIG.Memory_Type {Single_Port_RAM} CONFIG.Register_PortA_Output_of_Memory_Primitives {true} CONFIG.Port_A_Write_Rate {50}] [get_ips prgrom]
generate_target all [get_files  C:/Users/Administrator/Desktop/CPU_1/CPU_1.srcs/sources_1/ip/prgrom/prgrom.xci]
INFO: [IP_Flow 19-1686] Generating 'Instantiation Template' target for IP 'prgrom'...
INFO: [IP_Flow 19-1686] Generating 'Synthesis' target for IP 'prgrom'...
INFO: [IP_Flow 19-1686] Generating 'Simulation' target for IP 'prgrom'...
INFO: [IP_Flow 19-1686] Generating 'Miscellaneous' target for IP 'prgrom'...
INFO: [IP_Flow 19-1686] Generating 'Change Log' target for IP 'prgrom'...
catch { config_ip_cache -export [get_ips -all prgrom] }
export_ip_user_files -of_objects [get_files C:/Users/Administrator/Desktop/CPU_1/CPU_1.srcs/sources_1/ip/prgrom/prgrom.xci] -no_script -sync -force -quiet
reset_run prgrom_synth_1
launch_runs -jobs 8 prgrom_synth_1
[Tue May 16 23:36:02 2023] Launched prgrom_synth_1...
Run output will be captured here: C:/Users/Administrator/Desktop/CPU_1/CPU_1.runs/prgrom_synth_1/runme.log
export_simulation -of_objects [get_files C:/Users/Administrator/Desktop/CPU_1/CPU_1.srcs/sources_1/ip/prgrom/prgrom.xci] -directory C:/Users/Administrator/Desktop/CPU_1/CPU_1.ip_user_files/sim_scripts -ip_user_files_dir C:/Users/Administrator/Desktop/CPU_1/CPU_1.ip_user_files -ipstatic_source_dir C:/Users/Administrator/Desktop/CPU_1/CPU_1.ip_user_files/ipstatic -lib_map_path [list {modelsim=C:/Users/Administrator/Desktop/CPU_1/CPU_1.cache/compile_simlib/modelsim} {questa=C:/Users/Administrator/Desktop/CPU_1/CPU_1.cache/compile_simlib/questa} {riviera=C:/Users/Administrator/Desktop/CPU_1/CPU_1.cache/compile_simlib/riviera} {activehdl=C:/Users/Administrator/Desktop/CPU_1/CPU_1.cache/compile_simlib/activehdl}] -use_ip_compiled_libs -force -quiet
close [ open C:/Users/Administrator/Desktop/CPU_1/CPU_1.srcs/sources_1/new/programrom.v w ]
add_files C:/Users/Administrator/Desktop/CPU_1/CPU_1.srcs/sources_1/new/programrom.v
update_compile_order -fileset sources_1
WARNING: [IP_Flow 19-4067] Ignoring invalid widget type specified checkbox.Providing a default widget
WARNING: [IP_Flow 19-4067] Ignoring invalid widget type specified checkbox.Providing a default widget
set_property -dict [list CONFIG.Register_PortA_Output_of_Memory_Primitives {false} CONFIG.Fill_Remaining_Memory_Locations {true}] [get_ips prgrom]
generate_target all [get_files  C:/Users/Administrator/Desktop/CPU_1/CPU_1.srcs/sources_1/ip/prgrom/prgrom.xci]
INFO: [IP_Flow 19-1686] Generating 'Instantiation Template' target for IP 'prgrom'...
INFO: [IP_Flow 19-1686] Generating 'Synthesis' target for IP 'prgrom'...
INFO: [IP_Flow 19-1686] Generating 'Simulation' target for IP 'prgrom'...
INFO: [IP_Flow 19-1686] Generating 'Miscellaneous' target for IP 'prgrom'...
INFO: [IP_Flow 19-1686] Generating 'Change Log' target for IP 'prgrom'...
catch { config_ip_cache -export [get_ips -all prgrom] }
export_ip_user_files -of_objects [get_files C:/Users/Administrator/Desktop/CPU_1/CPU_1.srcs/sources_1/ip/prgrom/prgrom.xci] -no_script -sync -force -quiet
reset_run prgrom_synth_1
launch_runs -jobs 8 prgrom_synth_1
[Tue May 16 23:40:19 2023] Launched prgrom_synth_1...
Run output will be captured here: C:/Users/Administrator/Desktop/CPU_1/CPU_1.runs/prgrom_synth_1/runme.log
export_simulation -of_objects [get_files C:/Users/Administrator/Desktop/CPU_1/CPU_1.srcs/sources_1/ip/prgrom/prgrom.xci] -directory C:/Users/Administrator/Desktop/CPU_1/CPU_1.ip_user_files/sim_scripts -ip_user_files_dir C:/Users/Administrator/Desktop/CPU_1/CPU_1.ip_user_files -ipstatic_source_dir C:/Users/Administrator/Desktop/CPU_1/CPU_1.ip_user_files/ipstatic -lib_map_path [list {modelsim=C:/Users/Administrator/Desktop/CPU_1/CPU_1.cache/compile_simlib/modelsim} {questa=C:/Users/Administrator/Desktop/CPU_1/CPU_1.cache/compile_simlib/questa} {riviera=C:/Users/Administrator/Desktop/CPU_1/CPU_1.cache/compile_simlib/riviera} {activehdl=C:/Users/Administrator/Desktop/CPU_1/CPU_1.cache/compile_simlib/activehdl}] -use_ip_compiled_libs -force -quiet
update_compile_order -fileset sources_1
WARNING: [IP_Flow 19-4067] Ignoring invalid widget type specified checkbox.Providing a default widget
WARNING: [IP_Flow 19-4067] Ignoring invalid widget type specified checkbox.Providing a default widget
set_property -dict [list CONFIG.Register_PortA_Output_of_Memory_Primitives {false}] [get_ips prgrom]
launch_runs synth_1 -jobs 8
INFO: [Vivado 12-4149] The synthesis checkpoint for IP 'C:/Users/Administrator/Desktop/CPU_1/CPU_1.srcs/sources_1/ip/RAM/RAM.xci' is already up-to-date
[Wed May 17 00:01:04 2023] Launched synth_1...
Run output will be captured here: C:/Users/Administrator/Desktop/CPU_1/CPU_1.runs/synth_1/runme.log
reset_run synth_1
launch_runs synth_1 -jobs 8
INFO: [Vivado 12-4149] The synthesis checkpoint for IP 'C:/Users/Administrator/Desktop/CPU_1/CPU_1.srcs/sources_1/ip/RAM/RAM.xci' is already up-to-date
[Wed May 17 00:01:58 2023] Launched synth_1...
Run output will be captured here: C:/Users/Administrator/Desktop/CPU_1/CPU_1.runs/synth_1/runme.log
reset_run synth_1
WARNING: [Vivado 12-1017] Problems encountered:
1. PID not specified

launch_runs synth_1 -jobs 8
INFO: [Vivado 12-4149] The synthesis checkpoint for IP 'C:/Users/Administrator/Desktop/CPU_1/CPU_1.srcs/sources_1/ip/RAM/RAM.xci' is already up-to-date
[Wed May 17 00:02:04 2023] Launched synth_1...
Run output will be captured here: C:/Users/Administrator/Desktop/CPU_1/CPU_1.runs/synth_1/runme.log
open_run synth_1 -name synth_1
Design is defaulting to impl run constrset: constrs_1
Design is defaulting to synth run part: xc7a100tfgg484-1
INFO: [Project 1-454] Reading design checkpoint 'c:/Users/Administrator/Desktop/CPU_1/CPU_1.srcs/sources_1/ip/cpuclk/cpuclk.dcp' for cell 'cclk'
INFO: [Project 1-454] Reading design checkpoint 'c:/Users/Administrator/Desktop/CPU_1/CPU_1.srcs/sources_1/ip/uart_bmpg_0/uart_bmpg_0.dcp' for cell 'uart'
INFO: [Project 1-454] Reading design checkpoint 'c:/Users/Administrator/Desktop/CPU_1/CPU_1.srcs/sources_1/ip/RAM/RAM.dcp' for cell 'dm/ram'
INFO: [Project 1-454] Reading design checkpoint 'c:/Users/Administrator/Desktop/CPU_1/CPU_1.srcs/sources_1/ip/prgrom/prgrom.dcp' for cell 'pgr/instmem'
INFO: [Netlist 29-17] Analyzing 63 Unisim elements for replacement
INFO: [Netlist 29-28] Unisim Transformation completed in 0 CPU seconds
INFO: [Project 1-479] Netlist was created with Vivado 2017.4
INFO: [Project 1-570] Preparing netlist for logic optimization
WARNING: [Opt 31-35] Removing redundant IBUF, cclk/inst/clkin1_ibufg, from the path connected to top-level port: fpga_clk 
Resolution: The tool has removed redundant IBUF. To resolve this warning, check for redundant IBUF in the input design.
WARNING: [Opt 31-32] Removing redundant IBUF since it is not being driven by a top-level port. uart/inst/upg_inst/upg_clk_i_IBUF_inst 
Resolution: The tool has removed redundant IBUF. To resolve this warning, check for redundant IBUF in the input design.
WARNING: [Opt 31-32] Removing redundant IBUF since it is not being driven by a top-level port. uart/inst/upg_inst/upg_rst_i_IBUF_inst 
Resolution: The tool has removed redundant IBUF. To resolve this warning, check for redundant IBUF in the input design.
WARNING: [Opt 31-35] Removing redundant IBUF, uart/inst/upg_inst/upg_rx_i_IBUF_inst, from the path connected to top-level port: rx 
Resolution: The tool has removed redundant IBUF. To resolve this warning, check for redundant IBUF in the input design.
WARNING: [Opt 31-33] Removing redundant OBUF since it is not driving a top-level port. uart/inst/upg_inst/upg_adr_o_OBUF[0]_inst 
Resolution: The tool has removed redundant OBUF. To resolve this warning, check for redundant OBUF in the input design.
WARNING: [Opt 31-33] Removing redundant OBUF since it is not driving a top-level port. uart/inst/upg_inst/upg_adr_o_OBUF[10]_inst 
Resolution: The tool has removed redundant OBUF. To resolve this warning, check for redundant OBUF in the input design.
WARNING: [Opt 31-33] Removing redundant OBUF since it is not driving a top-level port. uart/inst/upg_inst/upg_adr_o_OBUF[11]_inst 
Resolution: The tool has removed redundant OBUF. To resolve this warning, check for redundant OBUF in the input design.
WARNING: [Opt 31-33] Removing redundant OBUF since it is not driving a top-level port. uart/inst/upg_inst/upg_adr_o_OBUF[12]_inst 
Resolution: The tool has removed redundant OBUF. To resolve this warning, check for redundant OBUF in the input design.
WARNING: [Opt 31-33] Removing redundant OBUF since it is not driving a top-level port. uart/inst/upg_inst/upg_adr_o_OBUF[13]_inst 
Resolution: The tool has removed redundant OBUF. To resolve this warning, check for redundant OBUF in the input design.
WARNING: [Opt 31-33] Removing redundant OBUF since it is not driving a top-level port. uart/inst/upg_inst/upg_adr_o_OBUF[14]_inst 
Resolution: The tool has removed redundant OBUF. To resolve this warning, check for redundant OBUF in the input design.
WARNING: [Opt 31-33] Removing redundant OBUF since it is not driving a top-level port. uart/inst/upg_inst/upg_adr_o_OBUF[1]_inst 
Resolution: The tool has removed redundant OBUF. To resolve this warning, check for redundant OBUF in the input design.
WARNING: [Opt 31-33] Removing redundant OBUF since it is not driving a top-level port. uart/inst/upg_inst/upg_adr_o_OBUF[2]_inst 
Resolution: The tool has removed redundant OBUF. To resolve this warning, check for redundant OBUF in the input design.
WARNING: [Opt 31-33] Removing redundant OBUF since it is not driving a top-level port. uart/inst/upg_inst/upg_adr_o_OBUF[3]_inst 
Resolution: The tool has removed redundant OBUF. To resolve this warning, check for redundant OBUF in the input design.
WARNING: [Opt 31-33] Removing redundant OBUF since it is not driving a top-level port. uart/inst/upg_inst/upg_adr_o_OBUF[4]_inst 
Resolution: The tool has removed redundant OBUF. To resolve this warning, check for redundant OBUF in the input design.
WARNING: [Opt 31-33] Removing redundant OBUF since it is not driving a top-level port. uart/inst/upg_inst/upg_adr_o_OBUF[5]_inst 
Resolution: The tool has removed redundant OBUF. To resolve this warning, check for redundant OBUF in the input design.
WARNING: [Opt 31-33] Removing redundant OBUF since it is not driving a top-level port. uart/inst/upg_inst/upg_adr_o_OBUF[6]_inst 
Resolution: The tool has removed redundant OBUF. To resolve this warning, check for redundant OBUF in the input design.
WARNING: [Opt 31-33] Removing redundant OBUF since it is not driving a top-level port. uart/inst/upg_inst/upg_adr_o_OBUF[7]_inst 
Resolution: The tool has removed redundant OBUF. To resolve this warning, check for redundant OBUF in the input design.
WARNING: [Opt 31-33] Removing redundant OBUF since it is not driving a top-level port. uart/inst/upg_inst/upg_adr_o_OBUF[8]_inst 
Resolution: The tool has removed redundant OBUF. To resolve this warning, check for redundant OBUF in the input design.
WARNING: [Opt 31-33] Removing redundant OBUF since it is not driving a top-level port. uart/inst/upg_inst/upg_adr_o_OBUF[9]_inst 
Resolution: The tool has removed redundant OBUF. To resolve this warning, check for redundant OBUF in the input design.
WARNING: [Opt 31-33] Removing redundant OBUF since it is not driving a top-level port. uart/inst/upg_inst/upg_clk_o_OBUF_inst 
Resolution: The tool has removed redundant OBUF. To resolve this warning, check for redundant OBUF in the input design.
WARNING: [Opt 31-33] Removing redundant OBUF since it is not driving a top-level port. uart/inst/upg_inst/upg_dat_o_OBUF[0]_inst 
Resolution: The tool has removed redundant OBUF. To resolve this warning, check for redundant OBUF in the input design.
WARNING: [Opt 31-33] Removing redundant OBUF since it is not driving a top-level port. uart/inst/upg_inst/upg_dat_o_OBUF[10]_inst 
Resolution: The tool has removed redundant OBUF. To resolve this warning, check for redundant OBUF in the input design.
WARNING: [Opt 31-33] Removing redundant OBUF since it is not driving a top-level port. uart/inst/upg_inst/upg_dat_o_OBUF[11]_inst 
Resolution: The tool has removed redundant OBUF. To resolve this warning, check for redundant OBUF in the input design.
WARNING: [Opt 31-33] Removing redundant OBUF since it is not driving a top-level port. uart/inst/upg_inst/upg_dat_o_OBUF[12]_inst 
Resolution: The tool has removed redundant OBUF. To resolve this warning, check for redundant OBUF in the input design.
WARNING: [Opt 31-33] Removing redundant OBUF since it is not driving a top-level port. uart/inst/upg_inst/upg_dat_o_OBUF[13]_inst 
Resolution: The tool has removed redundant OBUF. To resolve this warning, check for redundant OBUF in the input design.
WARNING: [Opt 31-33] Removing redundant OBUF since it is not driving a top-level port. uart/inst/upg_inst/upg_dat_o_OBUF[14]_inst 
Resolution: The tool has removed redundant OBUF. To resolve this warning, check for redundant OBUF in the input design.
WARNING: [Opt 31-33] Removing redundant OBUF since it is not driving a top-level port. uart/inst/upg_inst/upg_dat_o_OBUF[15]_inst 
Resolution: The tool has removed redundant OBUF. To resolve this warning, check for redundant OBUF in the input design.
WARNING: [Opt 31-33] Removing redundant OBUF since it is not driving a top-level port. uart/inst/upg_inst/upg_dat_o_OBUF[16]_inst 
Resolution: The tool has removed redundant OBUF. To resolve this warning, check for redundant OBUF in the input design.
WARNING: [Opt 31-33] Removing redundant OBUF since it is not driving a top-level port. uart/inst/upg_inst/upg_dat_o_OBUF[17]_inst 
Resolution: The tool has removed redundant OBUF. To resolve this warning, check for redundant OBUF in the input design.
WARNING: [Opt 31-33] Removing redundant OBUF since it is not driving a top-level port. uart/inst/upg_inst/upg_dat_o_OBUF[18]_inst 
Resolution: The tool has removed redundant OBUF. To resolve this warning, check for redundant OBUF in the input design.
WARNING: [Opt 31-33] Removing redundant OBUF since it is not driving a top-level port. uart/inst/upg_inst/upg_dat_o_OBUF[19]_inst 
Resolution: The tool has removed redundant OBUF. To resolve this warning, check for redundant OBUF in the input design.
WARNING: [Opt 31-33] Removing redundant OBUF since it is not driving a top-level port. uart/inst/upg_inst/upg_dat_o_OBUF[1]_inst 
Resolution: The tool has removed redundant OBUF. To resolve this warning, check for redundant OBUF in the input design.
WARNING: [Opt 31-33] Removing redundant OBUF since it is not driving a top-level port. uart/inst/upg_inst/upg_dat_o_OBUF[20]_inst 
Resolution: The tool has removed redundant OBUF. To resolve this warning, check for redundant OBUF in the input design.
WARNING: [Opt 31-33] Removing redundant OBUF since it is not driving a top-level port. uart/inst/upg_inst/upg_dat_o_OBUF[21]_inst 
Resolution: The tool has removed redundant OBUF. To resolve this warning, check for redundant OBUF in the input design.
WARNING: [Opt 31-33] Removing redundant OBUF since it is not driving a top-level port. uart/inst/upg_inst/upg_dat_o_OBUF[22]_inst 
Resolution: The tool has removed redundant OBUF. To resolve this warning, check for redundant OBUF in the input design.
WARNING: [Opt 31-33] Removing redundant OBUF since it is not driving a top-level port. uart/inst/upg_inst/upg_dat_o_OBUF[23]_inst 
Resolution: The tool has removed redundant OBUF. To resolve this warning, check for redundant OBUF in the input design.
WARNING: [Opt 31-33] Removing redundant OBUF since it is not driving a top-level port. uart/inst/upg_inst/upg_dat_o_OBUF[24]_inst 
Resolution: The tool has removed redundant OBUF. To resolve this warning, check for redundant OBUF in the input design.
WARNING: [Opt 31-33] Removing redundant OBUF since it is not driving a top-level port. uart/inst/upg_inst/upg_dat_o_OBUF[25]_inst 
Resolution: The tool has removed redundant OBUF. To resolve this warning, check for redundant OBUF in the input design.
WARNING: [Opt 31-33] Removing redundant OBUF since it is not driving a top-level port. uart/inst/upg_inst/upg_dat_o_OBUF[26]_inst 
Resolution: The tool has removed redundant OBUF. To resolve this warning, check for redundant OBUF in the input design.
WARNING: [Opt 31-33] Removing redundant OBUF since it is not driving a top-level port. uart/inst/upg_inst/upg_dat_o_OBUF[27]_inst 
Resolution: The tool has removed redundant OBUF. To resolve this warning, check for redundant OBUF in the input design.
WARNING: [Opt 31-33] Removing redundant OBUF since it is not driving a top-level port. uart/inst/upg_inst/upg_dat_o_OBUF[28]_inst 
Resolution: The tool has removed redundant OBUF. To resolve this warning, check for redundant OBUF in the input design.
WARNING: [Opt 31-33] Removing redundant OBUF since it is not driving a top-level port. uart/inst/upg_inst/upg_dat_o_OBUF[29]_inst 
Resolution: The tool has removed redundant OBUF. To resolve this warning, check for redundant OBUF in the input design.
WARNING: [Opt 31-33] Removing redundant OBUF since it is not driving a top-level port. uart/inst/upg_inst/upg_dat_o_OBUF[2]_inst 
Resolution: The tool has removed redundant OBUF. To resolve this warning, check for redundant OBUF in the input design.
WARNING: [Opt 31-33] Removing redundant OBUF since it is not driving a top-level port. uart/inst/upg_inst/upg_dat_o_OBUF[30]_inst 
Resolution: The tool has removed redundant OBUF. To resolve this warning, check for redundant OBUF in the input design.
WARNING: [Opt 31-33] Removing redundant OBUF since it is not driving a top-level port. uart/inst/upg_inst/upg_dat_o_OBUF[31]_inst 
Resolution: The tool has removed redundant OBUF. To resolve this warning, check for redundant OBUF in the input design.
WARNING: [Opt 31-33] Removing redundant OBUF since it is not driving a top-level port. uart/inst/upg_inst/upg_dat_o_OBUF[3]_inst 
Resolution: The tool has removed redundant OBUF. To resolve this warning, check for redundant OBUF in the input design.
WARNING: [Opt 31-33] Removing redundant OBUF since it is not driving a top-level port. uart/inst/upg_inst/upg_dat_o_OBUF[4]_inst 
Resolution: The tool has removed redundant OBUF. To resolve this warning, check for redundant OBUF in the input design.
WARNING: [Opt 31-33] Removing redundant OBUF since it is not driving a top-level port. uart/inst/upg_inst/upg_dat_o_OBUF[5]_inst 
Resolution: The tool has removed redundant OBUF. To resolve this warning, check for redundant OBUF in the input design.
WARNING: [Opt 31-33] Removing redundant OBUF since it is not driving a top-level port. uart/inst/upg_inst/upg_dat_o_OBUF[6]_inst 
Resolution: The tool has removed redundant OBUF. To resolve this warning, check for redundant OBUF in the input design.
WARNING: [Opt 31-33] Removing redundant OBUF since it is not driving a top-level port. uart/inst/upg_inst/upg_dat_o_OBUF[7]_inst 
Resolution: The tool has removed redundant OBUF. To resolve this warning, check for redundant OBUF in the input design.
WARNING: [Opt 31-33] Removing redundant OBUF since it is not driving a top-level port. uart/inst/upg_inst/upg_dat_o_OBUF[8]_inst 
Resolution: The tool has removed redundant OBUF. To resolve this warning, check for redundant OBUF in the input design.
WARNING: [Opt 31-33] Removing redundant OBUF since it is not driving a top-level port. uart/inst/upg_inst/upg_dat_o_OBUF[9]_inst 
Resolution: The tool has removed redundant OBUF. To resolve this warning, check for redundant OBUF in the input design.
WARNING: [Opt 31-33] Removing redundant OBUF since it is not driving a top-level port. uart/inst/upg_inst/upg_done_o_OBUF_inst 
Resolution: The tool has removed redundant OBUF. To resolve this warning, check for redundant OBUF in the input design.
WARNING: [Opt 31-33] Removing redundant OBUF since it is not driving a top-level port. uart/inst/upg_inst/upg_tx_o_OBUF_inst 
Resolution: The tool has removed redundant OBUF. To resolve this warning, check for redundant OBUF in the input design.
WARNING: [Opt 31-33] Removing redundant OBUF since it is not driving a top-level port. uart/inst/upg_inst/upg_wen_o_OBUF_inst 
Resolution: The tool has removed redundant OBUF. To resolve this warning, check for redundant OBUF in the input design.
WARNING: [Constraints 18-550] Could not create 'IBUF_LOW_PWR' constraint because net 'cclk/clk_in1' is not directly connected to top level port. 'IBUF_LOW_PWR' is ignored by Vivado but preserved for implementation tool. [C:/Users/Administrator/Desktop/CPU_1/.Xil/Vivado-5092-S210-08/dcp16/cpuclk.edf:264]
Parsing XDC File [c:/Users/Administrator/Desktop/CPU_1/CPU_1.srcs/sources_1/ip/cpuclk/cpuclk_board.xdc] for cell 'cclk/inst'
Finished Parsing XDC File [c:/Users/Administrator/Desktop/CPU_1/CPU_1.srcs/sources_1/ip/cpuclk/cpuclk_board.xdc] for cell 'cclk/inst'
Parsing XDC File [c:/Users/Administrator/Desktop/CPU_1/CPU_1.srcs/sources_1/ip/cpuclk/cpuclk.xdc] for cell 'cclk/inst'
INFO: [Timing 38-35] Done setting XDC timing constraints. [c:/Users/Administrator/Desktop/CPU_1/CPU_1.srcs/sources_1/ip/cpuclk/cpuclk.xdc:57]
INFO: [Timing 38-2] Deriving generated clocks [c:/Users/Administrator/Desktop/CPU_1/CPU_1.srcs/sources_1/ip/cpuclk/cpuclk.xdc:57]
get_clocks: Time (s): cpu = 00:00:08 ; elapsed = 00:00:08 . Memory (MB): peak = 1855.672 ; gain = 570.832
Finished Parsing XDC File [c:/Users/Administrator/Desktop/CPU_1/CPU_1.srcs/sources_1/ip/cpuclk/cpuclk.xdc] for cell 'cclk/inst'
Parsing XDC File [C:/Users/Administrator/Desktop/CPU_1/CPU_1.srcs/constrs_1/new/c.xdc]
Finished Parsing XDC File [C:/Users/Administrator/Desktop/CPU_1/CPU_1.srcs/constrs_1/new/c.xdc]
INFO: [Opt 31-138] Pushed 0 inverter(s) to 0 load pin(s).
INFO: [Project 1-111] Unisim Transformation Summary:
No Unisim elements were transformed.

open_run: Time (s): cpu = 00:00:20 ; elapsed = 00:00:14 . Memory (MB): peak = 1900.211 ; gain = 728.984
reset_run synth_1
launch_runs synth_1 -jobs 8
INFO: [Vivado 12-4149] The synthesis checkpoint for IP 'C:/Users/Administrator/Desktop/CPU_1/CPU_1.srcs/sources_1/ip/RAM/RAM.xci' is already up-to-date
[Wed May 17 00:17:52 2023] Launched synth_1...
Run output will be captured here: C:/Users/Administrator/Desktop/CPU_1/CPU_1.runs/synth_1/runme.log
close_design
open_run synth_1 -name synth_1
Design is defaulting to impl run constrset: constrs_1
Design is defaulting to synth run part: xc7a100tfgg484-1
INFO: [Project 1-454] Reading design checkpoint 'c:/Users/Administrator/Desktop/CPU_1/CPU_1.srcs/sources_1/ip/cpuclk/cpuclk.dcp' for cell 'cclk'
INFO: [Project 1-454] Reading design checkpoint 'c:/Users/Administrator/Desktop/CPU_1/CPU_1.srcs/sources_1/ip/uart_bmpg_0/uart_bmpg_0.dcp' for cell 'uart'
INFO: [Project 1-454] Reading design checkpoint 'c:/Users/Administrator/Desktop/CPU_1/CPU_1.srcs/sources_1/ip/RAM/RAM.dcp' for cell 'dm/ram'
INFO: [Project 1-454] Reading design checkpoint 'c:/Users/Administrator/Desktop/CPU_1/CPU_1.srcs/sources_1/ip/prgrom/prgrom.dcp' for cell 'pgr/instmem'
INFO: [Netlist 29-17] Analyzing 460 Unisim elements for replacement
INFO: [Netlist 29-28] Unisim Transformation completed in 0 CPU seconds
INFO: [Project 1-479] Netlist was created with Vivado 2017.4
INFO: [Project 1-570] Preparing netlist for logic optimization
WARNING: [Opt 31-35] Removing redundant IBUF, cclk/inst/clkin1_ibufg, from the path connected to top-level port: fpga_clk 
Resolution: The tool has removed redundant IBUF. To resolve this warning, check for redundant IBUF in the input design.
WARNING: [Opt 31-32] Removing redundant IBUF since it is not being driven by a top-level port. uart/inst/upg_inst/upg_clk_i_IBUF_inst 
Resolution: The tool has removed redundant IBUF. To resolve this warning, check for redundant IBUF in the input design.
WARNING: [Opt 31-32] Removing redundant IBUF since it is not being driven by a top-level port. uart/inst/upg_inst/upg_rst_i_IBUF_inst 
Resolution: The tool has removed redundant IBUF. To resolve this warning, check for redundant IBUF in the input design.
WARNING: [Opt 31-35] Removing redundant IBUF, uart/inst/upg_inst/upg_rx_i_IBUF_inst, from the path connected to top-level port: rx 
Resolution: The tool has removed redundant IBUF. To resolve this warning, check for redundant IBUF in the input design.
WARNING: [Opt 31-33] Removing redundant OBUF since it is not driving a top-level port. uart/inst/upg_inst/upg_adr_o_OBUF[0]_inst 
Resolution: The tool has removed redundant OBUF. To resolve this warning, check for redundant OBUF in the input design.
WARNING: [Opt 31-33] Removing redundant OBUF since it is not driving a top-level port. uart/inst/upg_inst/upg_adr_o_OBUF[10]_inst 
Resolution: The tool has removed redundant OBUF. To resolve this warning, check for redundant OBUF in the input design.
WARNING: [Opt 31-33] Removing redundant OBUF since it is not driving a top-level port. uart/inst/upg_inst/upg_adr_o_OBUF[11]_inst 
Resolution: The tool has removed redundant OBUF. To resolve this warning, check for redundant OBUF in the input design.
WARNING: [Opt 31-33] Removing redundant OBUF since it is not driving a top-level port. uart/inst/upg_inst/upg_adr_o_OBUF[12]_inst 
Resolution: The tool has removed redundant OBUF. To resolve this warning, check for redundant OBUF in the input design.
WARNING: [Opt 31-33] Removing redundant OBUF since it is not driving a top-level port. uart/inst/upg_inst/upg_adr_o_OBUF[13]_inst 
Resolution: The tool has removed redundant OBUF. To resolve this warning, check for redundant OBUF in the input design.
WARNING: [Opt 31-33] Removing redundant OBUF since it is not driving a top-level port. uart/inst/upg_inst/upg_adr_o_OBUF[14]_inst 
Resolution: The tool has removed redundant OBUF. To resolve this warning, check for redundant OBUF in the input design.
WARNING: [Opt 31-33] Removing redundant OBUF since it is not driving a top-level port. uart/inst/upg_inst/upg_adr_o_OBUF[1]_inst 
Resolution: The tool has removed redundant OBUF. To resolve this warning, check for redundant OBUF in the input design.
WARNING: [Opt 31-33] Removing redundant OBUF since it is not driving a top-level port. uart/inst/upg_inst/upg_adr_o_OBUF[2]_inst 
Resolution: The tool has removed redundant OBUF. To resolve this warning, check for redundant OBUF in the input design.
WARNING: [Opt 31-33] Removing redundant OBUF since it is not driving a top-level port. uart/inst/upg_inst/upg_adr_o_OBUF[3]_inst 
Resolution: The tool has removed redundant OBUF. To resolve this warning, check for redundant OBUF in the input design.
WARNING: [Opt 31-33] Removing redundant OBUF since it is not driving a top-level port. uart/inst/upg_inst/upg_adr_o_OBUF[4]_inst 
Resolution: The tool has removed redundant OBUF. To resolve this warning, check for redundant OBUF in the input design.
WARNING: [Opt 31-33] Removing redundant OBUF since it is not driving a top-level port. uart/inst/upg_inst/upg_adr_o_OBUF[5]_inst 
Resolution: The tool has removed redundant OBUF. To resolve this warning, check for redundant OBUF in the input design.
WARNING: [Opt 31-33] Removing redundant OBUF since it is not driving a top-level port. uart/inst/upg_inst/upg_adr_o_OBUF[6]_inst 
Resolution: The tool has removed redundant OBUF. To resolve this warning, check for redundant OBUF in the input design.
WARNING: [Opt 31-33] Removing redundant OBUF since it is not driving a top-level port. uart/inst/upg_inst/upg_adr_o_OBUF[7]_inst 
Resolution: The tool has removed redundant OBUF. To resolve this warning, check for redundant OBUF in the input design.
WARNING: [Opt 31-33] Removing redundant OBUF since it is not driving a top-level port. uart/inst/upg_inst/upg_adr_o_OBUF[8]_inst 
Resolution: The tool has removed redundant OBUF. To resolve this warning, check for redundant OBUF in the input design.
WARNING: [Opt 31-33] Removing redundant OBUF since it is not driving a top-level port. uart/inst/upg_inst/upg_adr_o_OBUF[9]_inst 
Resolution: The tool has removed redundant OBUF. To resolve this warning, check for redundant OBUF in the input design.
WARNING: [Opt 31-33] Removing redundant OBUF since it is not driving a top-level port. uart/inst/upg_inst/upg_clk_o_OBUF_inst 
Resolution: The tool has removed redundant OBUF. To resolve this warning, check for redundant OBUF in the input design.
WARNING: [Opt 31-33] Removing redundant OBUF since it is not driving a top-level port. uart/inst/upg_inst/upg_dat_o_OBUF[0]_inst 
Resolution: The tool has removed redundant OBUF. To resolve this warning, check for redundant OBUF in the input design.
WARNING: [Opt 31-33] Removing redundant OBUF since it is not driving a top-level port. uart/inst/upg_inst/upg_dat_o_OBUF[10]_inst 
Resolution: The tool has removed redundant OBUF. To resolve this warning, check for redundant OBUF in the input design.
WARNING: [Opt 31-33] Removing redundant OBUF since it is not driving a top-level port. uart/inst/upg_inst/upg_dat_o_OBUF[11]_inst 
Resolution: The tool has removed redundant OBUF. To resolve this warning, check for redundant OBUF in the input design.
WARNING: [Opt 31-33] Removing redundant OBUF since it is not driving a top-level port. uart/inst/upg_inst/upg_dat_o_OBUF[12]_inst 
Resolution: The tool has removed redundant OBUF. To resolve this warning, check for redundant OBUF in the input design.
WARNING: [Opt 31-33] Removing redundant OBUF since it is not driving a top-level port. uart/inst/upg_inst/upg_dat_o_OBUF[13]_inst 
Resolution: The tool has removed redundant OBUF. To resolve this warning, check for redundant OBUF in the input design.
WARNING: [Opt 31-33] Removing redundant OBUF since it is not driving a top-level port. uart/inst/upg_inst/upg_dat_o_OBUF[14]_inst 
Resolution: The tool has removed redundant OBUF. To resolve this warning, check for redundant OBUF in the input design.
WARNING: [Opt 31-33] Removing redundant OBUF since it is not driving a top-level port. uart/inst/upg_inst/upg_dat_o_OBUF[15]_inst 
Resolution: The tool has removed redundant OBUF. To resolve this warning, check for redundant OBUF in the input design.
WARNING: [Opt 31-33] Removing redundant OBUF since it is not driving a top-level port. uart/inst/upg_inst/upg_dat_o_OBUF[16]_inst 
Resolution: The tool has removed redundant OBUF. To resolve this warning, check for redundant OBUF in the input design.
WARNING: [Opt 31-33] Removing redundant OBUF since it is not driving a top-level port. uart/inst/upg_inst/upg_dat_o_OBUF[17]_inst 
Resolution: The tool has removed redundant OBUF. To resolve this warning, check for redundant OBUF in the input design.
WARNING: [Opt 31-33] Removing redundant OBUF since it is not driving a top-level port. uart/inst/upg_inst/upg_dat_o_OBUF[18]_inst 
Resolution: The tool has removed redundant OBUF. To resolve this warning, check for redundant OBUF in the input design.
WARNING: [Opt 31-33] Removing redundant OBUF since it is not driving a top-level port. uart/inst/upg_inst/upg_dat_o_OBUF[19]_inst 
Resolution: The tool has removed redundant OBUF. To resolve this warning, check for redundant OBUF in the input design.
WARNING: [Opt 31-33] Removing redundant OBUF since it is not driving a top-level port. uart/inst/upg_inst/upg_dat_o_OBUF[1]_inst 
Resolution: The tool has removed redundant OBUF. To resolve this warning, check for redundant OBUF in the input design.
WARNING: [Opt 31-33] Removing redundant OBUF since it is not driving a top-level port. uart/inst/upg_inst/upg_dat_o_OBUF[20]_inst 
Resolution: The tool has removed redundant OBUF. To resolve this warning, check for redundant OBUF in the input design.
WARNING: [Opt 31-33] Removing redundant OBUF since it is not driving a top-level port. uart/inst/upg_inst/upg_dat_o_OBUF[21]_inst 
Resolution: The tool has removed redundant OBUF. To resolve this warning, check for redundant OBUF in the input design.
WARNING: [Opt 31-33] Removing redundant OBUF since it is not driving a top-level port. uart/inst/upg_inst/upg_dat_o_OBUF[22]_inst 
Resolution: The tool has removed redundant OBUF. To resolve this warning, check for redundant OBUF in the input design.
WARNING: [Opt 31-33] Removing redundant OBUF since it is not driving a top-level port. uart/inst/upg_inst/upg_dat_o_OBUF[23]_inst 
Resolution: The tool has removed redundant OBUF. To resolve this warning, check for redundant OBUF in the input design.
WARNING: [Opt 31-33] Removing redundant OBUF since it is not driving a top-level port. uart/inst/upg_inst/upg_dat_o_OBUF[24]_inst 
Resolution: The tool has removed redundant OBUF. To resolve this warning, check for redundant OBUF in the input design.
WARNING: [Opt 31-33] Removing redundant OBUF since it is not driving a top-level port. uart/inst/upg_inst/upg_dat_o_OBUF[25]_inst 
Resolution: The tool has removed redundant OBUF. To resolve this warning, check for redundant OBUF in the input design.
WARNING: [Opt 31-33] Removing redundant OBUF since it is not driving a top-level port. uart/inst/upg_inst/upg_dat_o_OBUF[26]_inst 
Resolution: The tool has removed redundant OBUF. To resolve this warning, check for redundant OBUF in the input design.
WARNING: [Opt 31-33] Removing redundant OBUF since it is not driving a top-level port. uart/inst/upg_inst/upg_dat_o_OBUF[27]_inst 
Resolution: The tool has removed redundant OBUF. To resolve this warning, check for redundant OBUF in the input design.
WARNING: [Opt 31-33] Removing redundant OBUF since it is not driving a top-level port. uart/inst/upg_inst/upg_dat_o_OBUF[28]_inst 
Resolution: The tool has removed redundant OBUF. To resolve this warning, check for redundant OBUF in the input design.
WARNING: [Opt 31-33] Removing redundant OBUF since it is not driving a top-level port. uart/inst/upg_inst/upg_dat_o_OBUF[29]_inst 
Resolution: The tool has removed redundant OBUF. To resolve this warning, check for redundant OBUF in the input design.
WARNING: [Opt 31-33] Removing redundant OBUF since it is not driving a top-level port. uart/inst/upg_inst/upg_dat_o_OBUF[2]_inst 
Resolution: The tool has removed redundant OBUF. To resolve this warning, check for redundant OBUF in the input design.
WARNING: [Opt 31-33] Removing redundant OBUF since it is not driving a top-level port. uart/inst/upg_inst/upg_dat_o_OBUF[30]_inst 
Resolution: The tool has removed redundant OBUF. To resolve this warning, check for redundant OBUF in the input design.
WARNING: [Opt 31-33] Removing redundant OBUF since it is not driving a top-level port. uart/inst/upg_inst/upg_dat_o_OBUF[31]_inst 
Resolution: The tool has removed redundant OBUF. To resolve this warning, check for redundant OBUF in the input design.
WARNING: [Opt 31-33] Removing redundant OBUF since it is not driving a top-level port. uart/inst/upg_inst/upg_dat_o_OBUF[3]_inst 
Resolution: The tool has removed redundant OBUF. To resolve this warning, check for redundant OBUF in the input design.
WARNING: [Opt 31-33] Removing redundant OBUF since it is not driving a top-level port. uart/inst/upg_inst/upg_dat_o_OBUF[4]_inst 
Resolution: The tool has removed redundant OBUF. To resolve this warning, check for redundant OBUF in the input design.
WARNING: [Opt 31-33] Removing redundant OBUF since it is not driving a top-level port. uart/inst/upg_inst/upg_dat_o_OBUF[5]_inst 
Resolution: The tool has removed redundant OBUF. To resolve this warning, check for redundant OBUF in the input design.
WARNING: [Opt 31-33] Removing redundant OBUF since it is not driving a top-level port. uart/inst/upg_inst/upg_dat_o_OBUF[6]_inst 
Resolution: The tool has removed redundant OBUF. To resolve this warning, check for redundant OBUF in the input design.
WARNING: [Opt 31-33] Removing redundant OBUF since it is not driving a top-level port. uart/inst/upg_inst/upg_dat_o_OBUF[7]_inst 
Resolution: The tool has removed redundant OBUF. To resolve this warning, check for redundant OBUF in the input design.
WARNING: [Opt 31-33] Removing redundant OBUF since it is not driving a top-level port. uart/inst/upg_inst/upg_dat_o_OBUF[8]_inst 
Resolution: The tool has removed redundant OBUF. To resolve this warning, check for redundant OBUF in the input design.
WARNING: [Opt 31-33] Removing redundant OBUF since it is not driving a top-level port. uart/inst/upg_inst/upg_dat_o_OBUF[9]_inst 
Resolution: The tool has removed redundant OBUF. To resolve this warning, check for redundant OBUF in the input design.
WARNING: [Opt 31-33] Removing redundant OBUF since it is not driving a top-level port. uart/inst/upg_inst/upg_done_o_OBUF_inst 
Resolution: The tool has removed redundant OBUF. To resolve this warning, check for redundant OBUF in the input design.
WARNING: [Opt 31-33] Removing redundant OBUF since it is not driving a top-level port. uart/inst/upg_inst/upg_tx_o_OBUF_inst 
Resolution: The tool has removed redundant OBUF. To resolve this warning, check for redundant OBUF in the input design.
WARNING: [Opt 31-33] Removing redundant OBUF since it is not driving a top-level port. uart/inst/upg_inst/upg_wen_o_OBUF_inst 
Resolution: The tool has removed redundant OBUF. To resolve this warning, check for redundant OBUF in the input design.
WARNING: [Constraints 18-550] Could not create 'IBUF_LOW_PWR' constraint because net 'cclk/clk_in1' is not directly connected to top level port. 'IBUF_LOW_PWR' is ignored by Vivado but preserved for implementation tool. [C:/Users/Administrator/Desktop/CPU_1/.Xil/Vivado-5092-S210-08/dcp25/cpuclk.edf:264]
Parsing XDC File [c:/Users/Administrator/Desktop/CPU_1/CPU_1.srcs/sources_1/ip/cpuclk/cpuclk_board.xdc] for cell 'cclk/inst'
Finished Parsing XDC File [c:/Users/Administrator/Desktop/CPU_1/CPU_1.srcs/sources_1/ip/cpuclk/cpuclk_board.xdc] for cell 'cclk/inst'
Parsing XDC File [c:/Users/Administrator/Desktop/CPU_1/CPU_1.srcs/sources_1/ip/cpuclk/cpuclk.xdc] for cell 'cclk/inst'
INFO: [Timing 38-35] Done setting XDC timing constraints. [c:/Users/Administrator/Desktop/CPU_1/CPU_1.srcs/sources_1/ip/cpuclk/cpuclk.xdc:57]
INFO: [Timing 38-2] Deriving generated clocks [c:/Users/Administrator/Desktop/CPU_1/CPU_1.srcs/sources_1/ip/cpuclk/cpuclk.xdc:57]
Finished Parsing XDC File [c:/Users/Administrator/Desktop/CPU_1/CPU_1.srcs/sources_1/ip/cpuclk/cpuclk.xdc] for cell 'cclk/inst'
Parsing XDC File [C:/Users/Administrator/Desktop/CPU_1/CPU_1.srcs/constrs_1/new/c.xdc]
Finished Parsing XDC File [C:/Users/Administrator/Desktop/CPU_1/CPU_1.srcs/constrs_1/new/c.xdc]
INFO: [Opt 31-138] Pushed 0 inverter(s) to 0 load pin(s).
INFO: [Project 1-111] Unisim Transformation Summary:
No Unisim elements were transformed.

reset_run synth_1
launch_runs synth_1 -jobs 8
INFO: [Vivado 12-4149] The synthesis checkpoint for IP 'C:/Users/Administrator/Desktop/CPU_1/CPU_1.srcs/sources_1/ip/RAM/RAM.xci' is already up-to-date
[Wed May 17 00:25:31 2023] Launched synth_1...
Run output will be captured here: C:/Users/Administrator/Desktop/CPU_1/CPU_1.runs/synth_1/runme.log
close_design
open_run synth_1 -name synth_1
Design is defaulting to impl run constrset: constrs_1
Design is defaulting to synth run part: xc7a100tfgg484-1
INFO: [Project 1-454] Reading design checkpoint 'c:/Users/Administrator/Desktop/CPU_1/CPU_1.srcs/sources_1/ip/cpuclk/cpuclk.dcp' for cell 'cclk'
INFO: [Project 1-454] Reading design checkpoint 'c:/Users/Administrator/Desktop/CPU_1/CPU_1.srcs/sources_1/ip/uart_bmpg_0/uart_bmpg_0.dcp' for cell 'uart'
INFO: [Project 1-454] Reading design checkpoint 'c:/Users/Administrator/Desktop/CPU_1/CPU_1.srcs/sources_1/ip/RAM/RAM.dcp' for cell 'dm/ram'
INFO: [Project 1-454] Reading design checkpoint 'c:/Users/Administrator/Desktop/CPU_1/CPU_1.srcs/sources_1/ip/prgrom/prgrom.dcp' for cell 'pgr/instmem'
INFO: [Netlist 29-17] Analyzing 396 Unisim elements for replacement
INFO: [Netlist 29-28] Unisim Transformation completed in 0 CPU seconds
INFO: [Project 1-479] Netlist was created with Vivado 2017.4
INFO: [Project 1-570] Preparing netlist for logic optimization
WARNING: [Opt 31-35] Removing redundant IBUF, cclk/inst/clkin1_ibufg, from the path connected to top-level port: fpga_clk 
Resolution: The tool has removed redundant IBUF. To resolve this warning, check for redundant IBUF in the input design.
WARNING: [Opt 31-32] Removing redundant IBUF since it is not being driven by a top-level port. uart/inst/upg_inst/upg_clk_i_IBUF_inst 
Resolution: The tool has removed redundant IBUF. To resolve this warning, check for redundant IBUF in the input design.
WARNING: [Opt 31-32] Removing redundant IBUF since it is not being driven by a top-level port. uart/inst/upg_inst/upg_rst_i_IBUF_inst 
Resolution: The tool has removed redundant IBUF. To resolve this warning, check for redundant IBUF in the input design.
WARNING: [Opt 31-35] Removing redundant IBUF, uart/inst/upg_inst/upg_rx_i_IBUF_inst, from the path connected to top-level port: rx 
Resolution: The tool has removed redundant IBUF. To resolve this warning, check for redundant IBUF in the input design.
WARNING: [Opt 31-33] Removing redundant OBUF since it is not driving a top-level port. uart/inst/upg_inst/upg_adr_o_OBUF[0]_inst 
Resolution: The tool has removed redundant OBUF. To resolve this warning, check for redundant OBUF in the input design.
WARNING: [Opt 31-33] Removing redundant OBUF since it is not driving a top-level port. uart/inst/upg_inst/upg_adr_o_OBUF[10]_inst 
Resolution: The tool has removed redundant OBUF. To resolve this warning, check for redundant OBUF in the input design.
WARNING: [Opt 31-33] Removing redundant OBUF since it is not driving a top-level port. uart/inst/upg_inst/upg_adr_o_OBUF[11]_inst 
Resolution: The tool has removed redundant OBUF. To resolve this warning, check for redundant OBUF in the input design.
WARNING: [Opt 31-33] Removing redundant OBUF since it is not driving a top-level port. uart/inst/upg_inst/upg_adr_o_OBUF[12]_inst 
Resolution: The tool has removed redundant OBUF. To resolve this warning, check for redundant OBUF in the input design.
WARNING: [Opt 31-33] Removing redundant OBUF since it is not driving a top-level port. uart/inst/upg_inst/upg_adr_o_OBUF[13]_inst 
Resolution: The tool has removed redundant OBUF. To resolve this warning, check for redundant OBUF in the input design.
WARNING: [Opt 31-33] Removing redundant OBUF since it is not driving a top-level port. uart/inst/upg_inst/upg_adr_o_OBUF[14]_inst 
Resolution: The tool has removed redundant OBUF. To resolve this warning, check for redundant OBUF in the input design.
WARNING: [Opt 31-33] Removing redundant OBUF since it is not driving a top-level port. uart/inst/upg_inst/upg_adr_o_OBUF[1]_inst 
Resolution: The tool has removed redundant OBUF. To resolve this warning, check for redundant OBUF in the input design.
WARNING: [Opt 31-33] Removing redundant OBUF since it is not driving a top-level port. uart/inst/upg_inst/upg_adr_o_OBUF[2]_inst 
Resolution: The tool has removed redundant OBUF. To resolve this warning, check for redundant OBUF in the input design.
WARNING: [Opt 31-33] Removing redundant OBUF since it is not driving a top-level port. uart/inst/upg_inst/upg_adr_o_OBUF[3]_inst 
Resolution: The tool has removed redundant OBUF. To resolve this warning, check for redundant OBUF in the input design.
WARNING: [Opt 31-33] Removing redundant OBUF since it is not driving a top-level port. uart/inst/upg_inst/upg_adr_o_OBUF[4]_inst 
Resolution: The tool has removed redundant OBUF. To resolve this warning, check for redundant OBUF in the input design.
WARNING: [Opt 31-33] Removing redundant OBUF since it is not driving a top-level port. uart/inst/upg_inst/upg_adr_o_OBUF[5]_inst 
Resolution: The tool has removed redundant OBUF. To resolve this warning, check for redundant OBUF in the input design.
WARNING: [Opt 31-33] Removing redundant OBUF since it is not driving a top-level port. uart/inst/upg_inst/upg_adr_o_OBUF[6]_inst 
Resolution: The tool has removed redundant OBUF. To resolve this warning, check for redundant OBUF in the input design.
WARNING: [Opt 31-33] Removing redundant OBUF since it is not driving a top-level port. uart/inst/upg_inst/upg_adr_o_OBUF[7]_inst 
Resolution: The tool has removed redundant OBUF. To resolve this warning, check for redundant OBUF in the input design.
WARNING: [Opt 31-33] Removing redundant OBUF since it is not driving a top-level port. uart/inst/upg_inst/upg_adr_o_OBUF[8]_inst 
Resolution: The tool has removed redundant OBUF. To resolve this warning, check for redundant OBUF in the input design.
WARNING: [Opt 31-33] Removing redundant OBUF since it is not driving a top-level port. uart/inst/upg_inst/upg_adr_o_OBUF[9]_inst 
Resolution: The tool has removed redundant OBUF. To resolve this warning, check for redundant OBUF in the input design.
WARNING: [Opt 31-33] Removing redundant OBUF since it is not driving a top-level port. uart/inst/upg_inst/upg_clk_o_OBUF_inst 
Resolution: The tool has removed redundant OBUF. To resolve this warning, check for redundant OBUF in the input design.
WARNING: [Opt 31-33] Removing redundant OBUF since it is not driving a top-level port. uart/inst/upg_inst/upg_dat_o_OBUF[0]_inst 
Resolution: The tool has removed redundant OBUF. To resolve this warning, check for redundant OBUF in the input design.
WARNING: [Opt 31-33] Removing redundant OBUF since it is not driving a top-level port. uart/inst/upg_inst/upg_dat_o_OBUF[10]_inst 
Resolution: The tool has removed redundant OBUF. To resolve this warning, check for redundant OBUF in the input design.
WARNING: [Opt 31-33] Removing redundant OBUF since it is not driving a top-level port. uart/inst/upg_inst/upg_dat_o_OBUF[11]_inst 
Resolution: The tool has removed redundant OBUF. To resolve this warning, check for redundant OBUF in the input design.
WARNING: [Opt 31-33] Removing redundant OBUF since it is not driving a top-level port. uart/inst/upg_inst/upg_dat_o_OBUF[12]_inst 
Resolution: The tool has removed redundant OBUF. To resolve this warning, check for redundant OBUF in the input design.
WARNING: [Opt 31-33] Removing redundant OBUF since it is not driving a top-level port. uart/inst/upg_inst/upg_dat_o_OBUF[13]_inst 
Resolution: The tool has removed redundant OBUF. To resolve this warning, check for redundant OBUF in the input design.
WARNING: [Opt 31-33] Removing redundant OBUF since it is not driving a top-level port. uart/inst/upg_inst/upg_dat_o_OBUF[14]_inst 
Resolution: The tool has removed redundant OBUF. To resolve this warning, check for redundant OBUF in the input design.
WARNING: [Opt 31-33] Removing redundant OBUF since it is not driving a top-level port. uart/inst/upg_inst/upg_dat_o_OBUF[15]_inst 
Resolution: The tool has removed redundant OBUF. To resolve this warning, check for redundant OBUF in the input design.
WARNING: [Opt 31-33] Removing redundant OBUF since it is not driving a top-level port. uart/inst/upg_inst/upg_dat_o_OBUF[16]_inst 
Resolution: The tool has removed redundant OBUF. To resolve this warning, check for redundant OBUF in the input design.
WARNING: [Opt 31-33] Removing redundant OBUF since it is not driving a top-level port. uart/inst/upg_inst/upg_dat_o_OBUF[17]_inst 
Resolution: The tool has removed redundant OBUF. To resolve this warning, check for redundant OBUF in the input design.
WARNING: [Opt 31-33] Removing redundant OBUF since it is not driving a top-level port. uart/inst/upg_inst/upg_dat_o_OBUF[18]_inst 
Resolution: The tool has removed redundant OBUF. To resolve this warning, check for redundant OBUF in the input design.
WARNING: [Opt 31-33] Removing redundant OBUF since it is not driving a top-level port. uart/inst/upg_inst/upg_dat_o_OBUF[19]_inst 
Resolution: The tool has removed redundant OBUF. To resolve this warning, check for redundant OBUF in the input design.
WARNING: [Opt 31-33] Removing redundant OBUF since it is not driving a top-level port. uart/inst/upg_inst/upg_dat_o_OBUF[1]_inst 
Resolution: The tool has removed redundant OBUF. To resolve this warning, check for redundant OBUF in the input design.
WARNING: [Opt 31-33] Removing redundant OBUF since it is not driving a top-level port. uart/inst/upg_inst/upg_dat_o_OBUF[20]_inst 
Resolution: The tool has removed redundant OBUF. To resolve this warning, check for redundant OBUF in the input design.
WARNING: [Opt 31-33] Removing redundant OBUF since it is not driving a top-level port. uart/inst/upg_inst/upg_dat_o_OBUF[21]_inst 
Resolution: The tool has removed redundant OBUF. To resolve this warning, check for redundant OBUF in the input design.
WARNING: [Opt 31-33] Removing redundant OBUF since it is not driving a top-level port. uart/inst/upg_inst/upg_dat_o_OBUF[22]_inst 
Resolution: The tool has removed redundant OBUF. To resolve this warning, check for redundant OBUF in the input design.
WARNING: [Opt 31-33] Removing redundant OBUF since it is not driving a top-level port. uart/inst/upg_inst/upg_dat_o_OBUF[23]_inst 
Resolution: The tool has removed redundant OBUF. To resolve this warning, check for redundant OBUF in the input design.
WARNING: [Opt 31-33] Removing redundant OBUF since it is not driving a top-level port. uart/inst/upg_inst/upg_dat_o_OBUF[24]_inst 
Resolution: The tool has removed redundant OBUF. To resolve this warning, check for redundant OBUF in the input design.
WARNING: [Opt 31-33] Removing redundant OBUF since it is not driving a top-level port. uart/inst/upg_inst/upg_dat_o_OBUF[25]_inst 
Resolution: The tool has removed redundant OBUF. To resolve this warning, check for redundant OBUF in the input design.
WARNING: [Opt 31-33] Removing redundant OBUF since it is not driving a top-level port. uart/inst/upg_inst/upg_dat_o_OBUF[26]_inst 
Resolution: The tool has removed redundant OBUF. To resolve this warning, check for redundant OBUF in the input design.
WARNING: [Opt 31-33] Removing redundant OBUF since it is not driving a top-level port. uart/inst/upg_inst/upg_dat_o_OBUF[27]_inst 
Resolution: The tool has removed redundant OBUF. To resolve this warning, check for redundant OBUF in the input design.
WARNING: [Opt 31-33] Removing redundant OBUF since it is not driving a top-level port. uart/inst/upg_inst/upg_dat_o_OBUF[28]_inst 
Resolution: The tool has removed redundant OBUF. To resolve this warning, check for redundant OBUF in the input design.
WARNING: [Opt 31-33] Removing redundant OBUF since it is not driving a top-level port. uart/inst/upg_inst/upg_dat_o_OBUF[29]_inst 
Resolution: The tool has removed redundant OBUF. To resolve this warning, check for redundant OBUF in the input design.
WARNING: [Opt 31-33] Removing redundant OBUF since it is not driving a top-level port. uart/inst/upg_inst/upg_dat_o_OBUF[2]_inst 
Resolution: The tool has removed redundant OBUF. To resolve this warning, check for redundant OBUF in the input design.
WARNING: [Opt 31-33] Removing redundant OBUF since it is not driving a top-level port. uart/inst/upg_inst/upg_dat_o_OBUF[30]_inst 
Resolution: The tool has removed redundant OBUF. To resolve this warning, check for redundant OBUF in the input design.
WARNING: [Opt 31-33] Removing redundant OBUF since it is not driving a top-level port. uart/inst/upg_inst/upg_dat_o_OBUF[31]_inst 
Resolution: The tool has removed redundant OBUF. To resolve this warning, check for redundant OBUF in the input design.
WARNING: [Opt 31-33] Removing redundant OBUF since it is not driving a top-level port. uart/inst/upg_inst/upg_dat_o_OBUF[3]_inst 
Resolution: The tool has removed redundant OBUF. To resolve this warning, check for redundant OBUF in the input design.
WARNING: [Opt 31-33] Removing redundant OBUF since it is not driving a top-level port. uart/inst/upg_inst/upg_dat_o_OBUF[4]_inst 
Resolution: The tool has removed redundant OBUF. To resolve this warning, check for redundant OBUF in the input design.
WARNING: [Opt 31-33] Removing redundant OBUF since it is not driving a top-level port. uart/inst/upg_inst/upg_dat_o_OBUF[5]_inst 
Resolution: The tool has removed redundant OBUF. To resolve this warning, check for redundant OBUF in the input design.
WARNING: [Opt 31-33] Removing redundant OBUF since it is not driving a top-level port. uart/inst/upg_inst/upg_dat_o_OBUF[6]_inst 
Resolution: The tool has removed redundant OBUF. To resolve this warning, check for redundant OBUF in the input design.
WARNING: [Opt 31-33] Removing redundant OBUF since it is not driving a top-level port. uart/inst/upg_inst/upg_dat_o_OBUF[7]_inst 
Resolution: The tool has removed redundant OBUF. To resolve this warning, check for redundant OBUF in the input design.
WARNING: [Opt 31-33] Removing redundant OBUF since it is not driving a top-level port. uart/inst/upg_inst/upg_dat_o_OBUF[8]_inst 
Resolution: The tool has removed redundant OBUF. To resolve this warning, check for redundant OBUF in the input design.
WARNING: [Opt 31-33] Removing redundant OBUF since it is not driving a top-level port. uart/inst/upg_inst/upg_dat_o_OBUF[9]_inst 
Resolution: The tool has removed redundant OBUF. To resolve this warning, check for redundant OBUF in the input design.
WARNING: [Opt 31-33] Removing redundant OBUF since it is not driving a top-level port. uart/inst/upg_inst/upg_done_o_OBUF_inst 
Resolution: The tool has removed redundant OBUF. To resolve this warning, check for redundant OBUF in the input design.
WARNING: [Opt 31-33] Removing redundant OBUF since it is not driving a top-level port. uart/inst/upg_inst/upg_tx_o_OBUF_inst 
Resolution: The tool has removed redundant OBUF. To resolve this warning, check for redundant OBUF in the input design.
WARNING: [Opt 31-33] Removing redundant OBUF since it is not driving a top-level port. uart/inst/upg_inst/upg_wen_o_OBUF_inst 
Resolution: The tool has removed redundant OBUF. To resolve this warning, check for redundant OBUF in the input design.
WARNING: [Constraints 18-550] Could not create 'IBUF_LOW_PWR' constraint because net 'cclk/clk_in1' is not directly connected to top level port. 'IBUF_LOW_PWR' is ignored by Vivado but preserved for implementation tool. [C:/Users/Administrator/Desktop/CPU_1/.Xil/Vivado-5092-S210-08/dcp34/cpuclk.edf:264]
Parsing XDC File [c:/Users/Administrator/Desktop/CPU_1/CPU_1.srcs/sources_1/ip/cpuclk/cpuclk_board.xdc] for cell 'cclk/inst'
Finished Parsing XDC File [c:/Users/Administrator/Desktop/CPU_1/CPU_1.srcs/sources_1/ip/cpuclk/cpuclk_board.xdc] for cell 'cclk/inst'
Parsing XDC File [c:/Users/Administrator/Desktop/CPU_1/CPU_1.srcs/sources_1/ip/cpuclk/cpuclk.xdc] for cell 'cclk/inst'
INFO: [Timing 38-35] Done setting XDC timing constraints. [c:/Users/Administrator/Desktop/CPU_1/CPU_1.srcs/sources_1/ip/cpuclk/cpuclk.xdc:57]
INFO: [Timing 38-2] Deriving generated clocks [c:/Users/Administrator/Desktop/CPU_1/CPU_1.srcs/sources_1/ip/cpuclk/cpuclk.xdc:57]
Finished Parsing XDC File [c:/Users/Administrator/Desktop/CPU_1/CPU_1.srcs/sources_1/ip/cpuclk/cpuclk.xdc] for cell 'cclk/inst'
Parsing XDC File [C:/Users/Administrator/Desktop/CPU_1/CPU_1.srcs/constrs_1/new/c.xdc]
Finished Parsing XDC File [C:/Users/Administrator/Desktop/CPU_1/CPU_1.srcs/constrs_1/new/c.xdc]
INFO: [Opt 31-138] Pushed 0 inverter(s) to 0 load pin(s).
INFO: [Project 1-111] Unisim Transformation Summary:
No Unisim elements were transformed.

exit
INFO: [Common 17-206] Exiting Vivado at Wed May 17 00:30:52 2023...
