#-----------------------------------------------------------
# Vivado v2017.4 (64-bit)
# SW Build 2086221 on Fri Dec 15 20:55:39 MST 2017
# IP Build 2085800 on Fri Dec 15 22:25:07 MST 2017
# Start of session at: Fri May 19 16:18:22 2023
# Process ID: 45340
# Current directory: D:/ProProject/CS202/CPU/CPU_1
# Command line: vivado.exe -gui_launcher_event rodinguilauncherevent45124 D:\ProProject\CS202\CPU\CPU_1\CPU_1.xpr
# Log file: D:/ProProject/CS202/CPU/CPU_1/vivado.log
# Journal file: D:/ProProject/CS202/CPU/CPU_1\vivado.jou
#-----------------------------------------------------------
start_gui
open_project D:/ProProject/CS202/CPU/CPU_1/CPU_1.xpr
INFO: [Project 1-313] Project file moved from 'C:/Users/Administrator/Desktop/CPU_1' since last save.
Scanning sources...
Finished scanning sources
INFO: [IP_Flow 19-234] Refreshing IP repositories
INFO: [IP_Flow 19-1700] Loaded user IP repository 'd:/ProProject/CS202/CPU/CPU_1/CPU_1.srcs/sources_1/ip/SEU_CSE_507_user_uart_bmpg_1.3'.
INFO: [IP_Flow 19-2313] Loaded Vivado IP repository 'D:/ProTools/Xilinx/Vivado/2017.4/data/ip'.
update_compile_order -fileset sources_1
exit
INFO: [Common 17-206] Exiting Vivado at Fri May 19 20:12:36 2023...
