#-----------------------------------------------------------
# Vivado v2017.4 (64-bit)
# SW Build 2086221 on Fri Dec 15 20:55:39 MST 2017
# IP Build 2085800 on Fri Dec 15 22:25:07 MST 2017
# Start of session at: Mon May 22 17:03:02 2023
# Process ID: 2040
# Current directory: D:/360安全浏览器下载/CPU_1
# Command line: vivado.exe -gui_launcher_event rodinguilauncherevent6968 D:\360安全浏览器下载\CPU_1\CPU_1.xpr
# Log file: D:/360安全浏览器下载/CPU_1/vivado.log
# Journal file: D:/360安全浏览器下载/CPU_1\vivado.jou
#-----------------------------------------------------------
start_gui
open_project D:/360安全浏览器下载/CPU_1/CPU_1.xpr
INFO: [Project 1-313] Project file moved from 'C:/Users/Administrator/Desktop/CPU_1' since last save.
Scanning sources...
Finished scanning sources
INFO: [IP_Flow 19-234] Refreshing IP repositories
INFO: [IP_Flow 19-1700] Loaded user IP repository 'd:/360安全浏览器下载/CPU_1/CPU_1.srcs/sources_1/ip/SEU_CSE_507_user_uart_bmpg_1.3'.
INFO: [IP_Flow 19-2313] Loaded Vivado IP repository 'C:/Xilinx/Vivado/2017.4/data/ip'.
open_project: Time (s): cpu = 00:00:14 ; elapsed = 00:00:07 . Memory (MB): peak = 778.992 ; gain = 82.395
update_compile_order -fileset sources_1
open_hw
connect_hw_server
INFO: [Labtools 27-2285] Connecting to hw_server url TCP:localhost:3121
INFO: [Labtools 27-2222] Launching hw_server...
INFO: [Labtools 27-2221] Launch Output:

****** Xilinx hw_server v2017.4
  **** Build date : Dec 15 2017-21:08:27
    ** Copyright 1986-2017 Xilinx, Inc. All Rights Reserved.


connect_hw_server: Time (s): cpu = 00:00:01 ; elapsed = 00:00:05 . Memory (MB): peak = 791.703 ; gain = 4.598
open_hw_target
INFO: [Labtoolstcl 44-466] Opening hw_target localhost:3121/xilinx_tcf/Xilinx/1234-tulA
ERROR: [Labtools 27-2269] No devices detected on target localhost:3121/xilinx_tcf/Xilinx/1234-tulA.
Check cable connectivity and that the target board is powered up then
use the disconnect_hw_server and connect_hw_server to re-register this hardware target.
ERROR: [Common 17-39] 'open_hw_target' failed due to earlier errors.
disconnect_hw_server
connect_hw_server
INFO: [Labtools 27-2285] Connecting to hw_server url TCP:localhost:3121
INFO: [Labtools 27-2222] Launching hw_server...
INFO: [Labtools 27-2221] Launch Output:

****** Xilinx hw_server v2017.4
  **** Build date : Dec 15 2017-21:08:27
    ** Copyright 1986-2017 Xilinx, Inc. All Rights Reserved.


disconnect_hw_server localhost:3121
connect_hw_server
INFO: [Labtools 27-2285] Connecting to hw_server url TCP:localhost:3121
open_hw_target
INFO: [Labtoolstcl 44-466] Opening hw_target localhost:3121/xilinx_tcf/Xilinx/1234-tulA
set_property PROGRAM.FILE {D:/360安全浏览器下载/CPU_1/CPU_1.runs/impl_2/Top.bit} [get_hw_devices xc7a35t_0]
current_hw_device [get_hw_devices xc7a35t_0]
refresh_hw_device -update_hw_probes false [lindex [get_hw_devices xc7a35t_0] 0]
INFO: [Labtools 27-1434] Device xc7a35t (JTAG device index = 0) is programmed with a design that has no supported debug core(s) in it.
WARNING: [Labtools 27-3361] The debug hub core was not detected.
Resolution: 
1. Make sure the clock connected to the debug hub (dbg_hub) core is a free running clock and is active.
2. Make sure the BSCAN_SWITCH_USER_MASK device property in Vivado Hardware Manager reflects the user scan chain setting in the design and refresh the device.  To determine the user scan chain setting in the design, open the implemented design and use 'get_property C_USER_SCAN_CHAIN [get_debug_cores dbg_hub]'.
For more details on setting the scan chain property, consult the Vivado Debug and Programming User Guide (UG908).
reset_run impl_2 -prev_step 
launch_runs impl_2 -to_step write_bitstream -jobs 4
[Mon May 22 17:14:30 2023] Launched impl_2...
Run output will be captured here: D:/360安全浏览器下载/CPU_1/CPU_1.runs/impl_2/runme.log
exit
INFO: [Common 17-206] Exiting Vivado at Mon May 22 17:16:29 2023...
