Vivado Simulator 2017.4
Time resolution is 1 ps
@@@@@@@@@@1@@@@@@@@@@
0 0 0 0 0 0 0 0          0          0          0
@@@@@@@@@@1@@@@@@@@@@
@@@@@@@@@@2@@@@@@@@@@
0 0 1 0 0 0 0 1         20          0 1006829567         24
@@@@@@@@@@2@@@@@@@@@@
@@@@@@@@@@3@@@@@@@@@@
0 0 0 1 0 0 0 0         32          0 1006829567         36
@@@@@@@@@@3@@@@@@@@@@
@@@@@@@@@@4@@@@@@@@@@
0 0 0 0 0 1 0 0          0          0 1006829567         36
@@@@@@@@@@4@@@@@@@@@@
@@@@@@@@@@5@@@@@@@@@@
0 0 0 0 1 0 0 0          0          0 1006829567
@@@@@@@@@@5@@@@@@@@@@
@@@@@@@@@@6@@@@@@@@@@
0 0 0 0 0 0 1 0          0         44 1006829567
@@@@@@@@@@6@@@@@@@@@@
@@@@@@@@@@7@@@@@@@@@@
0 0 1 0 0 0 0 0          0          0 1006829567         52
@@@@@@@@@@7@@@@@@@@@@
@@@@@@@@@@8@@@@@@@@@@
0 0 0 1 0 0 0 1          0          0 1006829567         56
@@@@@@@@@@8@@@@@@@@@@
@@@@@@@@@@9@@@@@@@@@@
0 0 1 0 0 0 0 1          0          0 1006829567          4
@@@@@@@@@@9@@@@@@@@@@
$finish called at time : 130 ns : File "C:/Users/gmcc/Desktop/cpu1/CPU_1/CPU_1.srcs/sim_1/new/ifetc32_tb.v" Line 33
